2382 1 724548 748855 2.51457e-11 3.01749e-10 6.35544e-06 1.45503e-05 0.0702749 -0.158471 -0.0015693 0.0701357 -0.158269 -0.00156614 0.594278 0.302783 0.00774725 0.626036 0.255155 0.0110958 0 0 0 440.174 305.968 -300.459
2382.12 1 93140 788554 7.57263e-07 2.51457e-11 0.00019773 6.35544e-06 -0.132688 -0.10051 -5.04404e-08 -0.132639 -0.100339 -0.000102609 0.422081 -0.544939 -0.000247919 0.417544 -0.618619 0.0436911 13.6319 -52.5768 -39.9359 0 0 0
2382.21 1 230621 329667 1.44528e-06 1.00583e-10 0.000245268 1.00886e-05 0.0476748 -0.0398297 0.000159599 0.0476936 -0.0395906 0.000252387 0.743519 0.82739 -0.000963715 0.762472 0.739703 0.0557191 213.042 182.933 -46.8944 -78.7911 375.52 -278.093
2382.24 1 93140 285525 7.57289e-07 5.02914e-11 0.000197733 8.00736e-06 -0.0620148 -0.153193 -3.05008e-05 -0.0619869 -0.153108 0.000158858 0.647373 -0.250464 -0.000208529 0.60047 -0.319526 -0.0402576 13.631 -52.5776 -39.9398 -8.49148 554.371 1208.52
2382.38 1 179487 354521 1.65024e-06 1.00583e-10 0.000256354 1.00886e-05 0.0696421 0.0113643 -7.09694e-05 0.0697161 0.0112746 -0.000317348 -0.17778 1.05799 -0.00376095 -0.401464 1.0476 0.0608369 -59.5644 -26.0643 86.3367 1215.05 -2380.45 2917.53
2382.63 1 63200 232235 1.50874e-10 1.35787e-09 1.15486e-05 2.40221e-05 0.142466 0.0624234 -0.00169378 0.142446 0.0624328 -0.00166154 -0.308187 0.648714 0.00505172 -0.238013 0.642758 -0.039113 514.749 -882.972 -681.515 792.802 -1377.42 -1741.03
2382.68 1 285941 11346 2.51457e-11 5.63264e-09 6.35544e-06 3.85977e-05 0.176786 -0.043851 0.00193653 0.176748 -0.0438751 0.00192496 0.167671 0.62159 -0.0186793 0.218013 0.619453 -0.0147592 0 0 0 -293.54 216.789 306.018
2382.84 1 12689 56440 1.13993e-06 2.51457e-10 0.000226613 1.36924e-05 0.068044 0.102081 -0.000173032 0.0678673 0.102069 -9.24425e-06 -0.672029 0.443283 -0.00216914 -0.61277 0.52434 0.0356413 -2.54007 -51.037 143.81 -1122.7 -446.443 20.0277
2383.6 1 93140 55562 7.57339e-07 7.39284e-09 0.000197737 4.22599e-05 -0.129883 -0.104425 1.58521e-07 -0.129884 -0.104674 -6.19085e-06 0.436383 -0.532874 -0.000257694 0.469081 -0.452657 0.0148922 13.6706 -52.6046 -39.9266 490.088 119.618 52.6942
2383.97 1 235002 233613 1.70991e-09 1.7602e-10 2.59407e-05 1.21575e-05 0.101852 0.165801 -0.00251921 0.101874 0.165782 -0.00249156 -0.520981 0.319296 0.016866 -0.529001 0.352512 0.012834 -1837.29 -2030.12 -46.1129 981.584 -3139.27 3786.41
2384.12 1 241531 439319 6.38651e-07 2.51457e-11 0.000186815 6.35544e-06 0.107195 0.101343 0.000407667 0.107087 0.101344 0.000245447 -0.499614 0.542742 0.0014177 -0.455557 0.539386 0.0710084 13.8554 12.6163 -3.07208 0 0 0
2384.46 1 262076 240100 5.02914e-11 7.06595e-09 8.00736e-06 4.16276e-05 -0.129497 -0.118445 0.00412423 -0.129456 -0.118415 0.00414195 0.47973 -0.476364 -0.00796776 0.405998 -0.48679 0.0125352 -5235.3 -1621.31 2577.12 1013.56 39.8953 -763.449
2385.02 1 117517 30306 1.7602e-10 2.51457e-10 1.21575e-05 1.36924e-05 -0.022047 -0.155417 -0.00149956 -0.0220573 -0.155397 -0.00148334 0.678194 -0.078439 0.0379322 0.709838 -0.101057 -0.016718 -1441.73 2614.65 -7329.74 543.942 -870.073 -120.279
2385.26 1 93140 518503 7.64732e-07 1.33272e-09 0.000198378 2.38729e-05 -0.0294499 -0.162389 -1.26417e-05 -0.0294148 -0.162268 0.000173695 0.68581 -0.112174 6.63092e-05 0.692516 -0.191381 -0.0172789 11.6781 -51.8315 -34.3143 -178.133 -14.6309 256.07
2385.33 1 93140 18392 7.66064e-07 2.13739e-09 0.000198493 2.79438e-05 0.0195879 -0.163012 -9.06432e-06 0.019662 -0.162843 0.000124667 0.691992 0.0956795 9.45889e-05 0.69103 0.00750104 -0.00861098 13.0359 -51.4768 -34.6038 -621.902 -210.362 -167.535
2385.37 1 610748 127338 2.51457e-10 1.7602e-10 1.36924e-05 1.21575e-05 -0.101354 0.0646776 -0.00309808 -0.10135 0.064652 -0.0031002 -0.428452 -0.698154 0.01581 -0.430056 -0.696277 0.0247418 397.419 879.519 -803.98 3325.45 724.035 -798.519
2386.09 1 416176 193477 5.02914e-11 2.51457e-11 8.00736e-06 6.35544e-06 -0.173858 -0.0362304 -0.0023111 -0.173864 -0.0362191 -0.00229985 0.134557 -0.62599 0.0440134 0.146904 -0.657382 0.0187664 204.479 -145.863 -2131.89 0 0 0
2386.1 1 72758 393928 2.01166e-10 1.55903e-09 1.27109e-05 2.51542e-05 -0.160348 -0.0631245 -0.000442336 -0.160343 -0.0631628 -0.000457873 0.317246 -0.630476 -0.00247177 0.311839 -0.595693 0.0213115 89.6554 -313.269 188.701 -326.667 287.454 -696.616
2386.37 1 513587 13257 1.50874e-10 3.01749e-10 1.15486e-05 1.45503e-05 -0.0381804 0.136563 0.00354254 -0.0381847 0.136598 0.00355216 -0.723089 -0.161328 -0.0280729 -0.707266 -0.208519 -0.0199295 -587.642 2647.22 520.06 -1108.45 616.179 -157.786
2386.47 1 179487 825161 1.65034e-06 2.51457e-11 0.000256359 6.35544e-06 -0.0514261 -0.0515302 0.00021256 -0.051367 -0.0514529 0.000456962 0.739622 -0.730131 0.00220024 0.802506 -0.74793 -0.132378 -59.5776 -25.9452 86.2799 0 0 0
2386.81 1 27608 288369 5.02914e-11 9.30392e-10 8.00736e-06 2.11777e-05 0.0782873 -0.181683 -0.00400836 0.0782744 -0.181713 -0.00400834 0.545987 0.226041 0.0191062 0.55688 0.276388 0.0104803 -314.253 342.225 -769.808 586.622 603.01 585.521
2387.15 1 349105 39858 1.13156e-09 5.02914e-11 2.26056e-05 8.00736e-06 -0.0925587 0.110889 0.00166206 -0.0924584 0.110679 0.00165179 -0.561779 -0.504543 0.0158738 -0.620595 -0.397429 0.0207316 -151.467 -278.017 2078.96 3673 -1831.29 -3776.68
2387.17 1 179487 73677 1.65036e-06 3.5204e-10 0.00025636 1.53175e-05 -0.0107946 0.0702883 -0.00024485 -0.0107191 0.0703357 1.49669e-05 -1.05428 -0.144622 0.00111181 -0.95965 -0.159874 -0.114309 -59.5796 -25.931 86.2743 -3781.9 463.079 -5276.97
2387.22 1 427147 398635 1.7602e-10 2.51457e-11 1.21575e-05 6.35544e-06 -0.183715 -0.00391217 -0.000831716 -0.183787 -0.00374656 -0.000817629 0.0263874 -0.622877 0.00884179 0.0417395 -0.663763 0.00346356 1510.58 1575.18 -4845.15 0 0 0
2387.54 1 241531 319427 6.38676e-07 1.50874e-10 0.000186818 1.15486e-05 0.0608675 -0.133082 -0.000385184 0.0609212 -0.133175 -0.000218018 0.673857 0.3144 0.00169071 0.597733 0.357368 0.0132386 13.8531 12.6166 -3.0709 -1183.83 873.45 145.831
2387.74 1 359319 399455 1.64342e-06 2.51457e-10 0.000256001 1.36924e-05 0.00386117 0.108043 -9.8917e-05 0.00385438 0.108108 -0.00036184 -0.855236 0.036193 0.0055566 -0.791217 -0.0554182 0.0810376 102.991 111.651 -50.075 -183.764 -322.417 600.848
2388 1 232120 282054 5.02914e-11 1.23214e-09 8.00736e-06 2.32565e-05 -0.10658 0.0117785 -0.000799164 -0.106492 0.0117405 -0.000770823 -0.05118 -0.898653 0.0357582 -0.182038 -0.859728 -0.0338261 -844.555 1102.43 -613.864 -1477.38 -437.727 -1646.05
2388.01 1 76848 269740 1.7602e-10 1.81049e-09 1.21575e-05 2.64397e-05 0.0956526 0.103301 -0.00223079 0.0956412 0.10326 -0.00222351 -0.570814 0.510382 -0.0188466 -0.521409 0.559265 -0.0134174 -1114.51 -35.681 -1187.49 -17.3941 -490.699 -3436.69
2388.22 1 333747 440319 1.7602e-10 2.51457e-10 1.21575e-05 1.36924e-05 0.00389819 0.150117 -0.00274449 0.0038819 0.150104 -0.00272726 -0.7408 -0.0316008 -0.00124889 -0.722714 0.0122892 0.0171449 -2669.01 -2820.92 39.2023 142.856 264.985 -219.537
2388.33 1 93140 18710 7.68202e-07 1.00583e-10 0.000198678 1.00886e-05 0.0454341 -0.157353 -7.18778e-06 0.0452688 -0.157353 0.000124111 0.669866 0.205692 0.000161454 0.699797 0.178261 -0.0777306 14.7558 -51.1593 -35.5712 870.115 -1098.22 538.274
2389.57 1 179487 21933 1.65072e-06 2.01166e-10 0.000256379 1.27109e-05 0.0556495 -0.0442508 0.000123781 0.0554862 -0.0441147 0.000292317 0.649428 0.844102 -0.00339107 0.773161 0.814557 0.0535685 -59.5736 -25.6514 86.1939 1183.61 3397.92 8188.6
2389.94 1 805156 456276 2.51457e-11 1.00583e-10 6.35544e-06 1.00886e-05 0.162868 -0.0327911 -0.00082783 0.162665 -0.0327041 -0.000803028 0.0778847 0.68456 0.0247655 0.140929 0.657545 0.012417 0 0 0 866.678 -342.273 1897.18
2390.04 1 93140 61541 7.68302e-07 7.54372e-11 0.000198687 9.16614e-06 0.154121 -0.0490295 2.33025e-05 0.154182 -0.0489735 0.000214173 0.211977 0.676801 0.000145119 0.142623 0.621838 0.0132233 14.7826 -51.2227 -35.5258 2101.37 1825.67 -1710.96
2390.22 1 26173 743304 7.54372e-11 5.02914e-11 9.16614e-06 8.00736e-06 0.171957 0.0220141 0.000547895 0.171933 0.0220313 0.000532526 -0.158796 0.65056 -0.0195528 -0.117094 0.605677 0.00984108 -335.586 -169.106 4065.04 373.626 1045.4 9505.15
2390.26 1 241531 664034 6.38827e-07 2.51457e-11 0.000186832 6.35544e-06 0.143733 -0.0264709 2.72584e-05 0.143565 -0.0265686 4.60781e-06 0.137729 0.731753 0.00255791 0.179346 0.748086 0.0768151 13.707 12.3868 -3.14957 0 0 0
2390.36 1 484278 92170 2.51457e-11 7.54372e-11 6.35544e-06 9.16614e-06 -0.127704 -0.0541731 0.00546213 -0.127497 -0.0541523 0.00553581 0.359728 -0.688075 0.0388452 0.254765 -0.694584 -0.00324688 0 0 0 21.8466 -386.355 1517.64
2390.55 1 124227 886153 3.77186e-10 2.51457e-11 1.56739e-05 6.35544e-06 0.145397 -0.0860478 0.000204396 0.145661 -0.0861228 0.000322172 0.352588 0.603991 0.00714807 0.269631 0.63098 -0.0273681 -652.218 75.3519 -104.366 0 0 0
2390.76 1 20767 215210 3.99817e-09 3.03081e-07 3.44306e-05 0.000145717 -0.044962 0.169582 0.000241924 -0.0449168 0.1696 6.5459e-05 -0.6664 -0.200893 -0.0470792 -0.659939 -0.16353 6.15727e-05 897.06 -29.553 -722.753 201.053 13.7321 -14.1405
2391.03 1 531992 654364 5.02914e-11 2.51457e-11 8.00736e-06 6.35544e-06 0.0331429 0.120713 0.00253564 0.0332252 0.120595 0.002543 -0.773829 0.156385 0.0192167 -0.826106 0.239381 0.0124835 544.968 -1349.04 1625.47 0 0 0
2391.35 1 241531 605771 6.38852e-07 2.51457e-11 0.000186835 6.35544e-06 0.0747546 -0.125942 -0.000360564 0.0747755 -0.126089 -0.000487296 0.63675 0.383851 0.00183567 0.584125 0.446967 -0.0383457 13.6867 12.4184 -3.14563 0 0 0
2391.43 1 96187 146199 2.26311e-10 1.7602e-10 1.32199e-05 1.21575e-05 -0.0308545 -0.145643 0.000710171 -0.030851 -0.145653 0.000733602 0.71571 -0.181598 0.0349766 0.694939 -0.183307 0.0292371 -7884.74 735.297 1648.89 -2203.13 -1582.13 392.059
2391.47 1 359319 331410 1.64368e-06 2.51457e-11 0.000256014 6.35544e-06 0.103598 0.0251462 -0.000708238 0.103653 0.0249181 -0.000587126 -0.195193 0.846267 0.000728861 -0.180848 0.958707 0.0457258 102.853 111.527 -50.0828 0 0 0
2391.61 1 375514 91703 2.51457e-11 1.00583e-10 6.35544e-06 1.00886e-05 -0.0409757 -0.156574 0.000809565 -0.0409918 -0.156575 0.000819342 0.633461 -0.162258 0.0147357 0.65296 -0.18744 -0.0217193 0 0 0 -3311.13 251.351 1043.89
2391.63 1 210586 467775 8.54954e-10 1.25729e-10 2.05892e-05 1.08677e-05 -0.143606 -0.0255136 0.0015194 -0.143934 -0.0254945 0.0016308 0.133953 -0.72955 -0.00100013 0.213485 -0.731854 -0.0257582 137.615 -1308.69 1405.42 1634.78 -1262.59 -430.138
2391.69 1 213523 230670 5.02914e-11 2.51457e-11 8.00736e-06 6.35544e-06 -0.0420354 -0.134927 -0.00356657 -0.0420262 -0.134915 -0.00355693 0.697968 -0.216217 0.00612154 0.685151 -0.229433 -0.0283944 -2240.15 3285.13 -1554.15 0 0 0
2391.7 1 209863 162579 5.02914e-11 3.26894e-10 8.00736e-06 1.49438e-05 -0.130957 0.0588932 -0.00327414 -0.130943 0.0589067 -0.00326088 -0.315573 -0.646712 -0.00398719 -0.305259 -0.680284 -0.0210979 -437.492 825.29 210.201 547.435 724.476 -73.8152
2392.08 1 361451 270620 1.50874e-10 7.79517e-10 1.15486e-05 1.99649e-05 0.168724 -0.0622548 -0.000540948 0.168871 -0.0623321 -0.000523862 0.250679 0.606916 0.0239371 0.167816 0.655744 0.00402788 -1024.28 2219.64 -156.707 416.234 -577.369 -24.7076
2392.82 1 241531 52024 6.38877e-07 5.53206e-10 0.000186837 1.78082e-05 0.146283 -0.00344508 0.0001255 0.146143 -0.00350559 0.000262605 0.0224904 0.743159 0.00261686 0.11237 0.783738 -0.0152275 13.725 12.4388 -3.16343 -652.392 -1651.16 -751.793
2392.97 1 93140 346699 7.68378e-07 2.51457e-11 0.000198693 6.35544e-06 0.145436 -0.0707548 1.71996e-05 0.145412 -0.070778 -0.000185322 0.305349 0.640203 0.000228009 0.32292 0.569582 0.0474485 14.8503 -51.3011 -35.5169 0 0 0
2393.1 1 93140 203719 7.68403e-07 2.51457e-11 0.000198695 6.35544e-06 0.159893 0.0227065 4.38416e-05 0.159737 0.0228168 0.000120425 -0.0979918 0.703545 0.000150185 0.000940858 0.707716 0.0261111 14.8176 -51.3034 -35.5107 0 0 0
2393.52 1 525976 245663 6.94424e-07 2.51457e-11 0.000192102 6.35544e-06 -0.11598 -0.0650566 0.000317938 -0.115988 -0.0650025 0.000511306 0.374811 -0.687379 0.000996619 0.402914 -0.642047 -0.0828172 10.5331 5.82928 -16.4317 0 0 0
2393.68 1 525976 92940 6.94449e-07 5.02914e-11 0.000192105 8.00736e-06 -0.0209826 -0.133566 0.000331198 -0.0210977 -0.133622 0.000175172 0.75781 -0.136119 -0.000821946 0.802141 -0.0592114 0.0186871 10.4998 5.84043 -16.4354 87.7844 -98.0582 -198.655
2393.77 1 241531 115190 6.39431e-07 1.25729e-10 0.000186891 1.08677e-05 -0.00403818 -0.146634 -0.000507058 -0.00398001 -0.14663 -0.000697328 0.741569 -0.0127044 0.000705611 0.663437 0.00747493 0.019405 13.4226 13.015 -3.18131 2565.98 -2815.53 -851.108
2393.86 1 198221 323960 2.01166e-10 1.00583e-10 1.27109e-05 1.00886e-05 0.176764 -0.00878018 -0.000616587 0.176787 -0.00874107 -0.000614628 0.0575837 0.672607 0.00254263 0.00748816 0.629009 0.00371356 955.746 -0.700308 1786.44 40.5945 -915.171 1200.68
2393.95 1 359319 139847 1.6437e-06 2.41399e-09 0.000256015 2.91007e-05 0.0236376 0.105353 -0.000222138 0.0234562 0.105259 -2.12887e-05 -0.835136 0.196667 0.00562117 -0.823334 0.128998 -0.0671249 102.836 111.524 -50.076 829.947 511.614 1142.32
2394.14 1 12689 539904 1.14018e-06 1.50874e-10 0.000226629 1.15486e-05 0.0981025 0.0740795 -6.48509e-05 0.0979699 0.0740681 -0.000267821 -0.486112 0.640064 -0.0030097 -0.418055 0.71275 0.0658174 -2.68726 -50.8427 143.61 191.532 -384.743 -469.981
2394.62 1 525976 441959 6.945e-07 2.94205e-09 0.000192109 3.10843e-05 -0.117805 -0.0603609 0.00029533 -0.11783 -0.0602963 8.00481e-05 0.349486 -0.704313 0.000590569 0.464718 -0.63599 0.0795442 10.552 5.8168 -16.4645 -852.7 -194.977 -40.4461
2394.85 1 212013 571454 5.02914e-11 1.7602e-10 8.00736e-06 1.21575e-05 -0.161547 -0.0108953 0.00774017 -0.161408 -0.0109033 0.00772399 0.0981479 -0.717638 -0.002307 -0.0362528 -0.710203 0.0169077 -1574.7 959.413 -774.586 198.18 82.4242 -809.574
2394.92 1 573248 33293 2.51457e-11 2.51457e-11 6.35544e-06 6.35544e-06 0.172728 -0.0847203 -0.000845725 0.172714 -0.084708 -0.000824474 0.281992 0.559657 0.0340626 0.288286 0.548305 -0.000844231 0 0 0 0 0 0
2394.95 1 196693 438823 9.80683e-10 5.02914e-11 2.15527e-05 8.00736e-06 0.109417 -0.131182 -0.00347874 0.109419 -0.131211 -0.00347649 0.547402 0.390677 0.0116566 0.527129 0.418954 -0.0126592 312.101 297.121 487.927 625.148 -950.295 -146.896
2395.04 1 472860 153637 2.51457e-11 3.77186e-10 6.35544e-06 1.56739e-05 0.0436358 -0.175118 -0.00423112 0.043567 -0.174887 -0.0041468 0.632825 0.165539 0.014772 0.649068 0.109009 -0.00774253 0 0 0 -1139.08 595.331 12.0064
2395.13 1 614275 360033 2.51457e-10 4.77769e-10 1.36924e-05 1.69589e-05 -0.115796 -0.106988 0.0020202 -0.115766 -0.106964 0.00203263 0.483201 -0.489498 0.0337286 0.43745 -0.522321 -0.00475316 455.355 1355.43 945.222 1207.01 1709.67 368.955
2395.17 1 144000 21214 6.28643e-10 3.5204e-10 1.85834e-05 1.53175e-05 -0.122857 0.0478203 0.00326246 -0.122823 0.047796 0.00308822 -0.251906 -0.712651 -0.0569891 -0.275324 -0.704843 0.0354585 1894.93 -705.261 3213.36 866.393 975.87 2146.22
2395.42 1 525976 35514 6.97442e-07 2.51457e-10 0.00019238 1.36924e-05 -0.0295351 0.131288 -0.000227347 -0.0295967 0.131089 -0.000252727 -0.750468 -0.188554 0.00148906 -0.76918 -0.0774085 0.0238157 16.0056 -0.740359 -18.9375 1119.43 -58.5036 1335.21
2395.91 1 587052 70883 2.51457e-11 5.2806e-10 6.35544e-06 1.75342e-05 -0.137158 -0.104998 0.000115364 -0.136944 -0.104885 0.000102243 0.465625 -0.500409 -0.0268748 0.352794 -0.557987 -0.0127845 0 0 0 -1782.18 1422 555.874
2397.15 1 275615 709722 2.79872e-08 2.51457e-11 6.58634e-05 6.35544e-06 0.145856 0.0518336 0.00218186 0.1458 0.051879 0.00218261 -0.26186 0.65528 -0.000654647 -0.267829 0.626469 0.00370542 81.5715 -28.6084 148.736 0 0 0
2397.36 1 71023 410614 1.25729e-10 2.51457e-11 1.08677e-05 6.35544e-06 0.0312887 -0.159168 -0.00566368 0.0312768 -0.159155 -0.00567812 0.667135 0.149611 -0.0203877 0.712703 0.132638 -0.0146064 42.991 -243.758 -565.066 0 0 0
2397.85 1 230621 802732 1.44538e-06 2.51457e-11 0.000245274 6.35544e-06 0.0605183 0.0176325 7.7527e-06 0.0602847 0.0175275 -1.29493e-05 -0.309682 1.05147 -0.00295075 -0.210257 1.23455 0.0369323 213.08 182.914 -46.9068 0 0 0
2398.51 1 345051 407894 1.00583e-10 7.54372e-11 1.00886e-05 9.16614e-06 -0.107391 -0.140865 -0.00105603 -0.107146 -0.140635 -0.00110051 0.557552 -0.397036 0.0075063 0.494317 -0.457348 0.0167542 753.889 202.635 -434.094 1524.72 -1438.04 278.538
2398.54 1 74619 511970 2.51457e-11 1.50874e-10 6.35544e-06 1.15486e-05 -0.0793789 -0.10277 -0.00455203 -0.0791682 -0.102668 -0.00462505 0.624809 -0.494819 -0.0303601 0.52652 -0.542643 0.00943533 0 0 0 -2036.16 1015.96 -1794.41
2398.55 1 215210 6432 3.0708e-07 2.51457e-11 0.000146355 6.35544e-06 0.167921 -0.0559279 9.91211e-05 0.167772 -0.0559506 7.5154e-05 0.200193 0.644258 0.000547558 0.24695 0.697523 -0.0228826 208.494 8.51163 -11.9969 0 0 0
2398.61 1 93140 125931 7.68428e-07 5.02914e-11 0.000198697 8.00736e-06 -0.0186021 -0.163783 -4.47348e-05 -0.0187895 -0.163689 -3.04646e-05 0.693007 -0.0657233 0.000230379 0.763956 -0.113439 0.0246515 14.8221 -51.2765 -35.5327 -488.633 -2566.04 -1138.76
2399.28 1 93140 190771 7.68478e-07 1.7602e-10 0.000198702 1.21575e-05 0.0541761 0.154351 9.0084e-05 0.0541092 0.154521 0.000196226 -0.657884 0.243558 -0.000180929 -0.681413 0.179592 0.0516283 14.8327 -51.248 -35.5195 -985.112 -399.526 825.449
2399.3 1 400452 405568 2.51457e-11 2.51457e-11 6.35544e-06 6.35544e-06 -0.0922916 -0.0875423 0.00347964 -0.0921906 -0.0874054 0.00359477 0.590853 -0.539558 0.0423259 0.518276 -0.632857 -0.0378345 0 0 0 0 0 0
2399.67 1 241531 41117 6.39556e-07 1.25729e-10 0.000186904 1.08677e-05 -0.13128 0.0732052 0.000169916 -0.131386 0.0730397 0.000140611 -0.351926 -0.633399 -0.00193508 -0.252041 -0.644814 -0.02134 13.4748 13.2027 -3.16054 487.139 5.86049 678.614
2399.69 1 127369 172261 3.26894e-10 1.00583e-10 1.49438e-05 1.00886e-05 -0.0622956 0.159822 0.00359472 -0.0622993 0.159808 0.00357188 -0.650698 -0.256585 -0.0124873 -0.621517 -0.221649 -0.0135566 2071.48 -3187.44 617.941 -1981.6 1919.79 3054
2399.72 1 204929 236432 2.76603e-10 2.26311e-10 1.41344e-05 1.32199e-05 0.0997647 0.0716424 -1.29027e-05 0.0997935 0.0716446 -7.20695e-06 -0.389276 0.694343 0.0193298 -0.454136 0.688679 -0.00755446 -1647.46 -1311.47 256.544 2106.84 -2664.08 -119.704
2399.86 1 12689 386514 1.14033e-06 2.51457e-11 0.000226639 6.35544e-06 0.0753472 0.0968214 -0.000169883 0.0752639 0.0970111 -5.87396e-05 -0.638522 0.490511 -0.00284821 -0.578256 0.405901 0.0323776 -2.59664 -50.8618 143.522 0 0 0
2400.1 1 58927 773762 4.87827e-09 2.51457e-11 3.67914e-05 6.35544e-06 -0.0254671 0.119957 0.00166299 -0.0254358 0.119922 0.00167005 -0.766786 -0.168376 -0.0310307 -0.834225 -0.158537 -0.062721 507.139 40.4393 222.402 0 0 0
2400.12 1 93140 716576 7.68654e-07 2.51457e-11 0.000198717 6.35544e-06 0.000390295 -0.164235 -7.84907e-05 0.000446539 -0.164073 -0.000198535 0.698303 0.0148994 0.000316266 0.655208 -0.0716142 0.00163744 15.0523 -51.2147 -35.3852 0 0 0
2400.31 1 54494 114922 1.25729e-10 5.02914e-11 1.08677e-05 8.00736e-06 0.159825 0.0767922 -0.00125625 0.159736 0.0767324 -0.00125086 -0.286821 0.623476 0.00775555 -0.231259 0.655361 0.00209096 178.607 -422.535 865.417 -534.836 2063.06 -569.831
2400.32 1 413112 574346 7.54372e-11 2.51457e-11 9.16614e-06 6.35544e-06 -0.108104 0.0492398 -0.00333232 -0.108132 0.0492786 -0.00330801 -0.475181 -0.718622 0.0417464 -0.425994 -0.767689 -0.0145101 5937.9 1099.95 1572.23 0 0 0
2400.33 1 134206 75775 2.20528e-08 5.02914e-11 6.08339e-05 8.00736e-06 0.0556826 0.112197 0.00118669 0.0556731 0.112128 0.0011483 -0.77602 0.274065 -0.0287187 -0.709559 0.362516 0.0471759 217.763 -67.0906 449.594 1690.05 188.067 -49.7805
2400.41 1 239153 541117 1.25729e-10 1.50874e-10 1.08677e-05 1.15486e-05 0.0805695 -0.141713 0.00099929 0.0806309 -0.141772 0.000980038 0.639996 0.343232 -0.00368527 0.585043 0.395893 -0.00236954 -1467.39 694.176 -2203.71 1437.2 -973.091 -744.4
2400.72 1 3796 180155 1.47153e-06 1.50874e-10 0.000246744 1.15486e-05 0.0439884 -0.0231597 -0.000195819 0.0440864 -0.0233004 -0.000399233 0.578729 1.1288 0.0124735 0.352616 1.27667 -0.0137946 7.79189 46.4671 257.014 -1216.54 7411.6 1859.62
2400.73 1 359319 533801 1.64611e-06 2.51457e-11 0.00025614 6.35544e-06 0.0908831 -0.0540056 -0.000620476 0.0906177 -0.0540279 -0.000615371 0.45087 0.750537 -0.00342441 0.598671 0.733249 0.0531293 103.742 110.658 -49.1852 0 0 0
2401.08 1 215210 262565 3.07105e-07 5.02914e-11 0.000146359 8.00736e-06 -0.176914 0.0309543 -0.000137319 -0.176897 0.0311045 -8.93816e-05 -0.126917 -0.65244 -0.000535304 -0.128123 -0.71407 -0.0246477 208.483 8.4663 -12.0611 1212.82 1558.22 715.808
2401.15 1 187006 371352 6.33672e-09 1.05612e-09 4.01433e-05 2.20917e-05 -0.0337026 0.150666 -0.000561482 -0.0336573 0.15064 -0.000525985 -0.678457 -0.209749 0.00024123 -0.687297 -0.152424 0.0166386 263.359 589.382 0.378377 1575.14 -1350.38 -1194.48
2401.28 1 481914 84429 1.08127e-09 5.02914e-11 2.22656e-05 8.00736e-06 0.118634 0.116707 0.0044724 0.11862 0.11668 0.00447123 -0.498244 0.463662 0.0267315 -0.455687 0.496877 0.0218001 866.411 1519.41 -876.093 194.949 -867.713 -271.881
2401.44 1 93140 227492 7.6868e-07 5.02914e-11 0.000198719 8.00736e-06 -0.10141 -0.131753 -0.00015151 -0.101317 -0.131572 -9.79331e-05 0.553875 -0.412129 4.72077e-05 0.54168 -0.501714 0.0152654 15.0304 -51.2014 -35.3789 546.525 3583.62 -3844.28
2401.61 1 341490 103016 2.51457e-11 1.10641e-09 6.35544e-06 2.24369e-05 0.0671168 -0.166346 -0.00419398 0.0671048 -0.166321 -0.00418294 0.608811 0.285063 -0.0108707 0.624906 0.241662 0.000303474 0 0 0 113.973 -309.775 -45.3494
2402.32 1 175729 447583 3.21865e-09 5.2806e-10 3.20294e-05 1.75342e-05 0.129971 0.10694 -0.00211985 0.130001 0.106974 -0.00209676 -0.452153 0.527322 -0.0283348 -0.46069 0.492229 -0.0140002 -646.562 813.418 422.637 1169.37 -860.028 282.847
2402.59 1 525976 457380 6.97693e-07 5.78352e-10 0.000192403 1.8074e-05 0.0225535 -0.134735 0.000244312 0.0225204 -0.134537 0.000307467 0.7549 0.106761 -0.00130378 0.835329 0.119417 -0.0536537 15.9587 -0.694973 -19.1809 1395.53 -1619.33 161.864
2402.71 1 443948 430044 1.7602e-10 2.51457e-11 1.21575e-05 6.35544e-06 0.0684909 0.129178 7.87309e-05 0.0683959 0.129286 0.000218279 -0.671376 0.370894 0.0085243 -0.641508 0.333364 -0.035835 194.336 191.902 1069.91 0 0 0
2402.83 1 359319 831480 1.64614e-06 1.00583e-10 0.000256142 1.00886e-05 -0.0867962 -0.0626516 0.000613379 -0.0869481 -0.0625468 0.000420266 0.514055 -0.695024 -0.00351854 0.626086 -0.681062 0.069137 103.738 110.664 -49.1794 -2954.8 969.962 -2450.89
2403.01 1 359319 53505 1.64624e-06 2.51457e-11 0.000256147 6.35544e-06 0.0565699 -0.0894242 -0.000385248 0.0565949 -0.0896818 -0.000338416 0.738354 0.468446 -0.00520881 0.672042 0.49766 0.117433 103.751 110.628 -49.2069 0 0 0
2403.63 1 93140 232093 7.6873e-07 1.20699e-09 0.000198723 2.30972e-05 0.10963 0.120129 0.000151106 0.109475 0.120215 1.76093e-05 -0.51345 0.483315 -0.00013844 -0.541002 0.490143 0.0761987 15.0601 -51.2039 -35.4007 -193.112 76.8252 -1444.71
2404.15 1 12689 736629 1.14036e-06 2.51457e-11 0.000226641 6.35544e-06 -0.0434611 -0.113669 0.000283321 -0.0434547 -0.113465 0.0001646 0.75663 -0.293339 0.00237288 0.649624 -0.324008 0.093361 -2.57929 -50.8496 143.512 0 0 0
2404.27 1 165524 526247 5.02914e-11 1.50874e-10 8.00736e-06 1.15486e-05 -0.017341 0.16109 -0.000856004 -0.0173127 0.161012 -0.00070304 -0.698391 -0.105612 0.0133972 -0.710967 -0.0718207 -0.0449656 -2352.62 1556.95 -1103.27 1863.49 -5190.96 -4616.43
2404.93 1 142615 685238 7.54372e-11 2.51457e-11 9.16614e-06 6.35544e-06 -0.0171165 -0.113312 0.0069202 -0.0172727 -0.113282 0.00694727 0.768755 -0.0884528 -0.0288053 0.862401 -0.103322 -0.0491728 1287.41 654.29 -1080.49 0 0 0
2405.32 1 288611 290878 2.26311e-10 1.00583e-10 1.32199e-05 1.00886e-05 0.179313 0.0333108 0.000670296 0.179213 0.0332567 0.0006923 -0.153464 0.640604 0.00185122 -0.0800103 0.680102 -0.00587458 322.321 -430.064 282.323 -50.9936 165.355 -617.745
2405.61 1 58302 103096 2.51457e-11 5.78352e-10 6.35544e-06 1.8074e-05 0.0764108 -0.168988 -0.00356309 0.0764096 -0.169014 -0.00357076 0.594806 0.250064 0.00439257 0.583729 0.285749 0.015292 0 0 0 -333.259 -895.638 -56.9044
2405.94 1 32104 444069 3.5204e-10 5.02914e-11 1.53175e-05 8.00736e-06 0.0463783 0.154428 -0.000894334 0.0463556 0.154427 -0.000917652 -0.68474 0.214092 -0.0340371 -0.648812 0.225226 0.0122667 554.326 -32.9763 -1583.51 -411.68 -654.965 -1768.7
2406.1 1 14727 131319 2.01535e-06 3.5204e-10 0.000274015 1.53175e-05 -0.086407 -0.00464976 -0.000151972 -0.0864599 -0.00491439 -0.000267674 0.0254705 -0.96767 -0.00345563 0.113083 -0.917983 0.0740975 -27.6411 116.293 75.5698 -3704.19 1219.08 8729.13
2406.51 1 498523 101292 2.51457e-11 1.00583e-10 6.35544e-06 1.00886e-05 0.0183837 -0.170216 0.00255058 0.0182938 -0.170025 0.00254858 0.686133 0.106224 0.00202342 0.722029 0.0195608 0.0058575 0 0 0 -55.7854 1032.02 1101.91
2406.62 1 93140 571365 7.69937e-07 2.26311e-10 0.000198827 1.32199e-05 0.0953084 0.132123 0.000158431 0.0954495 0.132036 2.00866e-05 -0.564084 0.421252 -6.20732e-06 -0.617347 0.378565 0.0693806 15.761 -49.5322 -35.2076 -461.382 396.774 31.3106
2406.83 1 215210 747361 3.07155e-07 2.51457e-11 0.000146367 6.35544e-06 0.144136 -0.104599 6.35929e-05 0.144036 -0.104712 3.25471e-05 0.381881 0.551374 0.00077634 0.438771 0.57154 -0.0196847 208.414 8.47171 -12.0747 0 0 0
2406.89 1 437082 263459 2.76603e-10 6.78934e-10 1.41344e-05 1.90663e-05 -0.0731236 -0.0492717 8.78321e-05 -0.0731641 -0.0493333 3.18529e-05 0.517921 -0.781286 -0.0223107 0.603573 -0.72086 0.0997144 -4180.11 515.366 1649.96 223.018 -600.968 -211.792
2406.92 1 91703 81248 1.25729e-10 7.54372e-11 1.08677e-05 9.16614e-06 -0.150822 0.0381659 0.00356837 -0.15103 0.038241 0.00370742 -0.198327 -0.692964 0.000332015 -0.149788 -0.711275 -0.0351866 -1378.67 -1168.19 2129.92 1159.23 -437.403 287.408
2406.97 1 85763 143294 2.51457e-11 6.53789e-10 6.35544e-06 1.8828e-05 0.101783 0.0539327 -9.71244e-05 0.101635 0.0538836 -0.000139991 -0.564627 0.702644 -0.0303382 -0.425682 0.727013 0.0112487 0 0 0 692.993 -1669.12 12.0044
2407.02 1 9565 699842 2.75094e-08 1.7602e-10 6.54865e-05 1.21575e-05 -0.123496 0.0605855 0.00468677 -0.123543 0.0605235 0.00468837 -0.333207 -0.706283 -0.000385852 -0.311899 -0.710411 0.0157139 -118.715 -18.794 4.5767 436.824 973.619 -263.67
2407.24 1 3796 326636 1.47168e-06 2.51457e-11 0.000246753 6.35544e-06 -0.0431924 0.0243194 0.000183206 -0.0433548 0.0245075 0.000240174 -0.637181 -1.10049 -0.0123859 -0.528142 -1.08238 0.031921 7.93245 46.6653 256.898 0 0 0
2407.33 1 774349 512507 2.51457e-11 3.5204e-10 6.35544e-06 1.53175e-05 0.133266 -0.119264 0.0056064 0.133251 -0.119237 0.00559942 0.458929 0.497199 -0.00845563 0.480041 0.464857 0.00891731 0 0 0 -30.4773 28.7912 -475.818
2407.45 1 179487 172178 1.65092e-06 7.54372e-11 0.000256389 9.16614e-06 0.052338 -0.048694 0.000109517 0.0521213 -0.0487909 0.000233329 0.706746 0.788292 -0.00338286 0.821587 0.844835 0.00221045 -59.5021 -25.5055 86.1232 3692.93 -4048.95 548.877
2407.46 1 166700 197772 5.02914e-11 1.25729e-10 8.00736e-06 1.08677e-05 -0.154209 -0.0944635 0.00154303 -0.154133 -0.094414 0.00153502 0.382052 -0.552473 -0.0084014 0.277014 -0.595174 2.42826e-05 -2406.32 4920.32 3363.39 -1578.8 -1948.41 1763.02
2407.93 1 93140 1934 7.70163e-07 2.76603e-10 0.000198847 1.41344e-05 0.15754 0.0354477 0.000130018 0.157724 0.0353424 0.000160256 -0.151539 0.693876 0.000428941 -0.237396 0.707012 0.0306738 15.5313 -49.5524 -35.3879 -275.165 -734.039 579.72
2407.96 1 80996 2865 1.25729e-10 5.02914e-11 1.08677e-05 8.00736e-06 -0.0932312 -0.00613145 -0.000652 -0.0932301 -0.00621938 -0.000813311 0.0885413 -0.929184 -0.0615106 0.0957664 -0.88188 0.0227671 642.958 -6776.57 1753.74 -2411.09 -6655.41 7917.61
2408.15 1 421652 510144 2.51457e-11 2.51457e-11 6.35544e-06 6.35544e-06 -0.145011 0.124068 0.00176585 -0.145033 0.124077 0.00175652 -0.443127 -0.461058 0.00526265 -0.41148 -0.478547 0.0123267 0 0 0 0 0 0
2408.34 1 461332 17213 5.02914e-11 1.00583e-10 8.00736e-06 1.00886e-05 -0.149199 -0.11061 -0.00122367 -0.149186 -0.110618 -0.00121365 0.397781 -0.529452 0.0129673 0.395096 -0.530857 -0.00981434 796.416 -1210.28 -2292.21 -431.061 202.957 -671.096
2408.52 1 235388 352441 5.02914e-11 8.04663e-10 8.00736e-06 2.01773e-05 0.151831 0.113181 0.00525223 0.15181 0.113186 0.00527363 -0.42809 0.491049 0.00417719 -0.404702 0.485492 -0.00895607 1029.5 1328.97 3267.99 780.305 793.281 518.292
2408.77 1 93140 419422 7.7044e-07 5.02914e-11 0.000198871 8.00736e-06 -0.13757 -0.0939682 -0.000171025 -0.137363 -0.0940032 -0.000180285 0.396028 -0.562844 -0.000157716 0.307956 -0.615828 0.00913219 15.4403 -49.7094 -35.5159 541.672 1363.16 1316.43
2408.86 1 12689 469076 1.14038e-06 2.3637e-09 0.000226643 2.88972e-05 -0.0588914 -0.105671 0.00027067 -0.0586837 -0.105558 0.000171462 0.711814 -0.399836 0.00271113 0.659233 -0.415696 -0.0730108 -2.56316 -50.8348 143.53 -867.764 -155.99 -282.902
2408.95 1 241531 269976 6.39682e-07 5.02914e-11 0.000186916 8.00736e-06 -0.0179294 -0.146405 -0.000393954 -0.0178036 -0.146517 -0.000496635 0.734309 -0.0818321 0.00031102 0.657029 -0.0674138 0.00107854 13.5112 13.1283 -2.90959 430.883 1888.95 2292.94
2410.16 1 229907 172452 1.7602e-09 3.01749e-10 2.61926e-05 1.45503e-05 -0.0208925 0.124223 -0.00562182 -0.0208744 0.124194 -0.00564842 -0.781881 -0.1689 0.00616208 -0.761792 -0.11005 0.0304159 185.817 -26.219 -57.9426 484.961 135.07 -836.69
2410.29 1 359319 443460 1.64627e-06 7.54372e-11 0.000256148 9.16614e-06 0.0315008 0.103049 -0.000200468 0.031641 0.103276 -0.000217548 -0.818378 0.262175 0.0057691 -0.860239 0.0875573 -0.0194656 103.73 110.622 -49.2151 -3133.46 1877.93 -850.526
2410.32 1 454694 44804 4.52623e-10 2.51457e-10 1.6656e-05 1.36924e-05 -0.150245 -0.0849427 6.72681e-05 -0.149925 -0.0850316 6.61101e-05 0.388919 -0.578151 0.00483984 0.313377 -0.555347 0.000166406 287.546 399.451 -260.472 -179.574 -2375.9 -1125.35
2410.43 1 389991 369299 4.77769e-10 5.78352e-10 1.69589e-05 1.8074e-05 -0.125161 -0.0788483 -0.00372711 -0.125171 -0.0788153 -0.00370111 0.470457 -0.537915 0.0157633 0.40565 -0.617026 -0.0161488 1085.08 1095.89 921.254 20.9992 325.327 97.428
2410.44 1 302605 485469 2.51457e-11 2.51457e-11 6.35544e-06 6.35544e-06 0.0587136 -0.156567 0.00457718 0.0587237 -0.156562 0.00457086 0.6594 0.223876 -0.00804073 0.648289 0.231876 0.015354 0 0 0 0 0 0
2410.54 1 108956 256155 3.62098e-09 3.26894e-10 3.33119e-05 1.49438e-05 -0.117373 0.105611 -3.62144e-05 -0.117329 0.105632 -4.26142e-05 -0.463932 -0.559497 -0.0195252 -0.479906 -0.563811 0.0174114 -399.462 758.076 1323.31 28.4394 2.6543 1687.76
2411 1 93140 29811 7.7049e-07 9.55537e-10 0.000198875 2.13668e-05 0.125591 0.102653 0.000173702 0.125723 0.102608 1.10224e-06 -0.438888 0.554219 1.72548e-05 -0.51714 0.533033 0.0147915 15.4353 -49.7084 -35.5698 491.662 -563.547 -871.956
2411.16 1 15501 743390 3.26894e-10 2.76603e-10 1.49438e-05 1.41344e-05 0.0864414 0.104386 -0.00143152 0.0864668 0.104107 -0.00146619 -0.590877 0.416084 -0.0304919 -0.601701 0.503141 -0.0261957 -866.773 591.499 878.372 -649.35 -792.195 -210.053
2411.38 1 12689 310105 1.14275e-06 1.55903e-09 0.000226799 2.51542e-05 -0.0568292 0.107559 -0.000422649 -0.0570436 0.107418 -0.000431013 -0.713828 -0.386467 0.000466528 -0.625954 -0.336828 0.0174011 -3.60367 -48.5634 143.294 -2472.14 -2105.1 -1108.15
2411.39 1 72779 276289 7.29226e-10 2.51457e-11 1.95259e-05 6.35544e-06 -0.162931 0.0401635 0.00113179 -0.162678 0.0400495 0.00106519 -0.0949321 -0.663159 0.0144982 -0.159031 -0.640035 0.03133 -620.51 -376.174 -660.835 0 0 0
2412.39 1 236880 73464 5.02914e-11 8.801e-10 8.00736e-06 2.07891e-05 -0.0329657 -0.104002 -0.000356096 -0.0329735 -0.10401 -0.000384695 0.794826 -0.23618 -0.0790657 0.822957 -0.224893 0.00311533 3059.59 -11728.1 62.3236 -567.525 2328.06 472.699
2412.71 1 12689 351513 1.14431e-06 4.52623e-10 0.000226902 1.6656e-05 -0.00233371 -0.121386 0.000400525 -0.00251394 -0.121254 0.00051005 0.812869 -0.0232491 0.00103599 0.875228 -0.0911298 -0.0157442 -3.76666 -48.2971 143.063 -369.188 212.39 -1490.08
2412.82 1 187019 38714 1.50874e-09 7.54372e-11 2.48807e-05 9.16614e-06 -0.142039 0.0956173 -0.00623208 -0.14204 0.0956509 -0.00624382 -0.374375 -0.550698 -0.0252549 -0.345606 -0.585256 0.0272118 -14.6473 184.783 513.772 -118.071 650.038 -534.519
2412.92 1 187095 477207 2.51457e-11 7.61915e-09 6.35544e-06 4.26868e-05 -0.0487843 -0.0751749 0.00153698 -0.048792 -0.0752028 0.00157816 0.792337 -0.518347 0.112708 0.834078 -0.427067 -0.0434645 0 0 0 -13.8796 77.7065 68.1761
2413.4 1 93140 210261 7.71446e-07 5.02914e-11 0.000198957 8.00736e-06 -0.0284348 -0.161763 -0.000134925 -0.0283884 -0.161713 6.12822e-05 0.689849 -0.10688 0.000533304 0.709155 -0.191215 -0.0067841 15.0732 -48.7109 -36.0003 331.442 191.56 -2761.54
2413.73 1 241531 453747 6.39732e-07 1.00583e-10 0.000186921 1.00886e-05 -0.149717 0.0053727 -0.0001003 -0.149539 0.00545865 -8.16547e-05 -0.0193648 -0.727223 -0.00183843 -0.0957127 -0.769149 0.0110519 13.5173 13.171 -2.94714 -355.899 1101.53 1211.27
2413.79 1 93140 128287 7.71496e-07 2.51457e-11 0.000198962 6.35544e-06 0.160882 -0.00721808 0.000133018 0.160963 -0.0071361 -3.70587e-05 0.033648 0.711123 0.000513953 0.0849029 0.626603 0.033659 15.1382 -48.6885 -36.0168 0 0 0
2414.68 1 93140 262521 7.71521e-07 2.51457e-11 0.000198964 6.35544e-06 -0.14084 -0.0892431 -0.000184996 -0.140815 -0.0891122 -2.88181e-05 0.375947 -0.576065 -0.000103783 0.311655 -0.632193 -0.0428999 15.1134 -48.7094 -36.0376 0 0 0
2414.97 1 179487 817801 1.65099e-06 2.51457e-10 0.000256393 1.36924e-05 -0.0681502 -0.0262733 0.000162568 -0.0680194 -0.0264153 0.000355105 0.36491 -0.969706 0.00267225 0.461816 -0.88784 -0.147323 -59.5105 -25.477 86.1147 -1239.3 -639.243 -2259.05
2415.03 1 179487 344154 1.65124e-06 2.23797e-09 0.000256406 2.83754e-05 -0.0219203 -0.0695914 0.000246086 -0.0216909 -0.0694581 0.000142193 0.992811 -0.300582 -0.000209974 0.914965 -0.559381 0.0419819 -59.4639 -25.2492 86.2335 -310.811 506.893 -830.365
2415.08 1 613414 152546 7.54372e-11 2.51457e-11 9.16614e-06 6.35544e-06 -0.0691038 0.148248 0.000926205 -0.0691212 0.148245 0.000914831 -0.668584 -0.280343 -0.00670484 -0.638881 -0.28459 -1.32372e-05 4264.42 -823.115 1239.01 0 0 0
2415.27 1 230621 224252 1.4454e-06 1.38301e-09 0.000245275 2.41695e-05 -0.00861718 -0.0573769 0.000139335 -0.00851924 -0.0576284 0.000143019 1.17018 -0.225195 0.000869468 1.22843 -0.0280927 0.0561703 213.073 182.914 -46.9288 -221.373 -1349.81 -638.152
2415.3 1 215210 252989 3.0718e-07 1.00583e-10 0.000146371 1.00886e-05 0.172664 -0.0337137 0.000211541 0.172545 -0.0336788 0.000116133 0.117693 0.668335 0.000386819 0.173829 0.656978 0.0270307 208.414 8.43412 -12.031 -399.391 975.355 145.787
2415.42 1 123493 396530 4.02332e-10 5.53206e-10 1.60147e-05 1.78082e-05 -0.0117953 -0.105966 0.0029 -0.0117978 -0.105933 0.0028932 0.867714 -0.160301 -0.0328869 0.872375 -0.169543 -0.0282685 740.887 -853.224 -337.387 -600.81 -667.392 1468.15
2415.57 1 215210 358625 3.07281e-07 2.51457e-11 0.000146387 6.35544e-06 0.112725 0.13285 0.000196703 0.11282 0.132842 7.658e-05 -0.521727 0.444215 -0.000499756 -0.583754 0.45863 -0.007479 208.294 8.34775 -12.0474 0 0 0
2415.73 1 330919 476521 4.77769e-10 2.51457e-11 1.69589e-05 6.35544e-06 0.0383113 -0.133714 0.000374058 0.0382898 -0.133707 0.000365976 0.707562 0.207131 -0.0243993 0.75628 0.220955 0.012245 -1026.59 253.948 -601.747 0 0 0
2416.01 1 193250 227252 1.00583e-10 1.73505e-09 1.00886e-05 2.60673e-05 0.0966038 -0.112872 0.0016357 0.0965686 -0.112883 0.00161708 0.535889 0.4646 -0.00617623 0.579761 0.487765 0.0244706 190.699 -188.265 13.4976 -412.923 -1092.84 -405.839
2416.06 1 144737 327578 1.00583e-10 7.54372e-11 1.00886e-05 9.16614e-06 -0.15263 -0.0909096 0.00239096 -0.152621 -0.0908891 0.00239374 0.382478 -0.535046 -0.0117245 0.353478 -0.566082 -0.00925454 1624.56 -1354.52 4304 154.878 217.382 -119.679
2416.38 1 125929 190136 2.08709e-09 5.02914e-11 2.77229e-05 8.00736e-06 -0.0700474 -0.0768633 0.00161878 -0.0700518 -0.0768274 0.00161055 0.617672 -0.633235 0.00629025 0.61414 -0.667739 0.0253763 481.948 -1246.67 -649.925 -463.316 1130.98 1866.37
2416.56 1 93140 222738 7.71546e-07 2.01166e-10 0.000198966 1.27109e-05 0.0994405 -0.127946 -6.08631e-06 0.0992628 -0.127966 0.000107881 0.553127 0.441293 0.000787471 0.630194 0.393845 0.0349703 15.1191 -48.7251 -36.0213 935.098 -629.606 764.609
2416.56 1 40425 231438 7.54372e-11 2.51457e-11 9.16614e-06 6.35544e-06 -0.0866627 -0.147487 0.000484823 -0.086542 -0.147483 0.000437671 0.651321 -0.322427 -0.00236279 0.573452 -0.328573 0.0217973 -1185.77 251.12 -403.706 0 0 0
2416.79 1 12689 109617 1.14476e-06 5.12973e-09 0.000226932 3.7413e-05 0.11447 0.0446776 -1.75893e-05 0.114549 0.0449205 -8.78228e-05 -0.293814 0.747792 -0.00288872 -0.325056 0.65024 0.042094 -3.66483 -48.1918 143.042 -107.26 1217.27 -186.28
2417.19 1 92894 558066 1.00583e-10 5.02914e-11 1.00886e-05 8.00736e-06 -0.0627914 0.167626 -0.00153152 -0.0627797 0.167606 -0.00152996 -0.635594 -0.236631 -0.0115412 -0.634506 -0.204453 -0.0168798 -947.969 715.857 -655.672 -2351.24 -641.798 613.27
2417.43 1 14727 183379 2.01571e-06 2.51457e-10 0.000274031 1.36924e-05 0.051472 0.0692485 0.000332637 0.0516683 0.069193 0.000124767 -0.794319 0.557826 0.00057565 -0.772615 0.637343 0.105944 -27.721 116.225 75.6721 1132.97 349.71 -373.946
2417.68 1 454694 200851 7.0408e-10 2.51457e-10 1.92989e-05 1.36924e-05 -0.10213 0.144451 -0.000823271 -0.102097 0.144456 -0.000830095 -0.543137 -0.370346 0.000669893 -0.561614 -0.383991 0.00282477 786.791 2206.41 576.083 -319.593 -10.1995 388.764
2418.02 1 492350 386041 6.53789e-10 2.51457e-11 1.8828e-05 6.35544e-06 -0.132738 -0.0710887 0.000121419 -0.132964 -0.0711688 3.86746e-05 0.262682 -0.679491 -0.025115 0.35327 -0.648437 0.000706138 -606.428 -70.2886 -1826.16 0 0 0
2418.02 1 856425 49836 2.51457e-11 1.00583e-10 6.35544e-06 1.00886e-05 -0.140785 0.0994155 -0.00259698 -0.140788 0.0994263 -0.00260941 -0.384088 -0.562678 -0.0124992 -0.406591 -0.564543 0.0125818 0 0 0 -1305.32 1387.75 1539.26
2418.24 1 12689 550462 1.14989e-06 5.02914e-11 0.000227271 8.00736e-06 -0.0957159 -0.0736415 0.000122265 -0.0955081 -0.0737563 0.000103586 0.495354 -0.649958 0.00258948 0.421323 -0.660259 0.0855134 -2.77431 -47.9883 141.913 1619.96 -816.946 1387.77
2418.46 1 353632 369997 1.00583e-10 2.01166e-10 1.00886e-05 1.27109e-05 -0.143308 -0.0669871 -0.00353355 -0.143294 -0.0669666 -0.00352326 0.338322 -0.612657 0.0212283 0.294528 -0.61601 -0.0193891 -623.986 1437.39 480.836 3630.33 141.698 -827.955
2418.71 1 187147 338792 2.23797e-09 4.77769e-10 2.83754e-05 1.69589e-05 -0.0830366 0.165928 0.000584674 -0.0830161 0.16589 0.000565597 -0.545229 -0.358413 -0.0153499 -0.574857 -0.280382 -0.00453746 -232.216 -77.4355 203.332 394.804 -215.505 226.07
2418.76 1 424399 275295 1.00583e-10 1.50874e-10 1.00886e-05 1.15486e-05 0.052426 0.106629 -0.00103719 0.052389 0.106601 -0.00103407 -0.852264 0.247753 0.0395267 -0.673584 0.406929 0.0402022 -70.0001 366.242 -3239.83 -98.3456 -2202.48 -929.644
2418.91 1 93140 340964 7.71747e-07 2.76603e-10 0.000198983 1.41344e-05 -0.159038 0.053161 -0.000101976 -0.158932 0.0531117 -0.000281967 -0.218564 -0.64789 -0.000746257 -0.246935 -0.599643 0.070939 15.1912 -48.4602 -35.8407 402 -992.318 216.109
2419.23 1 601963 11346 2.51457e-11 5.65779e-09 6.35544e-06 3.86551e-05 -0.0453337 -0.157059 0.00394154 -0.0453053 -0.157027 0.00395525 0.695676 -0.201276 0.00809474 0.693351 -0.226112 0.00324292 0 0 0 -292.249 211.97 313.312
2419.57 1 525976 52057 6.98272e-07 1.00583e-10 0.000192457 1.00886e-05 0.133511 0.035479 -0.000264979 0.13353 0.0352849 -0.000326172 -0.202002 0.726861 -0.00121513 -0.218435 0.795634 0.0498778 15.3232 -0.518942 -20.0663 -1305.96 -850.545 666.456
2419.64 1 129307 242096 1.7602e-10 5.02914e-11 1.21575e-05 8.00736e-06 -0.0612943 0.110239 -0.00482031 -0.0612624 0.110166 -0.00472066 -0.664748 -0.41398 0.00330437 -0.682616 -0.360924 -0.0587658 683.799 -234.859 -259.564 1.39804 28.7701 -859.283
2419.73 1 359319 84927 1.64634e-06 1.06115e-08 0.000256152 4.76705e-05 -0.0471801 0.0970794 0.000370367 -0.0468845 0.0970082 0.000373493 -0.772543 -0.371819 0.00541889 -0.792256 -0.280484 -0.0260637 103.706 110.621 -49.2376 -151.941 165.594 153.541
2419.8 1 12689 531130 1.14994e-06 1.25729e-10 0.000227274 1.08677e-05 -0.000594847 0.122422 -0.000396521 -0.000386719 0.122344 -0.000486339 -0.806322 -0.0110976 -0.000862212 -0.817203 0.0400295 0.0942779 -2.79459 -48.0184 141.88 -2571.84 -1036.21 -615.744
2419.9 1 525976 275349 6.98372e-07 2.51457e-11 0.000192466 6.35544e-06 -0.0703429 0.113404 -0.000132997 -0.0702287 0.11357 -0.000145595 -0.657367 -0.421555 0.00179982 -0.745261 -0.438838 -0.0447726 15.2635 -0.518639 -20.0798 0 0 0
2420.23 1 15486 643822 9.80683e-10 2.51457e-11 2.15527e-05 6.35544e-06 -0.0599701 -0.159048 0.00218064 -0.0599536 -0.15906 0.0022016 0.632173 -0.222739 0.0112773 0.612531 -0.256921 -0.0299896 627.699 -428.171 -321.311 0 0 0
2420.29 1 241531 283621 6.39833e-07 8.801e-10 0.00018693 2.07891e-05 -0.0779172 -0.125131 -0.000404429 -0.0777902 -0.125161 -0.000566826 0.63114 -0.384477 -0.000438008 0.569397 -0.43867 0.0362295 13.5349 13.1262 -2.95603 -902.889 -1627.61 961.962
2420.41 1 18391 64794 6.28643e-10 5.78352e-10 1.85834e-05 1.8074e-05 -0.00170672 -0.186942 -0.00322098 -0.00169217 -0.186918 -0.00319231 0.669143 0.0648202 0.023116 0.632467 -0.0486783 -0.0105621 -942.302 406.957 -403.851 -211.643 -171.986 -392.831
2420.78 1 93140 638798 7.72024e-07 7.54372e-11 0.000199007 9.16614e-06 -0.0451865 -0.158137 -0.000142691 -0.0451518 -0.158166 6.14861e-05 0.674244 -0.177291 0.000481952 0.699185 -0.247859 -0.0350343 15.2993 -48.4897 -35.7347 2454.76 3271.21 -1409.26
2421.32 1 85775 94749 2.01166e-10 2.51457e-11 1.27109e-05 6.35544e-06 -0.0428629 -0.145242 -0.00247515 -0.0428552 -0.145296 -0.00247365 0.704042 -0.239265 -0.0095995 0.709583 -0.146479 0.00507348 -228.847 -207.275 -541.969 0 0 0
2421.51 1 215210 9360 3.07306e-07 1.00583e-10 0.000146391 1.00886e-05 -0.0608442 -0.170726 -0.000231272 -0.0608469 -0.170727 -7.17302e-05 0.622136 -0.215918 -0.000147905 0.635801 -0.170208 -0.052028 208.282 8.42407 -12.037 -21.7198 2493.35 959.13
2421.78 1 191906 197768 1.00583e-10 1.00583e-10 1.00886e-05 1.00886e-05 0.0595742 0.156061 -0.00283946 0.0595869 0.155893 -0.0029671 -0.670084 0.186808 -0.0159235 -0.671627 0.228846 0.0178459 -651.226 -292.544 964.265 -478.375 -3116.27 -3455.99
2421.87 1 201741 534425 2.53972e-09 1.00583e-10 2.95974e-05 1.00886e-05 0.128749 -0.0822934 0.00278797 0.128749 -0.0822708 0.00282286 0.436978 0.602949 0.00107379 0.419876 0.584773 -0.0120908 332.339 193.833 153.029 268.652 -170.872 -105.527
2422.54 1 517075 304133 2.51457e-11 5.02914e-11 6.35544e-06 8.00736e-06 0.116296 -0.134819 0.000876984 0.116292 -0.134823 0.000891236 0.496897 0.439873 0.0036404 0.491877 0.468723 -0.00375878 0 0 0 -206.777 1054.51 -655.455
2422.78 1 177353 35369 3.01749e-10 1.00583e-10 1.45503e-05 1.00886e-05 -0.140945 -0.106791 -0.00301234 -0.140964 -0.106803 -0.00302249 0.395978 -0.534559 -0.0189519 0.408482 -0.533584 0.00195839 1574.56 -1349.2 2504.6 -1285.97 -647.819 -1006.08
2423.76 1 94988 9004 5.02914e-11 1.05612e-09 8.00736e-06 2.20917e-05 -0.0986409 -0.0366843 0.000501748 -0.0985753 -0.0366974 0.000547274 0.380272 -0.855313 0.0293942 0.228868 -0.877593 -0.067962 5991.76 3309.84 2744.08 -139.682 276.688 193.154
2423.8 1 179487 198404 1.65348e-06 2.51457e-11 0.000256522 6.35544e-06 -0.0203722 0.0675532 -0.000181942 -0.020212 0.0677127 -3.65264e-05 -1.03212 -0.292046 0.00222679 -1.00165 -0.453475 -0.0367711 -60.4268 -25.2655 83.5098 0 0 0
2423.82 1 68508 146736 1.88593e-09 2.51457e-11 2.68019e-05 6.35544e-06 -0.0457944 -0.167009 0.0016194 -0.0458066 -0.167027 0.00158749 0.639222 -0.233913 -0.0154075 0.661251 -0.126617 0.0114379 -217.749 -638.932 -599.922 0 0 0
2424.32 1 179487 698810 1.65351e-06 1.50874e-10 0.000256523 1.15486e-05 -0.0714737 -0.0128263 0.000131766 -0.0714084 -0.0128323 -0.000131523 0.168256 -1.0282 0.00294001 0.204614 -1.07852 0.150194 -60.4153 -25.2587 83.4899 -961.037 -3268.59 4395.99
2424.4 1 359319 163472 1.65695e-06 7.54372e-11 0.000256701 9.16614e-06 -0.0488083 0.0966692 0.000402305 -0.0490346 0.0967835 0.000298827 -0.766054 -0.378567 0.00514066 -0.692341 -0.501332 0.054388 103.04 111.711 -42.4998 1736.37 2410.8 -972.462
2424.66 1 166791 47393 5.02914e-11 7.29226e-10 8.00736e-06 1.95259e-05 0.158237 -0.0484504 -0.00390443 0.158238 -0.0484708 -0.00388513 0.164075 0.634775 0.00342426 0.180929 0.671721 -0.000919209 -299.84 -5778.19 12677 -203.045 -915.774 -939.051
2424.67 1 604956 627210 2.51457e-11 2.11224e-09 6.35544e-06 2.78338e-05 0.0249123 -0.129547 -0.000398743 0.0249268 -0.129564 -0.000429347 0.758007 0.197234 -0.0356589 0.705976 0.240961 0.00222126 0 0 0 -71.9305 -244.149 472.488
2424.72 1 329436 798904 5.02914e-11 5.02914e-10 8.00736e-06 1.72513e-05 -0.0989245 -0.145531 -0.00425364 -0.0988994 -0.145509 -0.00424364 0.590356 -0.351914 0.00310599 0.535443 -0.422553 -0.00274994 1410.56 -484.842 -945.042 -453.655 8.64943 142.613
2424.79 1 11999 23006 1.00583e-10 1.7602e-10 1.00886e-05 1.21575e-05 0.0663258 -0.0968234 -0.00165532 0.0663325 -0.0968405 -0.00164261 0.726692 0.412636 0.0653133 0.723549 0.473353 0.0410053 211.252 -399.664 722.622 102.783 -102.548 -3352.54
2425.52 1 241531 502009 6.40713e-07 2.51457e-11 0.000187016 6.35544e-06 0.032735 -0.14293 -0.000314968 0.0326553 -0.142968 -0.000488193 0.723693 0.167247 0.00120272 0.785166 0.108746 0.0299496 12.5181 13.5948 -3.78932 0 0 0
2425.69 1 554825 337255 3.01749e-10 7.54372e-11 1.45503e-05 9.16614e-06 0.0895753 -0.132191 -0.00195393 0.0895975 -0.132171 -0.00195873 0.624689 0.340721 -0.015784 0.564419 0.332751 -0.00492803 160.099 -234.562 -1471.33 -6176.77 2560.35 7557.7
2425.97 1 359319 396530 1.65703e-06 9.55537e-10 0.000256705 2.13668e-05 -0.0606121 0.0899915 0.000482586 -0.0608346 0.0900913 0.000619973 -0.710589 -0.472088 0.00469548 -0.632421 -0.583966 0.0328728 103.021 111.709 -42.4632 54.0125 -497.061 335.41
2426.19 1 417263 223834 2.51457e-11 4.77769e-10 6.35544e-06 1.69589e-05 0.108054 -0.0285002 -0.0011746 0.107824 -0.028529 -0.00124123 0.195759 0.833301 0.0511491 0.314617 0.844272 0.0833111 0 0 0 -598.631 -220.451 843.809
2426.36 1 359319 101874 1.65798e-06 5.02914e-11 0.000256754 8.00736e-06 0.0548044 -0.0903945 -0.000442823 0.0546379 -0.0902331 -0.000314425 0.745328 0.459397 -0.00496034 0.711331 0.378967 -0.0848637 103.319 111.971 -42.0477 -511.014 -1691.48 3565.17
2426.43 1 653133 149205 2.51457e-11 4.02332e-10 6.35544e-06 1.60147e-05 0.0412438 -0.18069 -0.000112728 0.0412575 -0.180702 -0.000126949 0.637934 0.125803 -0.0204039 0.645089 0.131447 0.0197503 0 0 0 -254.786 179.503 120.392
2426.99 1 602271 131536 1.25729e-10 6.53789e-10 1.08677e-05 1.8828e-05 0.126097 -0.0793389 0.000344351 0.12612 -0.0793594 0.000346245 0.397503 0.629303 0.0324628 0.394634 0.658397 0.0111876 -831.428 -926.152 -1918.03 1824.83 1164.82 -2071.71
2427.03 1 180292 256735 5.02914e-11 2.51457e-11 8.00736e-06 6.35544e-06 -0.168777 0.0315297 -0.00234575 -0.168813 0.031506 -0.00236143 -0.113467 -0.68634 -0.0187065 -0.0697927 -0.665296 -0.00117137 -1855.09 448.629 1201.41 0 0 0
2427.15 1 152969 347393 4.52623e-10 2.51457e-11 1.6656e-05 6.35544e-06 -0.151761 -0.0615546 -0.00294753 -0.151771 -0.0615674 -0.00296786 0.278376 -0.673527 -0.0124771 0.282412 -0.628976 0.0129297 -1631.83 1648.91 -960.129 0 0 0
2427.36 1 44354 353457 6.28643e-10 4.52623e-10 1.85834e-05 1.6656e-05 0.0948103 -0.111991 0.00334705 0.0950167 -0.112165 0.00327193 0.579142 0.490865 -0.0121199 0.530413 0.528156 -0.000279563 381.484 244.142 -709.062 -571.579 5737.31 -3185.25
2427.94 1 57484 490347 4.92856e-09 5.02914e-11 3.69174e-05 8.00736e-06 -0.068532 -0.143516 -0.00235951 -0.0685385 -0.143563 -0.00235576 0.616996 -0.353612 0.0164971 0.63099 -0.271873 -0.0189881 1063.91 -143.24 -705.801 -1863.4 -781.151 2552.12
2428.11 1 259346 585516 5.02914e-11 5.02914e-11 8.00736e-06 8.00736e-06 0.0334694 0.185007 0.00374639 0.0334606 0.184764 0.00360822 -0.631065 0.0615962 -0.0181592 -0.627333 0.1435 0.0340973 858.44 -2301.75 983.532 224.801 1275.84 -1603.32
2428.46 1 69 789064 7.29226e-10 4.77769e-10 1.95259e-05 1.69589e-05 0.132236 -0.0565614 0.001559 0.132379 -0.0567875 0.00144405 0.355568 0.630363 -0.00874973 0.313637 0.69525 0.0361064 1605.42 447.256 379.879 -727.565 945.171 -858.399
2428.95 1 66715 109664 1.00583e-10 1.25729e-10 1.00886e-05 1.08677e-05 -0.00505679 -0.153436 -0.00348888 -0.00506104 -0.153423 -0.00351164 0.695091 0.00808294 -0.00390795 0.705789 -0.0404825 0.0334642 1301.11 -1566.03 289.883 986.848 -282.769 1614.41
2428.99 1 77325 739627 2.51457e-11 5.73322e-09 6.35544e-06 3.88261e-05 -0.136127 0.0821754 -0.00575717 -0.136166 0.082203 -0.00577042 -0.379176 -0.615599 -0.0155327 -0.313084 -0.620144 -0.00120151 0 0 0 -298.685 -363.325 -153.212
2429 1 12689 339834 1.15006e-06 1.25729e-10 0.000227282 1.08677e-05 0.122238 0.0130481 7.48309e-05 0.122272 0.0128215 0.000140172 -0.0832722 0.798359 -0.00276827 0.0349384 0.85217 0.0549047 -2.80982 -48.1094 141.906 588.738 474.165 975.329
2429.11 1 311665 83108 5.02914e-11 7.0408e-10 8.00736e-06 1.92989e-05 -0.170892 -0.0378005 -5.14261e-05 -0.170864 -0.0378103 -6.15481e-05 0.171268 -0.65473 0.00281087 0.120783 -0.669519 -0.0132648 2539.07 822.957 -1078.62 185.325 -103.549 -198.991
2429.62 1 126583 164992 9.80683e-10 2.01166e-10 2.15527e-05 1.27109e-05 0.120511 0.0974539 0.00161594 0.120479 0.097448 0.00162576 -0.458166 0.549925 0.0165331 -0.424892 0.590268 0.0123904 -839.628 -179.697 -928.477 113.873 380.74 -2050.79
2430.06 1 14727 51563 2.01596e-06 7.54372e-11 0.000274043 9.16614e-06 0.0826787 0.0303401 0.000262138 0.0823886 0.0303463 0.000271875 -0.35575 0.882036 0.00252397 -0.178249 0.871891 -0.0416792 -27.6706 116.096 75.726 -732.432 -908.671 -327.739
2430.85 1 307583 418465 2.51457e-10 1.92113e-08 1.36924e-05 5.81001e-05 0.094496 -0.12025 -0.00031725 0.0945556 -0.120286 -0.000289051 0.556786 0.442822 -0.0130621 0.51607 0.497913 0.00809454 -1325.54 -890.608 -127.031 6.47773 -3.86554 -97.272
2430.99 1 525976 753799 6.98397e-07 2.51457e-11 0.000192468 6.35544e-06 -0.0563824 0.120541 -0.000127954 -0.0562585 0.120684 -5.88261e-05 -0.704355 -0.341571 0.00174751 -0.683334 -0.421992 -0.0579773 15.2433 -0.502998 -20.0479 0 0 0
2431.1 1 360681 113307 1.58418e-09 1.25729e-10 2.52887e-05 1.08677e-05 -0.0240483 0.190056 0.00193857 -0.0240362 0.190089 0.00192928 -0.636219 -0.0458365 -0.00517644 -0.626347 -0.0966674 -0.0127559 240.464 134.6 -391.101 1988.37 -202.041 -476.452
2431.44 1 11346 119644 5.68293e-09 2.76603e-10 3.87123e-05 1.41344e-05 0.186568 -0.0196061 -0.000499063 0.186609 -0.0195888 -0.000534004 0.118175 0.626056 -0.0154817 0.0649102 0.653668 0.0118708 -288.744 211.19 306.36 -228.766 -881.488 -513.52
2431.56 1 84595 649978 2.01166e-10 2.51457e-11 1.27109e-05 6.35544e-06 -0.0621224 -0.152332 0.00166083 -0.0621822 -0.1521 0.00169038 0.642821 -0.242403 0.0101372 0.662523 -0.300709 0.00269531 -396.29 927.191 994.632 0 0 0
2431.64 1 14727 577406 2.01603e-06 2.51457e-11 0.000274046 6.35544e-06 0.0260579 -0.0865297 -0.000262039 0.0261425 -0.0866223 -7.65148e-06 0.889246 0.260755 0.00263433 0.880411 0.365637 -0.0240624 -27.6691 116.075 75.7236 0 0 0
2432.51 1 508041 513122 1.25729e-10 2.51457e-11 1.08677e-05 6.35544e-06 -0.00702211 0.159623 2.14318e-05 -0.00701092 0.159636 1.92833e-05 -0.720446 -0.0174928 -0.00769299 -0.704949 -0.0375277 0.011482 5700.66 53.0588 -558.393 0 0 0
2432.58 1 203711 69586 2.84147e-09 7.29226e-10 3.0726e-05 1.95259e-05 -0.110875 -0.135631 -0.000211969 -0.110878 -0.135589 -0.000184516 0.544565 -0.393941 0.029154 0.556642 -0.398714 -0.0206218 -27.4057 195.37 292.697 161.026 -162.205 1257.19
2432.62 1 785682 320310 2.51457e-11 7.0408e-10 6.35544e-06 1.92989e-05 -0.00324605 -0.173959 0.00464189 -0.00324012 -0.173938 0.00465866 0.66981 0.0237457 0.0130309 0.625289 -0.040062 0.0237746 0 0 0 -556.498 141.255 53.0605
2432.69 1 93140 235521 7.72099e-07 2.51457e-11 0.000199013 6.35544e-06 0.0026527 -0.163612 -9.22067e-05 0.00270696 -0.163505 7.69158e-05 0.700627 0.0258651 0.00069798 0.750366 -0.0428722 -0.0403938 15.3925 -48.4421 -35.7398 0 0 0
2433.19 1 216730 116369 1.00583e-10 6.53789e-10 1.00886e-05 1.8828e-05 -0.153694 -0.0208627 0.0029718 -0.15373 -0.020891 0.00295853 0.0411355 -0.694648 -0.00822079 0.238817 -0.677373 -0.0120922 -860.889 -82.2861 -123.613 2959.26 -1320.81 8486.97
2433.5 1 669805 441585 2.51457e-11 4.82798e-09 6.35544e-06 3.66645e-05 0.12469 0.0784767 0.00368965 0.124678 0.0784853 0.00364791 -0.368992 0.656571 -0.0203628 -0.363754 0.6105 0.024374 0 0 0 1059.7 -817.087 -548.769
2433.51 1 779538 102870 2.51457e-11 2.51457e-11 6.35544e-06 6.35544e-06 -0.154592 -0.0748417 -0.00149462 -0.154546 -0.0748543 -0.00151102 0.311405 -0.63369 -0.00259655 0.270007 -0.613271 0.0178225 0 0 0 0 0 0
2433.8 1 179487 225539 1.65366e-06 5.02914e-11 0.000256531 8.00736e-06 0.019924 -0.0697547 0.000174814 0.0198481 -0.0695241 0.000286345 0.997591 0.303544 -0.00234184 1.07954 0.148694 0.0262547 -60.4553 -25.322 83.4674 -1002.56 -75.5971 289.313
2433.81 1 380058 122303 2.51457e-10 2.51457e-11 1.36924e-05 6.35544e-06 -0.174342 0.0420596 -0.00370357 -0.174331 0.042077 -0.00371117 -0.154058 -0.641131 -0.00416142 -0.147296 -0.665349 0.00278063 433.593 187.837 968.288 0 0 0
2433.96 1 418465 351372 1.94628e-08 2.51457e-11 5.83525e-05 6.35544e-06 -0.0555033 0.130549 0.000631972 -0.0555405 0.130607 0.000659011 -0.732972 -0.242972 -0.00743669 -0.68702 -0.30141 -0.029911 -16.154 -26.976 -78.005 0 0 0
2434.29 1 215210 587814 3.07406e-07 2.51457e-11 0.000146407 6.35544e-06 -0.124246 0.12827 0.000171867 -0.124107 0.128301 0.000115207 -0.487577 -0.456391 -0.000805922 -0.488486 -0.467 0.0598675 207.892 8.50126 -12.0331 0 0 0
2434.55 1 525976 1327 6.98422e-07 5.02914e-11 0.00019247 8.00736e-06 -0.128914 -0.0323912 0.000219061 -0.129083 -0.0323846 0.000331334 0.182607 -0.761465 0.000850242 0.291461 -0.740023 0.019398 15.2351 -0.48146 -20.0782 -252.771 534.806 215.74
2434.72 1 215210 223213 3.07432e-07 1.7602e-10 0.000146411 1.21575e-05 -0.129201 -0.126399 -0.000221078 -0.129307 -0.126519 -0.00022644 0.463811 -0.469069 -0.000634311 0.514367 -0.438806 0.0308102 207.876 8.41987 -12.0453 894.42 177.352 -1442.47
2434.79 1 233750 197846 6.28643e-10 4.02332e-10 1.85834e-05 1.60147e-05 0.129996 0.0628968 -0.000288435 0.129996 0.0628604 -0.000285175 -0.343413 0.681738 0.011647 -0.234092 0.725234 0.00636632 688.767 1990.27 962.769 30.4167 529.988 878.098
2435.05 1 379607 752605 4.02332e-10 3.89759e-09 1.60147e-05 3.41394e-05 -0.0270012 -0.170307 0.00512913 -0.0269473 -0.170316 0.00513732 0.672662 -0.120454 0.0138938 0.615335 -0.145929 0.00226608 114.013 -144.385 623.581 -268.587 115.435 -39.5856
2435.19 1 349550 627472 2.51457e-11 4.57652e-09 6.35544e-06 3.60166e-05 0.0112679 0.155993 -0.00234669 0.0113088 0.156008 -0.00233273 -0.694392 0.0965905 -0.0321115 -0.715519 0.0185656 -0.0148097 0 0 0 142.279 -340.886 1629.59
2435.42 1 822293 49852 7.54372e-11 1.50874e-10 9.16614e-06 1.15486e-05 0.0155438 0.169194 0.000221693 0.015392 0.169226 6.04316e-05 -0.707437 0.0745545 -0.0233846 -0.673124 0.0648112 0.0138677 155.59 421.399 -1870.9 376.495 -587.675 -1166.64
2435.51 1 443948 197003 2.01166e-10 2.51457e-10 1.27109e-05 1.36924e-05 0.054626 -0.15124 -0.000344016 0.0546271 -0.15122 -0.000367362 0.63596 0.293503 -0.00125678 0.641925 0.257474 0.0168563 937.632 78.3929 1446.66 -281.927 873.366 -402.686
2435.95 1 241531 155326 6.40738e-07 5.02914e-11 0.000187019 8.00736e-06 0.147032 0.0174046 0.00013531 0.146939 0.0172434 7.56472e-05 -0.0800662 0.730875 0.00157584 -0.0761899 0.809999 -0.00980031 12.4858 13.5705 -3.76956 -77.8229 335.602 243.316
2436.23 1 162579 305935 3.77186e-10 1.58418e-09 1.56739e-05 2.52887e-05 -0.0150325 0.142923 -0.00189847 -0.0150633 0.142909 -0.00192559 -0.738916 -0.0838862 -0.0248005 -0.741036 -0.0243564 -0.0039124 666.226 1046.64 -777.386 366.787 545.893 229.808
2436.37 1 525976 262621 6.98473e-07 2.51457e-11 0.000192475 6.35544e-06 0.065397 0.118944 -0.000250819 0.0653775 0.118991 -5.45724e-05 -0.6793 0.355462 0.000497826 -0.670537 0.419194 -0.0815617 15.2222 -0.406754 -20.0969 0 0 0
2436.48 1 33412 177637 7.54372e-10 7.54372e-11 1.97478e-05 9.16614e-06 -0.0817505 -0.142585 0.00430281 -0.0817373 -0.142611 0.00429511 0.604395 -0.376092 0.00723751 0.627255 -0.285517 0.0129895 -68.8862 33.9296 -76.0826 327.999 -1161.92 3288.4
2436.87 1 230621 485054 1.44678e-06 3.77186e-10 0.000245354 1.56739e-05 0.00906931 0.0609652 -0.000148787 0.00907477 0.0611491 -0.000347592 -1.1142 0.126628 3.56761e-05 -1.14746 0.018825 0.172468 212.152 182.404 -45.5135 -1061.3 -317.203 6235.19
2437.07 1 12689 432060 1.15019e-06 7.54372e-11 0.00022729 9.16614e-06 -0.105976 -0.0572119 0.000101905 -0.105992 -0.0571172 0.000321025 0.389297 -0.72089 0.00278715 0.474576 -0.721308 -0.066182 -2.89691 -48.0704 142.032 -48.7882 1328.07 -181.786
2437.45 1 210755 356210 2.51457e-11 1.28243e-09 6.35544e-06 2.35687e-05 0.0594701 0.0724277 -0.00039893 0.0594464 0.0724154 -0.000413512 -0.729097 0.560687 -0.0215507 -0.730908 0.588919 0.0406361 0 0 0 -2538.55 2954.28 -2208.18
2437.63 1 241531 724950 6.40788e-07 2.51457e-11 0.000187023 6.35544e-06 -0.0769339 0.127973 0.000230829 -0.0768328 0.127807 0.000208859 -0.623007 -0.378179 -0.00127315 -0.648438 -0.310458 0.0355225 12.521 13.5615 -3.80669 0 0 0
2437.89 1 137003 106506 2.26311e-10 2.51457e-11 1.32199e-05 6.35544e-06 0.0571529 0.115329 -0.00472883 0.0571965 0.115601 -0.00464987 -0.710374 0.431814 -0.0149432 -0.735506 0.27673 -0.0527424 -1280.17 -1667.31 -108.52 0 0 0
2437.92 1 12689 137725 1.15027e-06 2.51457e-11 0.000227295 6.35544e-06 -0.119523 0.0167271 -0.000160592 -0.119644 0.0166018 -0.000319032 -0.107913 -0.810667 0.00266056 0.00697103 -0.73758 0.00863967 -2.91702 -48.0092 141.991 0 0 0
2438.42 1 67434 262499 5.02914e-11 6.83964e-09 8.00736e-06 4.11783e-05 -0.027218 0.128326 -0.00621118 -0.0272699 0.12833 -0.00620803 -0.776766 -0.187731 -0.0186307 -0.696072 -0.263245 0.00350409 -1298.6 -85.7069 148.54 2.401 -119.193 -1588.48
2438.53 1 551362 282604 2.51457e-11 1.7602e-10 6.35544e-06 1.21575e-05 0.0227262 -0.157418 9.15545e-05 0.0226723 -0.157037 0.000120314 0.715446 0.133684 -0.00593932 0.732115 0.0340916 -0.0099119 0 0 0 -3303.34 1227.7 3594.65
2438.59 1 525976 151869 6.98498e-07 2.51457e-11 0.000192477 6.35544e-06 0.0616955 0.120404 -0.000255041 0.0616179 0.12053 -0.000389299 -0.692509 0.334203 0.00052864 -0.708032 0.3382 0.0916388 15.1815 -0.406444 -20.0997 0 0 0
2438.7 1 215210 465227 3.07608e-07 3.26894e-10 0.000146439 1.49438e-05 0.174063 0.0164977 6.46333e-05 0.17411 0.0165303 -8.76257e-05 -0.0681504 0.678611 0.00103956 -0.104132 0.68679 0.0501236 207.44 8.61665 -11.8473 -734.3 -12.9613 606.012
2438.71 1 168846 95970 3.5204e-10 3.01749e-10 1.53175e-05 1.45503e-05 -0.117029 -0.0858428 0.00262878 -0.117044 -0.085854 0.00265247 0.406161 -0.624605 0.0170621 0.431054 -0.61056 -0.0330522 -614.774 1541.92 1566.84 -87.3178 -814.489 189.875
2439.15 1 96737 408712 1.58921e-08 2.51457e-11 5.45404e-05 6.35544e-06 -0.135589 0.024672 0.00219066 -0.135536 0.0246801 0.00222095 -0.0840422 -0.781066 0.0181968 -0.166523 -0.700656 0.0230054 -228.681 152.642 -187.012 0 0 0
2439.23 1 158264 500625 1.25729e-10 5.02914e-11 1.08677e-05 8.00736e-06 0.16442 -0.0392311 -0.00213931 0.164418 -0.0392136 -0.00214754 0.119714 0.683759 -0.0212019 0.150852 0.680563 -0.000978406 -479.028 -638.95 -450.916 626.327 -203.153 440.885
2439.26 1 525976 54308 6.98523e-07 2.51457e-11 0.00019248 6.35544e-06 0.0419536 -0.131264 0.000117959 0.0419637 -0.131306 -7.69149e-05 0.723548 0.216904 -0.0013618 0.737292 0.318674 -0.00652437 15.2098 -0.384191 -20.0945 0 0 0
2439.36 1 93140 266291 7.72124e-07 2.51457e-11 0.000199016 6.35544e-06 -0.0118272 0.165296 2.01797e-05 -0.0117403 0.16539 -0.000146896 -0.691623 -0.0349967 -0.000745311 -0.734244 -0.0399175 0.0769491 15.4065 -48.4176 -35.7565 0 0 0
2439.43 1 93140 450759 7.7215e-07 2.51457e-11 0.000199018 6.35544e-06 -0.058361 0.156114 -3.11135e-05 -0.0584736 0.15616 0.000135272 -0.649465 -0.229432 -0.000734327 -0.663233 -0.16443 -0.0634762 15.4189 -48.4142 -35.7472 0 0 0
2439.7 1 241531 261695 6.40814e-07 9.22848e-09 0.000187026 4.55024e-05 0.146084 -0.0220618 6.79796e-05 0.146305 -0.0221093 -2.0174e-07 0.117734 0.728133 0.00170629 0.0627604 0.675597 0.00613662 12.5071 13.5518 -3.7991 -373.174 -150.165 -824.663
2439.72 1 241531 58580 6.50042e-07 3.82215e-09 0.000187919 3.39178e-05 0.147675 -0.00788593 0.000101462 0.147621 -0.00770326 0.000223985 0.0465367 0.734756 0.00184729 0.0334461 0.664454 -0.0331289 8.14455 15.8491 -18.5106 -362.921 99.6137 106.413
2439.72 1 464783 601262 2.51457e-11 9.80683e-10 6.35544e-06 2.15527e-05 -0.134903 0.0746272 -0.000473016 -0.134897 0.0746401 -0.000444907 -0.297445 -0.618833 0.0268796 -0.312889 -0.631191 0.00289392 0 0 0 175.519 581.265 -2056.8
2440.27 1 359319 219371 1.65803e-06 7.54372e-11 0.000256757 9.16614e-06 -0.012401 -0.105938 -1.7895e-05 -0.0122228 -0.105874 -0.000211048 0.86268 -0.0893391 -0.00590216 0.862626 -0.301749 0.0394891 103.311 111.945 -42.0237 2396.49 2180.85 -2744.37
2440.46 1 616032 92983 1.25729e-10 5.02914e-11 1.08677e-05 8.00736e-06 0.176153 -0.0499242 -0.0013996 0.176 -0.0499877 -0.00142843 0.163874 0.626277 -0.00198307 0.222596 0.64728 0.0110738 779.796 1291.3 -1072.9 -1264.36 -1167.97 -2198.68
2440.62 1 108956 137003 3.94788e-09 2.51457e-10 3.42857e-05 1.36924e-05 -0.15007 0.0430618 -0.00199721 -0.150027 0.0430068 -0.00200112 -0.190668 -0.711995 -0.0129692 -0.243861 -0.636809 0.0265114 -227.9 414.534 1194.91 1296.38 -1802.76 -9.61501
2440.91 1 163529 354249 3.49526e-09 3.01749e-10 3.29218e-05 1.45503e-05 0.0241776 -0.17242 -0.000577612 0.0241958 -0.172385 -0.000544543 0.676639 0.110674 0.0169951 0.647712 0.111093 -0.0193826 -60.0946 187.187 82.3458 340.286 157.118 58.8126
2441.41 1 309006 306556 1.25729e-09 2.51457e-10 2.34137e-05 1.36924e-05 0.163455 -0.0275857 -0.00108064 0.163477 -0.0276136 -0.00106069 0.158953 0.699755 0.0372349 0.0997492 0.690148 -0.0192224 -1078.07 312.871 -82.4213 -319.408 422.185 -17.1032
2441.44 1 261533 311615 2.51457e-11 8.04663e-10 6.35544e-06 2.01773e-05 -0.108844 0.0176071 -0.00253641 -0.108819 0.017605 -0.00255201 -0.0831303 -0.846508 0.000876777 -0.11069 -0.83373 0.0281359 0 0 0 -1468.4 -991.445 1636.79
2441.49 1 12689 700192 1.15029e-06 2.51457e-11 0.000227297 6.35544e-06 -0.0100388 0.121706 -0.000429065 -0.00982282 0.121626 -0.000364692 -0.804207 -0.0739673 -0.000433002 -0.907477 -0.0814126 -0.0381033 -2.90546 -48.026 141.991 0 0 0
2441.57 1 122535 765719 1.14664e-08 2.51457e-11 4.89179e-05 6.35544e-06 -0.0138951 -0.179521 0.000835396 -0.0139209 -0.179539 0.000882217 0.66421 -0.0899145 -0.00307995 0.686022 -0.0243462 -0.022055 -324.727 -351.257 224.434 0 0 0
2441.68 1 215210 307492 3.07934e-07 5.02914e-11 0.000146491 8.00736e-06 0.0615301 -0.166337 -0.000234122 0.0616734 -0.166298 -0.000288798 0.625652 0.245282 0.000747578 0.575911 0.218948 0.0343263 207.416 8.99517 -11.6278 322.823 1713.02 1037.37
2441.98 1 131229 684565 2.26311e-10 2.51457e-11 1.32199e-05 6.35544e-06 -0.144933 0.0974863 -0.00136921 -0.144916 0.0974966 -0.00136866 -0.388484 -0.541237 -0.000530366 -0.406236 -0.54745 -0.0155826 -1409.58 450.537 -349.983 0 0 0
2442 1 262773 83108 3.01749e-10 7.54372e-10 1.45503e-05 1.97478e-05 -0.0584701 0.160525 0.00304436 -0.0584934 0.160551 0.00304166 -0.65509 -0.233027 -0.011755 -0.652708 -0.242194 -0.00236423 103.563 295.692 303.047 196.035 299.072 -550.39
2442.32 1 553938 675402 2.51457e-11 5.02914e-11 6.35544e-06 8.00736e-06 0.167006 -0.0368694 -0.00200911 0.167024 -0.0368314 -0.00212007 0.11624 0.686287 -0.0158418 0.112727 0.669933 0.0323253 0 0 0 -321.168 -135.489 -271.263
2443.07 1 93140 28853 7.72175e-07 2.51457e-11 0.00019902 6.35544e-06 -0.000152444 -0.163762 -4.77278e-05 -0.00023182 -0.163702 -0.00022861 0.700878 0.013255 0.000727608 0.769531 -0.0476558 -0.00484607 15.3899 -48.4308 -35.759 0 0 0
2443.45 1 284480 184328 2.51457e-11 1.25729e-09 6.35544e-06 2.34137e-05 0.154774 0.0430202 0.00192184 0.154745 0.0430203 0.0019077 -0.201591 0.68081 0.00745787 -0.150227 0.707776 -0.0170949 0 0 0 438.937 -307.758 288.16
2443.5 1 266878 121926 9.80683e-10 4.02332e-10 2.15527e-05 1.60147e-05 0.0600315 -0.154707 0.000944373 0.0599976 -0.154692 0.000958387 0.652882 0.293448 0.00761165 0.658085 0.278765 -0.0109288 1289.72 1022.36 -375.266 -1033.16 610.035 -1930.05
2443.61 1 28425 407878 2.26311e-10 5.02914e-11 1.32199e-05 8.00736e-06 0.00955237 0.167341 0.0023422 0.00957153 0.167406 0.00238372 -0.687779 0.047174 0.0215938 -0.705823 -0.0358298 -0.00647958 199.582 55.1863 179.356 684.917 1192.08 118.18
2443.82 1 155037 393648 2.26311e-10 5.02914e-11 1.32199e-05 8.00736e-06 -0.176123 -0.0128978 0.00160118 -0.176129 -0.0129005 0.00162147 0.0814281 -0.686099 -0.00984999 0.0417258 -0.668405 -0.0249339 -853.837 -326.856 120.071 1593.6 160.373 701.119
2444.11 1 93140 444754 7.722e-07 5.02914e-11 0.000199022 8.00736e-06 -0.161411 0.0466419 -0.00015267 -0.161347 0.0466824 4.20307e-05 -0.189117 -0.656342 -0.000391913 -0.132278 -0.663455 -0.0625275 15.3657 -48.4546 -35.7556 1343.54 611.887 24.1
2444.15 1 42849 95955 5.02914e-11 7.54372e-11 8.00736e-06 9.16614e-06 -0.0908116 0.107031 0.000284921 -0.0907951 0.107031 0.000278309 -0.55237 -0.551841 -0.00799723 -0.574959 -0.518207 -0.029775 2772.61 116.782 1398.98 -959.385 404.851 444.961
2444.25 1 93140 151413 7.7225e-07 2.51457e-11 0.000199026 6.35544e-06 -0.160995 -0.0459223 -0.000179885 -0.160912 -0.0457582 -8.77815e-05 0.195849 -0.657044 9.2715e-06 0.250494 -0.714952 0.0382297 15.3596 -48.3874 -35.7631 0 0 0
2444.39 1 93140 38180 7.72275e-07 1.00583e-10 0.000199028 1.00886e-05 -0.106016 -0.127511 -0.000146886 -0.105815 -0.127458 -0.0001141 0.540707 -0.432323 0.000428627 0.516269 -0.490853 0.0566505 15.3826 -48.381 -35.7894 2100.14 -2189.21 1644.99
2444.52 1 282424 34827 7.54372e-11 1.7602e-10 9.16614e-06 1.21575e-05 0.0501418 -0.13761 0.00206021 0.050146 -0.137268 0.00201409 0.704208 0.277886 -0.041376 0.708081 0.186019 -0.0266478 609.222 -231.307 -315.786 971.856 -270.298 -98.6482
2444.93 1 241531 62250 6.53864e-07 1.00583e-10 0.000188287 1.00886e-05 0.108601 0.101468 0.000294202 0.108642 0.101317 0.000171021 -0.495743 0.53844 0.000603852 -0.492091 0.632215 0.0206213 8.90817 14.2856 -15.7807 -4656.04 -493.617 1363.06
2445.07 1 328822 526443 2.51457e-10 2.31341e-09 1.36924e-05 2.86907e-05 0.109157 0.037042 -0.00329481 0.109149 0.0370683 -0.00326235 -0.256521 0.795757 -0.0232943 -0.29823 0.759885 -0.0702894 345.413 495.159 287.83 -376.384 1108.85 -420.263
2445.26 1 103823 226778 2.51457e-11 6.03497e-10 6.35544e-06 1.83323e-05 -0.118804 0.10213 -0.00114178 -0.118787 0.102119 -0.0011573 -0.470235 -0.553733 0.0257321 -0.499928 -0.494512 0.0203042 0 0 0 183.066 -23.5693 25.9085
2445.34 1 93140 630742 7.72376e-07 1.50874e-10 0.000199037 1.15486e-05 -0.0403256 0.161459 3.66759e-06 -0.0403903 0.161634 0.000105192 -0.671791 -0.156025 -0.000751792 -0.654564 -0.251537 0.00332056 15.4202 -48.4706 -35.8671 -2090.31 -842.538 -1214.15
2445.36 1 215210 120300 3.07985e-07 1.50874e-10 0.000146499 1.15486e-05 0.172562 0.0236266 0.000144613 0.172671 0.0237431 0.000126291 -0.0945163 0.677865 0.00101558 -0.161832 0.625483 0.0319303 207.357 8.9538 -11.6583 -730.854 -969.71 488.684
2445.89 1 93140 319897 7.72527e-07 2.01166e-10 0.00019905 1.27109e-05 -0.0979523 -0.133446 -0.000138035 -0.0980346 -0.133619 -4.76062e-05 0.566724 -0.399643 0.000499855 0.562219 -0.318449 0.0307432 15.542 -48.4306 -35.8171 -974.505 -409.094 2640.32
2445.91 1 241531 73781 6.53965e-07 6.11041e-09 0.000188297 3.96596e-05 0.116685 -0.0890304 -7.12417e-05 0.116656 -0.0891172 0.000139078 0.452828 0.586563 0.00185276 0.43845 0.653242 -0.0525889 8.99639 14.2678 -15.7277 -1092.29 382.626 990.451
2446.22 1 298624 26858 2.51457e-11 1.7602e-10 6.35544e-06 1.21575e-05 -0.0356328 0.171972 -0.00416551 -0.0356449 0.171957 -0.00416693 -0.678525 -0.128214 -0.00918903 -0.663126 -0.120925 -0.00281149 0 0 0 -651.375 -682.409 -1995.92
2446.65 1 338202 725425 5.02914e-11 1.01086e-08 8.00736e-06 4.69052e-05 -0.0605201 -0.160709 -0.00349166 -0.060556 -0.160735 -0.00353455 0.621247 -0.286543 -0.0269252 0.645259 -0.169108 -0.0077425 786.976 -1411.24 -1265.44 205.763 -139.109 755.454
2446.81 1 106474 533060 2.51457e-11 1.00583e-10 6.35544e-06 1.00886e-05 0.158171 -0.0813278 -0.00169742 0.158185 -0.081462 -0.00150712 0.321277 0.56666 0.0133781 0.315603 0.600011 -0.03123 0 0 0 53.5958 613.997 2962.58
2447.23 1 55116 102868 8.801e-10 4.27477e-10 2.07891e-05 1.63416e-05 -0.160599 0.0760518 0.00240744 -0.160607 0.0760884 0.00240617 -0.276533 -0.55744 -0.000698603 -0.269671 -0.617023 -0.0160617 -1015.52 -969.584 591.123 -487.624 -617.098 644.135
2447.82 1 106192 130782 1.23214e-09 1.7602e-10 2.32565e-05 1.21575e-05 -0.190291 0.032678 -0.00221627 -0.190325 0.0326861 -0.00222429 -0.111389 -0.614101 0.00470353 -0.0834607 -0.614905 -0.000633447 400.83 -600.108 -618.913 3425.22 -2012.52 -337.525
2447.97 1 151714 793145 2.51457e-10 5.38118e-09 1.36924e-05 3.80146e-05 -0.090002 0.10995 0.0049826 -0.090017 0.109926 0.00493554 -0.613733 -0.445094 0.015408 -0.617286 -0.422472 0.0400644 83.8687 -380.387 984.287 1210.29 98.0348 -179.931
2448.04 1 93140 296763 7.72728e-07 2.51457e-11 0.000199067 6.35544e-06 0.127312 0.101608 0.000172628 0.127425 0.101727 0.000296667 -0.430477 0.55777 -0.000389421 -0.476275 0.484247 0.0250181 15.3275 -48.3758 -35.9214 0 0 0
2448.06 1 93140 185477 7.72753e-07 2.51457e-10 0.00019907 1.36924e-05 0.117498 0.113183 0.000163426 0.117453 0.113284 -1.92288e-05 -0.479323 0.514955 -0.000475461 -0.500999 0.543403 0.0772229 15.3516 -48.3907 -35.9253 394.501 294.852 -390.333
2448.16 1 32699 191208 3.77186e-10 2.51457e-11 1.56739e-05 6.35544e-06 0.124866 0.135451 -0.000853563 0.124878 0.135472 -0.000837997 -0.476738 0.464487 0.00776279 -0.51894 0.40213 0.0110748 -56.8997 340.877 -900.804 0 0 0
2448.2 1 525976 101566 6.98548e-07 5.02914e-11 0.000192482 8.00736e-06 0.08789 -0.107282 1.59802e-05 0.0877544 -0.107357 0.0001438 0.583025 0.472465 -0.00129254 0.61475 0.440282 -0.0850136 15.2576 -0.390546 -20.0894 -932.58 -798.006 1207.23
2448.31 1 93140 229098 7.73005e-07 2.51457e-11 0.000199091 6.35544e-06 -0.0441427 0.16048 -1.88172e-05 -0.0439821 0.160585 6.52025e-05 -0.667661 -0.172261 -0.000841768 -0.711861 -0.247933 0.010692 15.6123 -48.21 -35.888 0 0 0
2448.47 1 18444 734820 1.58418e-09 2.51457e-11 2.52887e-05 6.35544e-06 -0.108351 0.105251 -0.00533479 -0.107917 0.1051 -0.00528386 -0.436145 -0.564507 0.000575344 -0.538105 -0.521212 -0.0122626 293.571 -899.727 947.834 0 0 0
2448.49 1 657860 98093 2.51457e-11 4.02332e-10 6.35544e-06 1.60147e-05 -0.098036 0.0963597 0.00259518 -0.0981703 0.0964479 0.00266682 -0.553104 -0.523604 0.0309359 -0.482691 -0.565053 -0.0172338 0 0 0 -573.592 5889.23 -1147.16
2448.5 1 281207 256738 7.0408e-10 2.26311e-10 1.92989e-05 1.32199e-05 -0.0209607 -0.191537 -0.00322395 -0.0209779 -0.191563 -0.00323689 0.626977 -0.101179 0.00651215 0.631709 -0.0877139 0.00219262 306.562 -720.87 -1253.14 -945.976 723.284 -1250.03
2448.8 1 26580 467311 2.51457e-10 2.51457e-11 1.36924e-05 6.35544e-06 0.159875 -0.0730599 0.00059224 0.159858 -0.0730611 0.000579688 0.274824 0.630059 -0.0078696 0.275139 0.619531 0.0219733 -476.04 -36.1336 -480.848 0 0 0
2449.07 1 323646 205252 1.00583e-10 2.51457e-10 1.00886e-05 1.36924e-05 -0.131054 0.0751643 0.00171662 -0.131051 0.0751823 0.00169578 -0.268793 -0.64924 -0.0566833 -0.311679 -0.651891 -0.00622429 -2558.81 -1566.92 -2431.35 -154.221 202.456 -451.359
2449.19 1 192732 194089 5.02914e-11 2.53972e-09 8.00736e-06 2.95974e-05 0.0173234 0.1408 -0.00146086 0.0173425 0.140767 -0.00145652 -0.712094 0.113674 -0.0125533 -0.762145 0.10856 -0.0273644 -2162.85 -1327.35 -1584.52 73.4314 360.758 47.8887
2449.36 1 93140 231086 7.7303e-07 2.51457e-11 0.000199093 6.35544e-06 0.161404 -0.00493572 0.000204425 0.161574 -0.0048607 0.000303731 0.0260642 0.709857 0.000239574 -0.0870396 0.702997 -0.0187015 15.627 -48.2188 -35.9015 0 0 0
2449.5 1 698198 443906 2.51457e-11 4.02332e-10 6.35544e-06 1.60147e-05 0.0420946 -0.171865 -0.000349667 0.0423045 -0.171456 -0.000225196 0.646732 0.229638 0.0189092 0.587744 0.118838 -0.0113886 0 0 0 -443.153 155.66 345.492
2449.64 1 274940 66035 1.00583e-10 5.02914e-11 1.00886e-05 8.00736e-06 0.0334783 0.179336 0.00277984 0.0334323 0.179506 0.00285567 -0.633431 0.156959 0.0118659 -0.617731 0.108395 -0.0120162 274.144 -1357.98 2750.16 141.834 1509.17 -26.5072
2449.86 1 525976 213523 6.98598e-07 7.54372e-11 0.000192487 9.16614e-06 -0.0827965 0.103141 -2.11514e-05 -0.0827792 0.10294 -5.51953e-05 -0.611064 -0.496008 0.00135575 -0.647628 -0.407204 -0.0199473 15.3062 -0.42602 -20.0541 -3059.82 2936.69 -562.153
2449.86 1 714086 761066 2.51457e-11 5.02914e-11 6.35544e-06 8.00736e-06 0.00554948 -0.188307 -0.00292915 0.00550891 -0.188445 -0.0029479 0.644123 -0.0338231 0.012086 0.652468 0.00174104 0.0175768 0 0 0 -2214.73 359.953 -359.012
2449.93 1 179487 30070 1.65371e-06 1.7602e-10 0.000256534 1.21575e-05 -0.0200623 -0.0705611 0.00020907 -0.0203191 -0.0706477 0.000229249 0.993354 -0.277927 -0.000792375 1.09583 -0.217355 -0.0813358 -60.4247 -25.3076 83.4549 -2455.82 5252.51 4100.05
2449.96 1 554825 423226 3.77186e-10 7.97119e-09 1.56739e-05 4.33344e-05 -0.123141 0.0772163 0.00351694 -0.123081 0.0772073 0.00351183 -0.37169 -0.672459 0.0025772 -0.456534 -0.595487 0.0137568 -20.7381 93.6892 1179.16 220.39 621.633 490.887
2450.06 1 215210 360681 3.08136e-07 1.70991e-09 0.000146523 2.59407e-05 0.0990281 -0.146138 -0.000194779 0.099071 -0.146303 -0.000232955 0.552089 0.388999 0.000795568 0.556903 0.444586 0.0252111 207.337 8.82106 -11.5269 54.5759 116.007 -589.3
2450.3 1 93140 76813 7.73055e-07 1.25729e-10 0.000199095 1.08677e-05 -0.117088 -0.117325 -0.000185012 -0.117128 -0.117145 -8.34776e-05 0.498924 -0.479802 0.000517773 0.461553 -0.567891 -0.0220658 15.6246 -48.2326 -35.8845 1454.4 733.76 -951.816
2450.73 1 525976 134295 6.98674e-07 2.51457e-11 0.000192493 6.35544e-06 0.0872404 0.103477 -0.000234699 0.087332 0.103571 -8.46327e-05 -0.600267 0.48093 0.000162075 -0.671711 0.492991 -0.037144 15.356 -0.413482 -20.0931 0 0 0
2450.75 1 93140 119569 7.73181e-07 2.51457e-11 0.000199106 6.35544e-06 0.145403 -0.0697519 0.000162966 0.14545 -0.0699403 8.55803e-05 0.306586 0.641822 0.000477427 0.250578 0.708302 0.0339616 15.6711 -48.2674 -35.7698 0 0 0
2450.83 1 815136 629929 2.51457e-11 2.51457e-11 6.35544e-06 6.35544e-06 -0.0192742 -0.177026 0.00137103 -0.0192984 -0.177138 0.00136505 0.665058 -0.124224 -0.0129156 0.683652 -0.0308846 -0.00273445 0 0 0 0 0 0
2451.12 1 38091 99986 5.02914e-11 2.26311e-10 8.00736e-06 1.32199e-05 0.162453 -0.0902015 0.00105888 0.162471 -0.0901894 0.0010627 0.353244 0.542423 0.0238709 0.301635 0.563725 0.0081156 755.363 1855.68 1715.19 35.4302 1768.64 -4106.02
2451.92 1 93140 841384 7.73206e-07 2.51457e-11 0.000199108 6.35544e-06 -0.0329803 -0.160467 -5.75714e-05 -0.0330111 -0.160261 -5.92809e-05 0.688555 -0.127492 0.000810904 0.717393 -0.19577 -0.0509703 15.6678 -48.2591 -35.7831 0 0 0
2452.26 1 24463 311373 5.02914e-11 1.00583e-10 8.00736e-06 1.00886e-05 0.0922155 -0.134935 0.00273779 0.0922166 -0.135029 0.00271989 0.598709 0.355736 0.0159029 0.599489 0.419047 0.0216585 1006.63 1035.7 -704.335 251.117 -921.335 1070.75
2452.38 1 12689 183385 1.15032e-06 1.30758e-09 0.000227299 2.37218e-05 0.0630374 -0.10375 0.000422037 0.0630824 -0.103871 0.000644025 0.699364 0.413694 -0.000835883 0.719575 0.504166 -0.0763673 -2.90166 -48.0227 141.976 396.651 239.639 913.614
2452.7 1 66849 321858 5.02914e-11 1.43331e-09 8.00736e-06 2.44589e-05 0.0470444 -0.162219 -0.00176005 0.0470571 -0.16224 -0.0017841 0.650639 0.16641 -0.0369264 0.679244 0.18355 0.0228385 1115.65 77.1687 -1312.99 -500.728 81.4718 -67.9826
2452.88 1 694640 632714 2.51457e-11 7.54372e-11 6.35544e-06 9.16614e-06 0.10027 0.0620954 0.00122077 0.10015 0.0619794 0.0010419 -0.419271 0.754743 -0.0599589 -0.366021 0.798772 0.00958474 0 0 0 -618.582 -53.5226 -407.492
2453.2 1 440727 533060 8.801e-10 1.25729e-10 2.07891e-05 1.08677e-05 0.103955 -0.130994 5.73618e-05 0.103936 -0.130979 7.9002e-05 0.567546 0.445252 0.0187246 0.558803 0.429841 -0.0189818 -341.609 636.134 -1305.17 -1184.2 -1023.29 1116.24
2453.83 1 221733 84584 3.06778e-09 7.54372e-11 3.15209e-05 9.16614e-06 0.0516623 0.0820701 -0.00139746 0.0516441 0.0819293 -0.00148024 -0.823422 0.423726 -0.0161121 -0.774948 0.557779 0.0541372 334.376 -337.221 -842.106 735.642 169.443 33.8978
2453.98 1 241531 197003 6.60075e-07 4.52623e-10 0.000188881 1.6656e-05 -0.0187377 0.148987 0.000236583 -0.0186875 0.148826 0.000359676 -0.719612 -0.0876146 -0.000704435 -0.765702 -0.013777 -0.0278342 2.43662 11.2751 -17.0913 -936.496 -7.73631 -131.255
2453.98 1 104020 702411 7.54372e-11 2.51457e-11 9.16614e-06 6.35544e-06 0.0562731 0.185941 0.00378832 0.0562442 0.185774 0.00387677 -0.605256 0.18793 0.0019138 -0.599671 0.227916 -0.0186394 1922.77 -1708.76 -949.671 0 0 0
2454.2 1 592278 187791 2.51457e-11 9.45479e-09 6.35544e-06 4.58714e-05 0.113396 0.128552 -0.00308048 0.113337 0.128526 -0.00308257 -0.505335 0.4422 -0.00372733 -0.414978 0.505364 0.000674155 0 0 0 -254.021 -92.3238 -153.51
2454.52 1 241531 63226 6.60528e-07 2.51457e-11 0.000188924 6.35544e-06 -0.0524432 -0.136824 -0.000272084 -0.052529 -0.136983 -0.000356458 0.696282 -0.258604 9.66402e-05 0.701353 -0.181714 0.040536 2.20174 11.0553 -17.2495 0 0 0
2454.65 1 241531 87548 6.60553e-07 9.80683e-10 0.000188927 2.15527e-05 0.041187 -0.139993 -0.000205055 0.0410779 -0.139977 -0.000387592 0.714888 0.212147 0.000864376 0.765957 0.204832 0.0741623 2.2018 11.0628 -17.2638 -64.4126 321.954 -156.802
2454.67 1 374320 185076 1.25729e-10 1.33272e-09 1.08677e-05 2.38729e-05 -0.164823 0.0322105 0.00213968 -0.165023 0.0322658 0.00219909 -0.187859 -0.669594 0.0192396 -0.0989143 -0.69929 -0.0129196 688.777 -882.424 -33.7435 -46.5977 87.812 301.981
2454.67 1 47142 18307 2.51457e-11 1.25729e-10 6.35544e-06 1.08677e-05 -0.174425 0.00706523 -0.00325512 -0.174547 0.00708659 -0.00318141 -0.0438544 -0.668826 0.0194842 -0.00542644 -0.679101 -0.000258144 0 0 0 382.465 80.7603 673.864
2454.98 1 570552 752715 7.24197e-09 2.51457e-11 4.19704e-05 6.35544e-06 -0.0461668 -0.168607 -0.00117766 -0.0462035 -0.168575 -0.00119622 0.640835 -0.1408 0.0175267 0.667713 -0.158695 0.0184267 33.2547 232.234 402.413 0 0 0
2455.28 1 187791 582962 9.47994e-09 1.50874e-10 4.5912e-05 1.15486e-05 0.1028 -0.0859073 -0.000605833 0.102775 -0.0858531 -0.000582923 0.591941 0.582533 -0.0151114 0.569399 0.499198 0.00237314 -252.844 -91.7014 -157.036 -963.632 1167.18 -767.908
2455.31 1 359319 762833 1.65811e-06 2.51457e-11 0.000256761 6.35544e-06 0.0824992 0.0668875 -0.000446768 0.0827358 0.0668804 -0.00056537 -0.541976 0.681302 0.00492988 -0.666611 0.588927 0.00750032 103.237 111.923 -42.086 0 0 0
2455.32 1 26875 369299 5.02914e-11 1.05612e-09 8.00736e-06 2.20917e-05 -0.0638749 0.143287 -0.000834674 -0.063894 0.143263 -0.000817227 -0.644084 -0.316849 -0.0150302 -0.6269 -0.270438 -0.0197357 352.86 403.782 1225.08 1567.49 -2126.2 3991.93
2455.32 1 241531 139275 6.61534e-07 2.26311e-10 0.00018902 1.32199e-05 -0.0680912 0.133796 0.000143208 -0.067923 0.13376 3.26468e-05 -0.645868 -0.32916 -0.00133598 -0.705559 -0.212988 0.0292339 2.17499 10.9049 -17.2239 100.956 141.875 889.326
2455.48 1 40425 157827 1.00583e-10 1.30758e-09 1.00886e-05 2.37218e-05 -0.0782256 -0.152286 0.000434103 -0.0782074 -0.152266 0.000460347 0.646281 -0.294015 0.00382726 0.587158 -0.330929 -0.014252 -1546.85 3634.82 -1984.25 353.705 -187.351 400.322
2455.53 1 258693 529079 2.51457e-11 1.70991e-09 6.35544e-06 2.59407e-05 -0.14288 0.0874262 0.000662936 -0.142873 0.0873969 0.000650846 -0.358059 -0.604986 0.0424512 -0.352458 -0.582673 0.00311309 0 0 0 674.708 1398.82 -718.978
2455.55 1 12689 559490 1.15162e-06 5.02914e-11 0.000227385 8.00736e-06 0.0412611 0.115669 -0.000384349 0.0412745 0.115689 -0.000618673 -0.758988 0.263364 -0.00157279 -0.794337 0.318431 0.084129 -3.49237 -47.4964 142.076 842.173 146.301 -937.723
2455.84 1 295832 230692 2.28826e-09 5.02914e-11 2.85864e-05 8.00736e-06 0.0939951 0.126439 0.000781145 0.0943162 0.126514 0.000655426 -0.515956 0.450912 -0.00170819 -0.61747 0.417519 0.0381434 -999.444 168.426 -267.928 -387.027 609.998 -2038.48
2455.95 1 215210 153600 3.09846e-07 7.54372e-11 0.000146793 9.16614e-06 -0.141691 0.110831 9.95279e-05 -0.14178 0.110784 0.000222374 -0.418771 -0.514416 -0.00117681 -0.390173 -0.507323 -0.0564872 204.233 7.97601 -9.49925 -648.62 621.018 602.211
2456.02 1 14727 396373 2.01606e-06 2.51457e-11 0.000274047 6.35544e-06 0.0776262 0.0411343 0.00032389 0.0774091 0.0411171 0.000139716 -0.469431 0.829784 0.00174895 -0.334665 0.817129 0.0999481 -27.6786 116.072 75.7254 0 0 0
2456.08 1 215210 57613 3.09921e-07 5.02914e-11 0.000146805 8.00736e-06 -0.177312 0.037552 -5.43457e-05 -0.177402 0.0374358 -1.6699e-06 -0.144599 -0.642366 -0.00123705 -0.0799072 -0.64936 -0.0179948 204.199 7.93382 -9.47439 -150.759 -1040.3 1219.12
2456.38 1 434818 357381 1.00583e-10 2.01166e-10 1.00886e-05 1.27109e-05 0.137609 -0.137112 0.000139978 0.137592 -0.137096 0.000137893 0.415431 0.437276 0.0174001 0.45462 0.441013 0.00680102 505.877 -554.029 -1264.2 -105.057 1238.84 2099.03
2456.91 1 525976 410071 6.98699e-07 2.51457e-11 0.000192496 6.35544e-06 -0.00602625 -0.136845 0.000153217 -0.00622059 -0.136896 0.000139669 0.757873 -0.0464581 -0.000981759 0.808728 0.0356603 0.00907359 15.3422 -0.431191 -20.0729 0 0 0
2457.05 1 58416 101041 1.68476e-09 1.00583e-10 2.58129e-05 1.00886e-05 -0.0457993 -0.130796 0.00182599 -0.0457818 -0.130788 0.00185744 0.734916 -0.183445 0.0345195 0.741387 -0.15856 -0.0392642 -301.113 -945.06 719.553 -2735.78 -1669.23 -8309.8
2457.11 1 155470 232948 1.83815e-08 3.01749e-10 5.72513e-05 1.45503e-05 0.147966 -0.022126 0.00252505 0.147942 -0.0221294 0.00259618 0.106123 0.728742 0.00916484 0.152272 0.728686 -0.0056894 -30.0728 121.767 91.7075 78.0077 -774.771 992.258
2457.41 1 149205 449096 4.27477e-10 5.02914e-11 1.63416e-05 8.00736e-06 -0.0549682 0.177192 -0.0010945 -0.0549625 0.177161 -0.00111156 -0.621305 -0.210237 -0.0160536 -0.628585 -0.152002 0.00631621 -446.089 -174.885 194.661 184.972 -1363.88 1551.79
2457.46 1 12689 71879 1.15167e-06 7.54372e-11 0.000227388 9.16614e-06 0.0288189 0.119304 -0.000404439 0.0285987 0.119369 -0.000465809 -0.783154 0.182383 -0.00140903 -0.777139 0.0574207 -0.0339667 -3.46121 -47.4778 142.068 1017.77 -1276.46 -1727.06
2457.65 1 215210 72013 3.09971e-07 4.27477e-10 0.000146813 1.63416e-05 -0.154828 0.0927236 6.93315e-05 -0.154911 0.0928444 0.000142727 -0.34964 -0.561441 -0.00124582 -0.336351 -0.58668 -0.0557082 204.188 7.96685 -9.31794 572.629 -66.2888 -349.52
2457.77 1 278107 553972 2.01166e-10 7.54372e-11 1.27109e-05 9.16614e-06 -0.175253 0.0223576 -0.00215037 -0.175137 0.0221438 -0.00226813 -0.0392481 -0.698786 -0.0043881 -0.077193 -0.639842 0.0273937 -89.0544 750.759 -41.2749 -370.34 -512.752 -215.487
2458.1 1 748855 117226 3.26894e-10 6.03497e-10 1.49438e-05 1.83323e-05 0.0782942 -0.15675 0.00226765 0.078271 -0.156749 0.00229492 0.586134 0.303543 0.00297447 0.620662 0.239518 -0.0170409 1042.25 718.254 -86.8899 -26.1138 629.789 159.76
2458.26 1 195736 65784 5.02914e-11 2.46428e-09 8.00736e-06 2.93014e-05 0.164376 -0.0244874 -0.000695456 0.164341 -0.0244682 -0.000689342 0.106264 0.703077 -0.0162964 0.129252 0.682821 -0.0277065 786.356 995.387 965.268 -315.539 -393.969 272.437
2458.34 1 115924 671539 2.51457e-11 1.98651e-09 6.35544e-06 2.72702e-05 -0.105658 -0.093627 0.00166615 -0.105646 -0.0935928 0.00168157 0.458624 -0.561107 -0.0173657 0.434522 -0.616562 -0.00345751 0 0 0 -182.017 312.969 -243.4
2458.85 1 255079 51546 3.77186e-10 9.55537e-10 1.56739e-05 2.13668e-05 -0.158413 0.0232827 0.0010889 -0.158031 0.023097 0.00104896 -0.0290775 -0.736492 -0.0475311 -0.200018 -0.663241 -0.0366747 1222.38 392.567 1288.95 640.292 -1076.28 -11.1544
2459.31 1 523409 207872 1.50874e-10 7.54372e-11 1.15486e-05 9.16614e-06 0.126161 -0.0505674 -0.00315996 0.126188 -0.0505694 -0.00315271 0.324515 0.702392 0.00980425 0.259026 0.732094 0.0312487 -1547.73 466.775 -702.976 2641.99 1187.08 -4144.37
2459.49 1 183958 456649 2.51457e-11 4.75757e-08 6.35544e-06 7.86055e-05 -0.14676 -0.078958 0.000710944 -0.146804 -0.0790192 0.000667848 0.248751 -0.601513 -0.00794509 0.346286 -0.594373 -0.00486211 0 0 0 144.197 85.8505 94.5338
2459.5 1 359319 15954 1.65813e-06 2.51457e-11 0.000256762 6.35544e-06 -0.108161 -0.0042241 0.00072162 -0.107934 -0.00436028 0.000696632 0.0378389 -0.853458 -0.00186573 -0.083655 -0.810795 -0.0122288 103.228 111.928 -42.098 0 0 0
2459.85 1 456649 270354 4.76008e-08 2.51457e-11 7.86193e-05 6.35544e-06 0.0719351 -0.141839 -0.00108566 0.0719638 -0.141825 -0.00100458 0.637988 0.336005 -0.00291051 0.631018 0.280843 -0.0390448 144.096 84.9065 95.6577 0 0 0
2460.12 1 523905 162996 5.02914e-11 4.52623e-10 8.00736e-06 1.6656e-05 0.0628011 0.15124 -0.00355209 0.062795 0.151277 -0.003562 -0.63087 0.332005 -0.00400038 -0.622066 0.255804 -0.0178221 -2969.45 -4511.95 -2597.11 240.556 618.293 -100.336
2460.14 1 179487 726639 1.65388e-06 3.26894e-10 0.000256543 1.49438e-05 -0.0302589 -0.0669768 0.000208267 -0.0303976 -0.0671832 0.000323569 0.938935 -0.423248 -0.000488965 0.967575 -0.337028 -0.0830021 -60.3913 -25.3771 83.4141 2284.67 1493.25 3008.69
2460.35 1 215210 247183 3.10399e-07 1.68476e-09 0.000146881 2.58129e-05 0.173239 0.0213827 0.000170415 0.173228 0.0213763 -1.84546e-06 -0.0874297 0.678573 0.00115794 -0.106636 0.614206 0.00967166 202.976 7.38479 -9.22545 110.841 6.63175 135.889
2460.41 1 12689 215881 1.15175e-06 7.54372e-11 0.000227393 9.16614e-06 -0.0671093 0.101442 -0.000433604 -0.0671422 0.101455 -0.000198049 -0.673432 -0.452242 0.00104984 -0.728483 -0.43747 -0.105569 -3.4917 -47.4966 142.139 3291.54 -2735.6 244.224
2460.49 1 93140 212231 7.73231e-07 2.51457e-11 0.000199111 6.35544e-06 -0.166102 -0.0114941 -0.000206237 -0.166271 -0.0116054 -0.000156406 0.0537744 -0.686495 2.21119e-05 0.157224 -0.694137 -0.0265298 15.6448 -48.2599 -35.7891 0 0 0
2460.62 1 12689 47709 1.15182e-06 1.65962e-09 0.000227398 2.56839e-05 -0.107535 -0.0551271 0.000100356 -0.107411 -0.0550286 -9.66918e-05 0.373146 -0.726006 0.00291283 0.330449 -0.776368 0.0674785 -3.50658 -47.5439 142.124 -155.751 256.115 96.2504
2461.17 1 769 225424 2.51457e-10 2.51457e-11 1.36924e-05 6.35544e-06 0.105599 0.117308 -0.00420874 0.105598 0.117331 -0.00419611 -0.509522 0.502926 0.0223545 -0.506302 0.444578 0.00483143 370.594 -453.261 1205.28 0 0 0
2461.17 1 649188 402584 5.02914e-11 4.02332e-09 8.00736e-06 3.45027e-05 0.0309732 0.106129 0.00522717 0.0309925 0.106177 0.00523231 -0.744774 0.29947 0.0357191 -0.838358 0.238874 0.0226566 2476.62 -204.275 -870.065 -469.602 979.428 -312.936
2462.55 1 169948 68867 2.51457e-11 8.54954e-10 6.35544e-06 2.05892e-05 -0.173105 0.0469208 -0.000729449 -0.173095 0.046944 -0.000719162 -0.146072 -0.632056 -0.022455 -0.163904 -0.66097 -0.0183299 0 0 0 146.151 -166.283 -209.221
2462.69 1 241531 324247 6.6176e-07 5.02914e-11 0.000189042 8.00736e-06 0.0991357 0.111849 0.000285843 0.0993002 0.111843 0.000175958 -0.538405 0.491516 0.000161978 -0.552079 0.531252 0.076551 2.45451 10.9338 -16.797 8879.76 -26.9236 2898.46
2462.96 1 53250 180761 7.54372e-11 2.51457e-10 9.16614e-06 1.36924e-05 0.0616273 -0.151623 0.000629376 0.0616252 -0.151358 0.000698918 0.648761 0.309408 0.0229401 0.652674 0.225644 -0.00543734 -629.478 -941.668 -1056.16 -126.284 -858.326 358.163
2463.26 1 215210 631223 3.12084e-07 2.51457e-11 0.000147146 6.35544e-06 0.0107575 -0.178983 -0.000334993 0.0106101 -0.178993 -0.000289875 0.663689 0.0531115 0.000605457 0.723066 0.0790207 0.0239858 194.264 9.42922 -8.75337 0 0 0
2463.92 1 215210 19044 3.12109e-07 1.00583e-10 0.00014715 1.00886e-05 0.0883423 0.151217 0.000366405 0.0883682 0.15109 0.000459936 -0.584349 0.35083 0.000195129 -0.629036 0.36937 -0.0409475 194.225 9.48491 -8.78187 1690.33 -2102.58 1489.96
2464.06 1 235002 479360 1.88593e-09 2.51457e-11 2.68019e-05 6.35544e-06 0.164329 0.121928 -0.00214823 0.164347 0.121952 -0.00213148 -0.322496 0.498387 0.0138272 -0.387907 0.452583 -0.000345255 -1789.28 -1823.9 201.951 0 0 0
2464.3 1 288369 69151 9.80683e-10 2.26311e-10 2.15527e-05 1.32199e-05 -0.0808003 0.160098 0.00244376 -0.0808324 0.160085 0.00244023 -0.623781 -0.278029 -0.015843 -0.614965 -0.28133 0.0103911 604.344 525.866 449.543 -423.935 11.9448 -1080.85
2464.33 1 203540 161477 8.29809e-10 7.54372e-11 2.03853e-05 9.16614e-06 0.0633164 0.0706242 0.00084239 0.0635456 0.0709007 0.000675666 -0.673561 0.649636 -0.0922686 -0.78594 0.505548 -0.00880878 596.369 568.964 213.108 1850.4 290.209 -1222.15
2464.4 1 430613 51546 2.51457e-11 1.33272e-09 6.35544e-06 2.38729e-05 -0.158 0.0247012 0.000571052 -0.158001 0.0247249 0.000591318 -0.155687 -0.68802 0.020146 -0.16436 -0.680319 -0.0406121 0 0 0 1326.73 1816.09 -3199.17
2464.64 1 295884 105377 2.51457e-11 5.02914e-11 6.35544e-06 8.00736e-06 -0.0827046 -0.106333 -0.000416298 -0.0826446 -0.106234 -0.000673029 0.637423 -0.411735 -0.0335211 0.61978 -0.439079 0.0394257 0 0 0 1169.36 1180.7 -894.18
2464.78 1 366340 24481 9.05246e-10 4.02332e-10 2.09852e-05 1.60147e-05 -0.173039 0.00250059 -0.000709316 -0.173075 0.00249572 -0.000700879 -0.024199 -0.667552 -0.00815379 0.0256963 -0.682961 0.0240657 -576.931 480.886 -206.017 60.584 276.884 42.6705
2465.03 1 241531 471406 6.6181e-07 7.54372e-11 0.000189047 9.16614e-06 0.146427 -0.0171661 0.000135719 0.146417 -0.0171278 -6.15935e-05 0.0958892 0.732755 0.00123414 0.138486 0.70129 0.0694512 2.47654 10.8736 -16.7601 1235.93 1171.53 -39.8051
2465.15 1 12689 52966 1.15348e-06 1.50874e-10 0.000227507 1.15486e-05 -0.0910485 0.0811953 -0.000393016 -0.091121 0.0812747 -0.000608306 -0.532028 -0.608728 0.0017832 -0.621331 -0.595734 0.0834273 -3.74835 -47.4001 141.641 -2724.04 -3973.92 934.237
2465.55 1 57616 253994 2.73837e-08 1.00583e-10 6.53866e-05 1.00886e-05 -0.165785 0.0202581 0.000560855 -0.165844 0.0203059 0.000552868 -0.156308 -0.633428 -0.00688909 -0.110343 -0.688127 0.0133066 -184.898 -269.248 423.858 -1250.2 536.674 -296.472
2465.63 1 241531 716745 6.61886e-07 2.51457e-11 0.000189054 6.35544e-06 -0.140472 0.0519556 -7.63556e-05 -0.140298 0.0518748 -3.99173e-05 -0.244105 -0.685331 -0.00132519 -0.321862 -0.68414 -0.0382223 2.44771 10.8103 -16.7674 0 0 0
2465.92 1 154333 473379 7.29226e-10 2.01166e-09 1.95259e-05 2.73848e-05 -0.137258 0.0726313 0.00172701 -0.136993 0.072667 0.00172837 -0.285678 -0.624453 -0.013124 -0.398991 -0.648949 0.00109956 737.061 298.173 737.286 -108.838 -88.3048 -242.248
2466.3 1 622351 585127 4.55138e-09 2.51457e-11 3.59505e-05 6.35544e-06 0.185043 0.00628466 0.00182411 0.185069 0.00630722 0.00185555 -0.0290426 0.629809 0.0153136 -0.0600884 0.642367 -0.0234564 123.883 402.299 -1091.14 0 0 0
2466.44 1 241531 515354 6.61911e-07 2.01166e-10 0.000189056 1.27109e-05 0.125452 0.0803369 0.000380442 0.125616 0.0804609 0.000397326 -0.385903 0.621527 0.000863976 -0.443634 0.552015 -0.0148047 2.45536 10.8192 -16.7825 -113.512 183.863 -1341.04
2466.73 1 359319 255169 1.65816e-06 5.02914e-11 0.000256763 8.00736e-06 0.0302943 -0.10176 -0.000400485 0.0303886 -0.10177 -0.000146154 0.832259 0.2574 -0.00513278 0.792985 0.294048 -0.100921 103.227 111.928 -42.1009 660.555 941.281 -105.983
2466.77 1 379146 363528 1.13156e-09 2.51457e-11 2.26056e-05 6.35544e-06 0.170545 -0.0373133 0.00285241 0.17053 -0.0372865 0.00284577 0.0931102 0.676354 -0.00244082 0.177935 0.64884 -0.0178482 381.609 366.267 125.044 0 0 0
2467.04 1 57859 640712 3.5204e-10 7.29226e-10 1.53175e-05 1.95259e-05 0.145628 -0.0483055 -0.00533579 0.1456 -0.0483055 -0.0053149 0.215355 0.674353 0.0128177 0.204074 0.675178 -0.0176601 -56.5097 797.893 1157.61 20.9453 -1167.02 84.9229
2467.2 1 14973 501989 7.54372e-11 2.51457e-11 9.16614e-06 6.35544e-06 -0.0445109 0.0972574 0.00335073 -0.0445096 0.0972229 0.00335424 -0.809205 -0.394058 -0.0213021 -0.846439 -0.254267 0.00151972 2940.19 -1405.01 -1627.12 0 0 0
2467.3 1 55116 226178 1.30758e-09 2.51457e-11 2.37218e-05 6.35544e-06 0.150905 0.000108826 -0.000738498 0.150931 8.94409e-05 -0.000748516 0.0164839 0.76083 0.0113202 -0.0612891 0.740231 -0.00358122 -1223.64 -730.041 643.4 0 0 0
2467.37 1 241531 59761 6.62112e-07 8.54954e-10 0.000189075 2.05892e-05 0.062879 -0.132297 -0.000198975 0.0629962 -0.132388 -4.8548e-05 0.672956 0.318135 0.00180868 0.612969 0.336581 -0.0490942 2.43762 10.8481 -16.8668 38.2871 -640.713 1238.33
2467.63 1 167840 661298 2.51457e-11 1.25729e-09 6.35544e-06 2.34137e-05 0.130054 0.0431832 -0.00496864 0.130073 0.0431855 -0.00494488 -0.194848 0.762084 -0.00788466 -0.27406 0.725508 0.0337064 0 0 0 -656.075 353.92 159.216
2467.78 1 633248 64397 1.00583e-10 5.02914e-11 1.00886e-05 8.00736e-06 -0.0907662 -0.118943 -0.000637159 -0.0907691 -0.11896 -0.000672394 0.575423 -0.46396 -0.0251585 0.562046 -0.449658 0.0230509 -281.51 436.519 957.866 464.927 258.777 -49.701
2467.83 1 93140 366340 7.73256e-07 1.30758e-09 0.000199113 2.37218e-05 -0.165132 0.0163319 -0.000177214 -0.16532 0.0162767 -0.000286306 -0.064187 -0.687813 -0.000223106 0.0102184 -0.665792 0.0258221 15.6508 -48.2559 -35.7608 -329.672 1798.02 650.728
2467.85 1 93140 458709 7.74564e-07 2.51457e-11 0.000199225 6.35544e-06 -0.16584 0.00150117 -0.00018051 -0.165828 0.00158457 7.40417e-06 -0.00164179 -0.691107 -0.000108907 0.0595499 -0.694915 -0.0699192 15.7013 -48.4188 -35.6485 0 0 0
2467.93 1 215210 195403 3.12209e-07 1.25729e-10 0.000147166 1.08677e-05 -0.167035 -0.0710982 -0.0003105 -0.166888 -0.0710764 -0.000249909 0.258053 -0.604352 -0.00108649 0.204972 -0.636344 -0.0267176 194.253 9.36085 -8.96865 -1208.62 993.142 50.8323
2467.95 1 430755 578657 6.03497e-09 2.51457e-11 3.94957e-05 6.35544e-06 0.0883558 -0.113393 -0.00342917 0.0883795 -0.113441 -0.00342738 0.599521 0.473119 -0.00666116 0.536599 0.530821 -0.0198652 234.605 71.2976 -130.903 0 0 0
2468.15 1 215210 258248 3.12335e-07 2.51457e-11 0.000147185 6.35544e-06 -0.0664805 -0.167556 -0.000430135 -0.0664159 -0.167445 -0.000519161 0.61905 -0.23413 6.03337e-05 0.639135 -0.29044 0.0265085 194.184 9.38189 -9.12656 0 0 0
2468.17 1 359319 511708 1.65821e-06 3.77186e-10 0.000256766 1.56739e-05 -0.0629176 -0.0868256 0.000245343 -0.0626392 -0.0868102 0.000249839 0.704712 -0.497005 -0.00566349 0.591328 -0.638239 -0.0141803 103.212 111.922 -42.0952 -2637.49 -1684.39 2527.07
2468.21 1 854923 183877 2.51457e-11 1.00583e-10 6.35544e-06 1.00886e-05 0.150987 -0.0824254 0.00201422 0.15084 -0.0822924 0.00195727 0.329479 0.630583 0.00877527 0.372089 0.596918 0.0259367 0 0 0 771.39 -1389.31 -747.603
2468.25 1 95717 323242 1.036e-08 2.01166e-10 4.7291e-05 1.27109e-05 0.0314383 -0.0856134 0.00136584 0.0314903 -0.0856306 0.00133199 0.899231 0.297551 -0.012988 0.763632 0.465956 -0.0523259 317.102 139.14 -1166.35 430.992 323.454 -1685.56
2468.76 1 222445 50660 2.51457e-11 2.26311e-10 6.35544e-06 1.32199e-05 -0.162556 0.0276627 0.00130757 -0.162574 0.0276586 0.00129937 -0.151152 -0.676472 -0.0131949 -0.1378 -0.691665 0.00287501 0 0 0 -766.494 -2080.46 2133.21
2469.05 1 93140 215193 7.74589e-07 4.77769e-10 0.000199227 1.69589e-05 -0.0615156 0.153732 -4.50863e-05 -0.0613419 0.153864 -3.13516e-05 -0.644258 -0.252808 -0.000729236 -0.726913 -0.266975 0.0107502 15.6901 -48.3909 -35.6571 389.4 1365.86 163.929
2469.08 1 94506 36911 2.51457e-11 1.50874e-10 6.35544e-06 1.15486e-05 -0.169869 0.0532641 -0.000824638 -0.169856 0.0532555 -0.000816107 -0.171894 -0.625796 0.00972768 -0.199816 -0.657291 -0.020987 0 0 0 -30.8283 161.489 112.045
2469.89 1 613518 243377 1.53389e-09 7.54372e-10 2.50182e-05 1.97478e-05 0.0701941 0.167648 -0.000493308 0.0701684 0.167609 -0.000493934 -0.584864 0.228654 0.00260784 -0.597792 0.266748 -0.0176744 -598.272 180.56 374.718 270.269 -1.07485 -349.598
2469.98 1 63642 547327 1.25729e-10 7.54372e-11 1.08677e-05 9.16614e-06 0.012918 0.168303 0.000674937 0.0129348 0.16832 0.000677277 -0.664646 0.0466779 -0.00808086 -0.713234 0.00810621 -0.0160725 -898.163 -1408.35 572.321 -1070.31 -829.501 1587.72
2470.04 1 89396 459583 1.25729e-10 5.02914e-11 1.08677e-05 8.00736e-06 0.100002 0.0973263 -0.000452353 0.099921 0.0972177 -0.000348275 -0.552732 0.466664 0.0423285 -0.500787 0.529519 -0.0263478 -622.467 -1012.59 -960.468 -69.0881 -642.914 123.317
2470.24 1 93140 148863 7.75067e-07 5.02914e-11 0.000199268 8.00736e-06 0.118648 0.112457 0.000142303 0.118825 0.112368 7.66805e-05 -0.476859 0.513654 -0.00043716 -0.515825 0.600877 0.00277818 15.7422 -48.4565 -35.2905 -1130.16 348.197 473.24
2470.27 1 278320 208983 5.02914e-11 5.02914e-11 8.00736e-06 8.00736e-06 -0.120955 -0.107362 -0.00351766 -0.121139 -0.107295 -0.00356833 0.40907 -0.524965 -0.00654982 0.466344 -0.544502 0.0102369 -890.319 391.831 -307.809 -1868.57 -305.705 -2733.6
