6a10         8   yy|                           LLLՓ3
  !BODY0                    xS渋                     yyx
  "BODY1                    9&                     yyx
  #BODY2                    %T/                     yyx
  $BODY3                    $-hWx                     yyx
  %BODY4                    Sԟ                     yyx
  &BODY5                    [ABh                     yyx
  'BODY6                    8k犐                     yyx
  (BODY7                    ^                     yyx
  )BODY8                    ~a                     yyx
  *BODY9                    Wŝ                     yyx
  +BODY10                   懊                     yyx
  ,BODY11                   6iߊ                     yyx
  -BODY12                   +3                     yyx
  .BODY13                   My                     yyx
  /BODY14                   ㋬(                     yyx
  0BODY15                   `QqË                     yyx
  1BODY16                   1\,sm                     yyx
  2BODY17                   .?Zͪ                     yyx
  3BODY18                                         yyx
  4BODY19                   dم6芐                     yyx
  5BODY20                   (x+                     yyx
  6BODY21                   ݇4슐                     yyx
  7BODY22                   A)!}                     yyx
  8BODY23                                        yyx
6bB7bd1  -  !{.}SĐ&mH\?NBͤ}4$0Om0ڳ]捐#Y9
6a10         7   yy|                           LLLՓ3
  !BODY1                    9&                     yyx
  "BODY2                    %T/                     yyx
  #BODY3                    $-hWx                     yyx
  $BODY4                    Sԟ                     yyx
  %BODY5                    [ABh                     yyx
  &BODY6                    8k犐                     yyx
  'BODY7                    ^                     yyx
  (BODY8                    ~a                     yyx
  )BODY9                    Wŝ                     yyx
  *BODY10                   懊                     yyx
  +BODY11                   6iߊ                     yyx
  ,BODY12                   ػVʋA,`[pWEcyyx
  -BODY13                   My                     yyx
  .BODY14                   ㋬(                     yyx
  /BODY15                   `QqË                     yyx
  0BODY16                   1\,sm                     yyx
  1BODY17                   .?Zͪ                     yyx
  2BODY18                                         yyx
  3BODY19                   dم6芐                     yyx
  4BODY20                   (x+                     yyx
  5BODY21                   ݇4슐                     yyx
  6BODY22                   A)!}                     yyx
  7BODY23                                        yyx
6bϩ},  1  3~ɢwiLN:ޏc9Z@woB*ٝ/l8u
6a10         6   yy|                           LLLՓ3
  !BODY1                    9&                     yyx
  "BODY2                    %T/                     yyx
  #BODY3                    $-hWx                     yyx
  $BODY4                    Sԟ                     yyx
  %BODY5                    [ABh                     yyx
  &BODY6                    8k犐                     yyx
  'BODY7                    ^                     yyx
  (BODY8                    ~a                     yyx
  )BODY9                    Wŝ                     yyx
  *BODY10                   懊                     yyx
  +BODY11                   6iߊ                     yyx
  ,BODY12                   ػVʋA,`[pWEcyyx
  -BODY13                   My                     yyx
  .BODY14                   ㋬(                     yyx
  /BODY15                   `QqË                     yyx
  0BODY16                   1\,sm                     yyx
  1BODY17                   N\O>cHK܇m׃yyx
  2BODY18                                         yyx
  3BODY20                   (x+                     yyx
  4BODY21                   ݇4슐                     yyx
  5BODY22                   A)!}                     yyx
  6BODY23                                        yyx
6br-  ,  %za-}2ˏ]tխ;/IuX}&ďt!֡KD;GN
6a10         5   yy|                           LLLՓ3
  !BODY1                    9&                     yyx
  "BODY2                    %T/                     yyx
  #BODY3                    $-hWx                     yyx
  $BODY4                    Sԟ                     yyx
  %BODY6                    8k犐                     yyx
  &BODY7                    ^                     yyx
  'BODY8                    ~a                     yyx
  (BODY9                    Wŝ                     yyx
  )BODY10                   懊                     yyx
  *BODY11                   6iߊ                     yyx
  +BODY12                   !*~EIB|5Ryyx
  ,BODY13                   My                     yyx
  -BODY14                   ㋬(                     yyx
  .BODY15                   `QqË                     yyx
  /BODY16                   1\,sm                     yyx
  0BODY17                   N\O>cHK܇m׃yyx
  1BODY18                                         yyx
  2BODY20                   (x+                     yyx
  3BODY21                   ݇4슐                     yyx
  4BODY22                   A)!}                     yyx
  5BODY23                                        yyx
6b^f=  +  'ҥ͸}j!+˛vO쥋Wяri}zaAq돸[ՏٴWԵ4w
6a10         4   yy|                           LLLՓ3
  !BODY1                    9&                     yyx
  "BODY2                    %T/                     yyx
  #BODY3                    $-hWx                     yyx
  $BODY4                    Sԟ                     yyx
  %BODY6                    8k犐                     yyx
  &BODY7                    ^                     yyx
  'BODY9                    Wŝ                     yyx
  (BODY10                   懊                     yyx
  )BODY11                   6iߊ                     yyx
  *BODY12                   =35j#pliqc|7e焱yyx
  +BODY13                   My                     yyx
  ,BODY14                   ㋬(                     yyx
  -BODY15                   `QqË                     yyx
  .BODY16                   1\,sm                     yyx
  /BODY17                   N\O>cHK܇m׃yyx
  0BODY18                                         yyx
  1BODY20                   (x+                     yyx
  2BODY21                   ݇4슐                     yyx
  3BODY22                   A)!}                     yyx
  4BODY23                                        yyx
6bb&  %  "U^hIx֤3Bޱ4anpHxy[%SA(9o
6a10         3   yy|                           LLLՓ3
  !BODY1                    9&                     yyx
  "BODY3                    $-hWx                     yyx
  #BODY4                    Sԟ                     yyx
  $BODY6                    Ϊ{a5>tfdC̓>jyyx
  %BODY7                    ^                     yyx
  &BODY9                    Wŝ                     yyx
  'BODY10                   懊                     yyx
  (BODY11                   6iߊ                     yyx
  )BODY12                   =35j#pliqc|7e焱yyx
  *BODY13                   My                     yyx
  +BODY14                   ㋬(                     yyx
  ,BODY15                   `QqË                     yyx
  -BODY16                   1\,sm                     yyx
  .BODY17                   N\O>cHK܇m׃yyx
  /BODY18                                         yyx
  0BODY20                   (x+                     yyx
  1BODY21                   ݇4슐                     yyx
  2BODY22                   A)!}                     yyx
  3BODY23                                        yyx
6bvwa?  3  !T`ߌji[y=<ReDj1WM_kEb
6a10         2   yy|                           LLLՓ3
  !BODY3                    $-hWx                     yyx
  "BODY4                    Sԟ                     yyx
  #BODY6                    Ϊ{a5>tfdC̓>jyyx
  $BODY7                    ^                     yyx
  %BODY9                    Wŝ                     yyx
  &BODY10                   懊                     yyx
  'BODY11                   6iߊ                     yyx
  (BODY12                   =35j#pliqc|7e焱yyx
  )BODY13                   My                     yyx
  *BODY14                   ㋬(                     yyx
  +BODY15                   `QqË                     yyx
  ,BODY16                   1\,sm                     yyx
  -BODY17                   N\O>cHK܇m׃yyx
  .BODY18                                         yyx
  /BODY20                   (x+                     yyx
  0BODY21                   ݇4슐                     yyx
  1BODY22                   A)!}                     yyx
  2BODY23                   |_jůȥ3yMX4UX'yyx
6bޥBV%  +  &[+me#=᱒Ċ=D𓗓%)  ڌZ4)
6a10         1   yy|                           LLLՓ3
  !BODY3                    $-hWx                     yyx
  "BODY4                    Sԟ                     yyx
  #BODY6                    Ϊ{a5>tfdC̓>jyyx
  $BODY7                    ^                     yyx
  %BODY9                    Wŝ                     yyx
  &BODY11                   6iߊ                     yyx
  'BODY12                   =35j#pliqc|7e焱yyx
  (BODY13                   My                     yyx
  )BODY14                   ㋬(                     yyx
  *BODY15                   TjX<Vl7d[(ܦc;|tуyyx
  +BODY16                   1\,sm                     yyx
  ,BODY17                   N\O>cHK܇m׃yyx
  -BODY18                                         yyx
  .BODY20                   (x+                     yyx
  /BODY21                   ݇4슐                     yyx
  0BODY22                   A)!}                     yyx
  1BODY23                   |_jůȥ3yMX4UX'yyx
6bo  +  #(,Q`"i[swԟXȐHܶk"QU^qP佢;r
6a10         0   yy|                           LLLՓ3
  !BODY3                    $-hWx                     yyx
  "BODY4                    Sԟ                     yyx
  #BODY7                    ^                     yyx
  $BODY9                    Wŝ                     yyx
  %BODY11                   6iߊ                     yyx
  &BODY12                   =35j#pliqc|7e焱yyx
  'BODY13                   My                     yyx
  (BODY14                   ㋬(                     yyx
  )BODY15                   TjX<Vl7d[(ܦc;|tуyyx
  *BODY16                   lg5bWV6pԃL&ɺ4yyx
  +BODY17                   N\O>cHK܇m׃yyx
  ,BODY18                                         yyx
  -BODY20                   (x+                     yyx
  .BODY21                   ݇4슐                     yyx
  /BODY22                   A)!}                     yyx
  0BODY23                   |_jůȥ3yMX4UX'yyx
6baX׃v  +  'ð.;gwÒu{u,6X[1-jw#|+?}ƑJ0o
6a10         /   yy|                           LLLՓ3
  !BODY3                    $-hWx                     yyx
  "BODY4                    Sԟ                     yyx
  #BODY7                    ^                     yyx
  $BODY9                    Wŝ                     yyx
  %BODY11                   6iߊ                     yyx
  &BODY12                   =35j#pliqc|7e焱yyx
  'BODY14                   ㋬(                     yyx
  (BODY15                   TjX<Vl7d[(ܦc;|tуyyx
  )BODY16                   lg5bWV6pԃL&ɺ4yyx
  *BODY17                   bto"Qc0'zT"%=ܑm탱yyx
  +BODY18                                         yyx
  ,BODY20                   (x+                     yyx
  -BODY21                   ݇4슐                     yyx
  .BODY22                   A)!}                     yyx
  /BODY23                   |_jůȥ3yMX4UX'yyx
6bg/:1  /  %0MU䮎S*sTJ^{=iBUZ4EڱäF4O4
6a10         .   yy|                           LLLՓ3
  !BODY3                    $-hWx                     yyx
  "BODY4                    Sԟ                     yyx
  #BODY7                    ^                     yyx
  $BODY9                    Wŝ                     yyx
  %BODY12                   =35j#pliqc|7e焱yyx
  &BODY14                   ㋬(                     yyx
  'BODY15                   TjX<Vl7d[(ܦc;|tуyyx
  (BODY16                   lg5bWV6pԃL&ɺ4yyx
  )BODY17                   bto"Qc0'zT"%=ܑm탱yyx
  *BODY18                                         yyx
  +BODY20                   (x+                     yyx
  ,BODY21                   ݇4슐                     yyx
  -BODY22                   A)!}                     yyx
  .BODY23                   Ԁ :uhrg=\`yyx
6bUD  %  &9Da'}^\ 5$\Jgz~U9K}dd <+!e*Yݐ
6a10         -   yy|                           LLLՓ3
  !BODY3                    $-hWx                     yyx
  "BODY4                    Sԟ                     yyx
  #BODY7                    ^                     yyx
  $BODY9                    Wŝ                     yyx
  %BODY12                   Ë*LC>\찐łU_.4thByyx
  &BODY15                   TjX<Vl7d[(ܦc;|tуyyx
  'BODY16                   lg5bWV6pԃL&ɺ4yyx
  (BODY17                   bto"Qc0'zT"%=ܑm탱yyx
  )BODY18                                         yyx
  *BODY20                   (x+                     yyx
  +BODY21                   ݇4슐                     yyx
  ,BODY22                   A)!}                     yyx
  -BODY23                   Ԁ :uhrg=\`yyx
6bmPO91  #  )<BT׌x]xh4뫸'e }z(d+w
6a10         ,   yy|                           LLLՓ3
  !BODY3                    $-hWx                     yyx
  "BODY4                    Sԟ                     yyx
  #BODY7                    3An[|0@ʪ⁃g2yyx
  $BODY9                    Wŝ                     yyx
  %BODY12                   Ë*LC>\찐łU_.4thByyx
  &BODY15                   TjX<Vl7d[(ܦc;|tуyyx
  'BODY16                   lg5bWV6pԃL&ɺ4yyx
  (BODY17                   bto"Qc0'zT"%=ܑm탱yyx
  )BODY20                   (x+                     yyx
  *BODY21                   ݇4슐                     yyx
  +BODY22                   A)!}                     yyx
  ,BODY23                   Ԁ :uhrg=\`yyx
6beHN  &  +نGJsdO囎sQXU&zæӗt7Om`
6a10         +   yy|                           LLLՓ3
  !BODY3                    $-hWx                     yyx
  "BODY4                    Sԟ                     yyx
  #BODY7                    3An[|0@ʪ⁃g2yyx
  $BODY9                    Wŝ                     yyx
  %BODY12                   Ë*LC>\찐łU_.4thByyx
  &BODY15                   4|sh¥ՃwZ=Cɭ94݊Tyyx
  'BODY16                   lg5bWV6pԃL&ɺ4yyx
  (BODY17                   bto"Qc0'zT"%=ܑm탱yyx
  )BODY20                   (x+                     yyx
  *BODY21                   ݇4슐                     yyx
  +BODY23                   Ԁ :uhrg=\`yyx
6bc<0  &  *qGv3kjʱF奏AS/Tjㅙ;xb)
6a10         *   yy|                           LLLՓ3
  !BODY3                    $-hWx                     yyx
  "BODY4                    Sԟ                     yyx
  #BODY7                    3An[|0@ʪ⁃g2yyx
  $BODY9                    Wŝ                     yyx
  %BODY12                   Ë*LC>\찐łU_.4thByyx
  &BODY15                   hH틂$\ˏy{nˊ􃱦yyx
  'BODY16                   lg5bWV6pԃL&ɺ4yyx
  (BODY17                   bto"Qc0'zT"%=ܑm탱yyx
  )BODY20                   (x+                     yyx
  *BODY23                   Ԁ :uhrg=\`yyx
6bt¤(   *  $2;%ŌG̑Q~cU_͡3'+덈;ڑJcR}A0w
6a10         )   yy|                           LLLՓ3
  !BODY3                    $-hWx                     yyx
  "BODY4                    Sԟ                     yyx
  #BODY7                    3An[|0@ʪ⁃g2yyx
  $BODY12                   Ë*LC>\찐łU_.4thByyx
  %BODY15                   hH틂$\ˏy{nˊ􃱦yyx
  &BODY16                   lg5bWV6pԃL&ɺ4yyx
  'BODY17                   bto"Qc0'zT"%=ܑm탱yyx
  (BODY20                   (x+                     yyx
  )BODY23                   4weq6kSBջ7Q'Ftyyx
6bY1  (  !;QQMj}hn(~Ȯ\|dj"-2v-\
6a10         (   yy|                           LLLՓ3
  !BODY4                    Sԟ                     yyx
  "BODY7                    3An[|0@ʪ⁃g2yyx
  #BODY12                   Ë*LC>\찐łU_.4thByyx
  $BODY15                   hH틂$\ˏy{nˊ􃱦yyx
  %BODY16                   lg5bWV6pԃL&ɺ4yyx
  &BODY17                   bto"Qc0'zT"%=ܑm탱yyx
  'BODY20                   VeEh`ǵLYWm[#'Wc6߃yyx
  (BODY23                   4weq6kSBջ7Q'Ftyyx
6b+|  &  !7e%uAeJD7EI9n!uFnL7֩B^l)
6a10         '   yy|                           LLLՓ3
  !BODY7                    3An[|0@ʪ⁃g2yyx
  "BODY12                   Ë*LC>\찐łU_.4thByyx
  #BODY15                   hH틂$\ˏy{nˊ􃱦yyx
  $BODY16                   lg5bWV6pԃL&ɺ4yyx
  %BODY17                   x@B7[Xg)pfgɕGllyyx
  &BODY20                   VeEh`ǵLYWm[#'Wc6߃yyx
  'BODY23                   4weq6kSBջ7Q'Ftyyx
6bՍ?  &  $ˍ,ȓ9A8]ZјIXz0MA+?NǇyj
6a10         &   yy|                           LLLՓ3
  !BODY7                    3An[|0@ʪ⁃g2yyx
  "BODY12                   Ë*LC>\찐łU_.4thByyx
  #BODY15                   hH틂$\ˏy{nˊ􃱦yyx
  $BODY17                   x@B7[Xg)pfgɕGllyyx
  %BODY20                   c,EqNXGqq|y6yyx
  &BODY23                   4weq6kSBջ7Q'Ftyyx
