6a10         8   yy|                           LLLՓ3
  !BODY0                    xS渋                  yyx
  "BODY1                    9&                  yyx
  #BODY2                    %T/                  yyx
  $BODY3                    $-hWx                  yyx
  %BODY4                    Sԟ                  yyx
  &BODY5                    [ABh                  yyx
  'BODY6                    8k犐                  yyx
  (BODY7                    ^                  yyx
  )BODY8                    ~a                  yyx
  *BODY9                    Wŝ                  yyx
  +BODY10                   懊                  yyx
  ,BODY11                   6iߊ                  yyx
  -BODY12                   +3                  yyx
  .BODY13                   My                  yyx
  /BODY14                   ㋬(                  yyx
  0BODY15                   `QqË                  yyx
  1BODY16                   1\,sm                  yyx
  2BODY17                   .?Zͪ                  yyx
  3BODY18                                      yyx
  4BODY19                   dم6芐                  yyx
  5BODY20                   (x+                  yyx
  6BODY21                   ݇4슐                  yyx
  7BODY22                   A)!}                  yyx
  8BODY23                                     yyx
6b        8   
  !}I[{(WjYhKٴ}`s+Y"x
  "gD?v3hc$İʢ};G7<Vܾ
  #Pǂ,j<EQ<,̐?M÷S7-U
  $2tT(&:{iw'<{bn^*S9N&
  %s9R,}g_&z=;%MkUwwd&
  &}ߩ)4ޞ󍬆[ju.UX03m7\Y
  'ff̩\.0&d;q%.n6"L\~=DB͒A?
  (o=ZttY5s_*1ُ՝\.-B\/$'
  )Tǐ"BdX.G+$܇acCW=O%?Ս
  *{A,G?6Ǐ'x,D_Vڶrئ)Rad^ea
  +ZnYoLk 6Sr*~c.l1n1?c
  ,`+a7rF?g->P=:׀y$Exz
  -~%-Џ4>`!ݴ*^%S'b$ݭm,
  .x""oKGHQ|9|>R,ҷ@~b(;=
  /ƆdD"iyз,̵qǼ.!^)HI߈
  0Vj/^U!RWjwjP&cb:F?]C
  1V񘽏;|'8=xᙷE~VdGS;s
  2w<&u'xMKG'볷&y9#qd>0bG
  3lj8ُ4*IߴU'$e7+U+tNK
  4v\CӼ.S aJ9񡾐&j:eQM{t
  5P1d8G(1]Ϙ2u-Q"(#3 l`
  6_~u?GJUj`j?"'urq
  7^?,Н;޵27x`Cۺtּ^0"P;iő
  8pgWS@?y_9m'JdgвFB
6a10˗  *   yy|                           LLLՓ3
  !BODY3                    $-hWx                  yyx
  "BODY4                    Sԟ                  yyx
  #BODY7                    3An[|0@ʪ⁃g2yyx
  $BODY9                    Wŝ                  yyx
  %BODY12                   Ë*LC>\찐łU_.4thByyx
  &BODY15                   hH틂$\ˏy{nˊ􃱦yyx
  'BODY16                   lg5bWV6pԃL&ɺ4yyx
  (BODY17                   bto"Qc0'zT"%=ܑm탱yyx
  )BODY20                   (x+                  yyx
  *BODY23                   Ԁ :uhrg=\`yyx
6b˗  *   
  !eBIP@ķʉPԊ^Ч+]pe
  "pVOȐAdlN䦱OPB~֬8
  #ӖC^kviv֠zБDL]N0
  $aC[^µae*͵b6r{^
  %}۶4`lgS'8Yzxď|POлr^/kT
  &V@ǐi?GeJҶ(>J{=/v8vH
  'Rp!?mhaǐ{w%zɐ1|SZt
  (x5]=wkYm':Qi}}Bv9
  )29ÈBZ/:Ó\"ِU`_ש
  *=qBOߋlj5F4Z&ƇNzB
6a10wԁ  (   yy|                           LLLՓ3
  !BODY4                    Sԟ                  yyx
  "BODY7                    3An[|0@ʪ⁃g2yyx
  #BODY12                   Ë*LC>\찐łU_.4thByyx
  $BODY15                   hH틂$\ˏy{nˊ􃱦yyx
  %BODY16                   lg5bWV6pԃL&ɺ4yyx
  &BODY17                   bto"Qc0'zT"%=ܑm탱yyx
  'BODY20                   VeEh`ǵLYWm[#'Wc6߃yyx
  (BODY23                   4weq6kSBջ7Q'Ftyyx
6bwԁ  (   
  !qtWFJǂ/6?|$ƌ+`JK;
  "P3f.qC8و/ܗǵSqȽͤab[
  #};X:u4m>t9}Mg-7vIf
  $*,ɺU|L]|eF6'XxٵV1Jn#
  %\x<fs͉If吡8OT$ANP
  &w^ayӐRkڛi=vPg/<=O?
  '"p<#>EU獙ALTm<C6a) "᠘R
  (ǐQQُWc.=ՒܡJhUv
6bq30  (   
  !t@:CQeb!El|}l^8"^%?N
  "Lp -)+:F+B̄lncObNv
  #~_Z+FO0Qv&wRtvӤ{g
  $q,%(<-.T6 &OⶎDe9n
  %ڭo%4ՐYswQ3n^֔ܒYqE3^;
  &wT;2i{wEtgS9k^0X<Ŷ}۠4,%
  '2Ŕvq5:M,Y\ǘN)F
  ((dHo0@!Df՘J.3q^DflV燊8?
6bϧU  (   
  !r4'n"͵%x♏T%S]Rr
  "[y聆-9cO-ib׹6Rd$EYZd|z
  #~p܏2Ijb.b !nFQ1֐83pܡ7%pP,
  $hA4Nяzr5ڨrG!Nt8Ȍ5b(
  %ֈ!$d]y`fاvԇڪ-WT5dޠ
  &w]8֧ǔDN"z[/L\ߌHYSj
  'e1[USW+يW򾀺VtЕuo.4I
  (T#f̐e`4#w@hmYh/8]?6EK
6b\5  (   
  !rLs̆I4bn0?UV]Ų{=À"HVaw
  "%ݓk!?]:,Qð& vJ]k7
  #~"?8FCy'EϽHCF?ylݵ
  $mfGY-EiH?)j`C_'w^Kz7>
  %sg瓵mh?J*5$z/8aJX
  &vn^7ƕSܶahW%KxdAoɒY
  '᥸q7I>ܛ|ڳQʎ=y
  (h0j=+X#ظzxm-3}dbm}̻c
6b]#c  (   
  !sԙuFɣT_LHMeOPﮕJV
  "c/8l/n5lɾħ4N[W0+P6gtA
  #~f2QR4~ϚtO6;J
  $ۯ@W]KL2=FO:gan(S{NT!
  %9 oV'6`MO}6:sw6Tfj2&>[
  &xyӎ#HjaWd$}*ܯ
  'ҦED@I$S7`/DEh?΀<(q
  (Ӫioߍң_н%T^S;a2:shG|h)Y
6a10gI{  '   yy|                           LLLՓ3
  !BODY7                    3An[|0@ʪ⁃g2yyx
  "BODY12                   Ë*LC>\찐łU_.4thByyx
  #BODY15                   hH틂$\ˏy{nˊ􃱦yyx
  $BODY16                   lg5bWV6pԃL&ɺ4yyx
  %BODY17                   x@B7[Xg)pfgɕGllyyx
  &BODY20                   VeEh`ǵLYWm[#'Wc6߃yyx
  'BODY23                   4weq6kSBջ7Q'Ftyyx
6bgI{  '   
  !02{$e0]&1.K])W8<̏M;g1JO
  "WŹ}MQ^P,.lZ_d|#|U%b
  #{6j$)hS],\n-ؐϑ9)?
  $R}N1T]:]=fQcal
  %t*J',xC:K`w|3&+%UC
  &(s"䑷OuFD1EehiVq
  '(4PUsN4eȧdh# [o
6bqo,  '   
  !K\D9_xFkxĽųpԉs׈->ww
  "~ivCG.;}-U*x*"cTtǐݡ;#
  #IJ=Oll-*-/Ds`E2
  $aPK-00]j:ϵp`mD%zn9!
  %w)cc|(h?.Evx]Z߆E6#
  &55w8NajXkThnaseˏ!-L03uOF
  '[ Nކ@y"0ޟS7?K2߹un
6b{k  '   
  !e.ϋX޴|Z>r9^I_C$DMh
  "~`%ewҪg}c'?ތ^y-(-@Q
  #1jۭ9]'+!C#Y5jRu5_Mϙp
  $ԔЙώ*wK i]NwO钎Ӧk)jv
  %so?ÏCp-oPuR#*%)X;
  &NdU̕^<5]r(^!yl? *
  '5KBnSMZhQKC<rL~dy
6bHR  '   
  !7Ă،<﫯\VM4o/Zl]P
  "}Ag(Fy g[fC&]VL"t.$ӻpi&}9
  #/9X~@)NrEK jO<s{
  $0A۬_+p_En642/{yΒ縡NN
  %v{>Lyܡm˛}Lj[J_DA+=Իx
  &ډ0Y]uTr>Tx!_/
  '7Ŋ){E?S@,>B3SD\oPqs
6a10sZ  &   yy|                           LLLՓ3
  !BODY7                    3An[|0@ʪ⁃g2yyx
  "BODY12                   Ë*LC>\찐łU_.4thByyx
  #BODY15                   hH틂$\ˏy{nˊ􃱦yyx
  $BODY17                   x@B7[Xg)pfgɕGllyyx
  %BODY20                   c,EqNXGqq|y6yyx
  &BODY23                   4weq6kSBջ7Q'Ftyyx
6bsZ  &   
  !fNяnnqY{vD1$o޿T 8ܠq
  "~zG|Zy~)z~~xTĵf%:a)~
  #Zvݫ81/0"!fq%z2iۢN:
  $w'?ώ+0HD"=H<Pɴ'B"e
  %T埌şzmBW֥$#;ܪ
  &oPBF~s޹ cPLL@o#~
6b'E  &   
  !EN45;݋iۏ]eeûL2AOlǝ
  "~b%Dwc5U)(@OiԾaoijf
  #ϒ!'2]Q'FzWZAaj?e{
  $wd*v~ՓU!WYzTr:%.iejqWzKNǭjS
  %B@fՔ$rLҕYxapq9oȟ+t)
  &%6Oj('Ip|Gr?Hb)v4
6bM<M  &   
  !~qa")Txb^߅'dY0GfKu
  "~ސNIї2!D}F@蒑S~n=4w
  #GJuS 84TDЕeu݃$~2V2V
  $xQc6DPwCz# oC}uh
  %fգȒ1d.u8Fìs|[Udo"i>|
  &S|ddSDi~hK`Q@"jpӾZ
6bs%1  &   
  !ûU\E2uy&2M2zڷF]>cm
  "~>p*ڏ9h[تt)-ۑ@'A懂}
  #mw)ݳ:␆I-OˎlZg
  $x)#sDM?CAmTnݟ>.'хc
  %؀hJĳɻ(}_TB,i#'#d?ˌ2^d]Qu
  &=R%Hfܼ͞f5k&ع`<⍟%!-
6b/A  &   
  !PȌRC([0isr힀.A'yrMTu
  "f۳Is&Iـt3w'6<F#k
  #wzܐ(8p੒h[yz$t7z2B
  $vx0>Y{UQ\'mYf/)>
  %6Az9S"H>A^X5"-.w[H4ȅt+C1
  &Zٕy(>boR޷ocrWؘeï
6b¿݄<$  &   
  !M:)5[~80)u{)/k3aEHk:d
  "|hP\_'Vl[jyNF`
  #lM0q"ҁ'noB@c]#{FSwzRs
  $v-dH~w~!0Ϊ"eȕ=:r_mX$VDd:
  %Nxua}*NeDJJuJݪK.
  &my<PQӇ߳"XcOcؼvp3u*WL$(
6bۯF-  &   
  !eOVK=F-h4￉~c|ݱݝ
  "q`M8n8UK X41JNhE?TxjYZG[:
  #9P掚Fd~(mVgqIV&t[SSR
  $u$qhA_!2hj{Q͐IԗzZDN
  %O9f<Bљ~ffs#@V?b@
  & w/Zr6ZQT*tyTv
6b+MR  &   
  !WFû_usXq+뢷0gzT
  "fRs3[{º<Д>F-;mvPV
  #"&TՁfL? ]E
  $u+ePjb)S.vT.אcy\v
  %;@>lFP."{^v\!./fcp
  &&qI1D#<spcqmA(m֪
6bQ%  &   
  !#+j44Ts>ኖc|$ɑQ3
  "1CxBiRGJ5_ʎGKpY
  #)`T+6荤K_yd3H2VA(wF
  $v=:Ő\<:x,g1Wo>jQ
  %Xqp(B:DjPRI3덌M#VFFп^
  &s#txQɖ}`!xXb:ݼǚь#yAYLI
6bwԺLԘ  &   
  !ȑDcF@PMS痎U^HաK6~(
  "}90dLJKk6ǕYZMz
  ##ڏtYVnN; kG:ErG?440yQ
  $tebVSYԿajpgȬ;߉[P*
  %PO<xAL#^/TAUǎ|68N讘^
  &Pj51 =|Ӌ%=ɉ\zyN9ϲ.2
6b,Ę  &   
  !Ω5h$&4ҫEc020JKq궷bke
  "}Y.Y0\#\쥊6O0^I_%l.>L
  #vR3>ⴏ_e+>_S..BhFx[G~
  $x[}Wv?)?8KZ]_&=YU˚~xdmaR
  %@0<Mn\K|"S?8X
  &?zM[䔖6&5 ˲+#6b<+>
6b变  &   
  !vЁ7Q,8ܷF_G6f)1
  "}/)`cjAD+e6Uȓb5DɏUɫs!*[N
  #Mza~&0ZUh1C6a)̜r.njG
  $x@{YpraQ.sP.ݞTs$N.dN?
  %;ܾ8lW`7l@JORtc&HhV;B(
  &k2ɕ>E0}8ܸd1slS⛎li
6b)ΗS^  &   
  !߹}ж˔d'.&R6q0^_Ӈ
  "}mߝW֫+GȌ3w$p2K'y+3!!Kyt
  #z78-lHݽ$F;Ey]JHJ
  $vx蟑4Aaqȋf!y Uͧт
  %_V2@+^»>@~4>3}w&
  &m+&ܵ=g|OqkϾ.,w7gQ*
6b4/\-  &   
  !5Kes]r NdU9[3SDygo^
  "|pZO>@:JMT󾢏6Խᰃ
  #ԭnpob.Xΰc4gI`˿J6j*
  $uoW6#e]eπTfۀ'r-#괭
  %O΃8y0:FP9?E+'GUNk
  &pp2u!zTg^b2}zat>i9
6b>U!ܘ  &   
  !ak>muZfG쩪ps^ZH1J5EX솽
  "1HOUzLMV9d:tMLf.N<l
  #@3cmE#0R,9:X4]c?鴴gWFV
  $w>,otMOOK]_ZĢ੯43.Tϳ(
  %44[͐ҥeiѴ*AʂOYy
  &h|۠TPKkAaVKȯq3
6bH{tY͘  &   
  !҇ 6ҕ'^3g;RղW1\@Z@1 i
  "|ИF'eLd#=ꗫ߈sd[+or=
  #آE_LfW8h*_N*$?NF4Bw
  $vOb6w!{OiT(h♑iƦK'
  %pءAZԙ@L|Epz37?9S
  &L|gZKQ7تV7ExŸ?}aXQ
6bR9  &   
  !3]dϴTػO+C@@i*/p c6
  "}I<71w2G,rss3ցkwm
  #uѼq_v:A~2ȹ]0ei*^<UM~b
  $wteOчzq<6x55$(b
  %Id^d"gr|aEѿ*51<H`1>
  & [ګ4K6gS2GR\nvQ~
6b\g  &   
  !%v6Mf9|rUNXn^V
  "~&wèhN0B&{>OCƐmZR$'
  #$//bQMd&ZCSk๱9ϑ{2$X[U
  $uS{V]*E<Ǩq9*гҒ4tz+
  %QQƌAq<>Wʻ&f?6
  &Yjp"t>w#W@T鋸() Ef
6bfc9  &   
  !G#e;F蟅b.8"[+Wч[֗|E5
  "}t471bwһwZ?sV(ܒ+b3'
  #+Ffv+/n&UyϾE9m|P?en
  $w ߍzfLM"7Ö?a@,VAFn
  %M3%.X͇ILZe<UPZ,b$!.(H+
  &COY%!B?ocK+m"5
6bq3i  &   
  !Q~pd8~[2|fȦ\VAQZnQ5D
  "~<ޑ?ߘt*C6ҍ&:4}f
  #_q&Hn^PcS,eLì'7qD?e%F16f
  $vsu%O,-9錵DePFtgvH<ϩ
  %Ys?F6oݕdS͔̀M0e@&t,
  &)$snxAYNF\Ώ歮#AVLƒ,J
6b{Y.  &   
  !/`zݐ0FVga"3d<&A˕\G/.͘j=Sw`
  "|h> E07a%ClOzKfYBs
  #Lw_;$/JNLb#3ԛq3j
  $wN0m.L'I/}o.")OҒU~07gԢK
  %gY8ٙ%er-/F׶]1BޞҔ6_K
  &Z1B%TVi}.=LԔbLUho,5^
6bхi  &   
  !,{(qg\iʕbP+Rlt[lH
  "}a.GÑYt(Qs"avM~jk=f&?
  #_#7<N64J>`#;Lkwja$(
  $usSkJ%.ŠUAnʭ<1(3{O?1?`;RJ
  %J5(损E]a)c/zǆ@mo.T$e[N%}hA
  &*S1&K'X+׃0^ϖq>(eJ)
6bӏFs  &   
  !lcpNZ{q.c@`xOU_:|J@8
  "~ڜ=rDvj1sͮygTEJ'l
  #2K\̯K;#cQD6PvctGl㍅
  $wOGes"6g}i@U';GK&jzaHFQo
  %"EWJ4`>+:ġXResSSdEIV
  &pQ\܈Ϯ娅TyA1*OV*
6bՙ˶%>  &   
  !R_MbN(~c<-qjƇoW7T
  "~EbVwU51^f8bk7\ۗi(7JS;4
  #;dvKϩyƲƆ9ŷSԔUߚ}W
  $tT;lET![cWc+ϕƸnG0P
  %s=QL&:Ѝ#sAVyP+Ý~
  &efdedgRa<|i9l:(
6bףr  &   
  !+ٴJs>ZE*᥎LahP{
  "~&!d\K_WnAg&t&Z6g
  #)T2(/&!d0]⧒ΎO?^@
  $u"ArYBnKcҲlff'Kzqx
  %|rĜU͢:f2qh0P@X̒ l*U
  &{S7~tUvXν@*ph6CKӎ&
6bٮ7v  &   
  !晰7<WTqSו Џ4hϐ8=6.-:
  "\0Rc4@@{a%V)kܬ{ݞ"If&(bK:
  #>) PYVWqHה$Ӣq?nTq+ {
  $wV>auV4-sY/|ac#S+Xm%
  %k<Cj`XFz3p&<&
  &Q&楒6骯}rkt6Q@J5$|#&
6b۸]<.  &   
  !xExe6rvTüY;\A j.]{*A`
  "~>5.!j]4b:6[ۓȆS1RK
  #L߭i@R*){3{nk15ۘ9`|/9
  $w0RЀi?>8e4Krj-%mI
  %L=Gp]3gsgOC܅PG 0{2o
  &AwxNU[ZKDݨۘUbؑ⿖4
6by{  &   
  !4ˢJkTp2Ƚ}<4)ZBIS;
  "~j_l"i_سZP0?),#*:Y[
  #gtbA=vDRڌsK*ԚѠw[۽FC
  $wenTԻ9fZ娖Na+Ȓܰ+j11
  %:z1ђ0]<UᴸHl01%htXBq
  &I݋t"P;H]BJ3F?>=*4~c,
6b̩SJ  &   
  !`H✍/~Evү:)8ü-zw{B;
  "}&}A`m]O[.ǰ]9Q^gR1_`
  #?`A}0[JRP_Va_\J
  $uۇPp]9r8)R$['=_{$2Su
  %cacxtxnpf+y%ʖQU[|8;
  &(ZXٗx['3Y.r*,Wߎ?e4g
6bϩ4  &   
  !]6FkIxXp>;xzと.*]^
  "~QMFYO~Ueѷ[軐"ŭU
  #~pUwfcl)m}$,(H[j<AsF{u%
  $xgǻ֓# VʴdI^*`%(!gu,.
  %k+bkf|X?)5߮3ª;r~
  &iMŖYrOL:AGAɪ`ˇEu
6bȘ  &   
  !AB\OWDrFC&z´9f4oz/L
  "}Mw=ےXpϹ)2oQǋj_mc
  #cm&ɴ=zMN/ض-?B7jL6N^k'S
  $wqϸb-i[GdJ5e+gIDɾڥYB
  %ݬs&#yToђg>l0?4ulk
  &Mt@GVEn8cϋkEOJ]
6b;Г  &   
  !w23Q~2-ZM!շ"aDxk:fѾ
  "~wwxq&J J~3fI`ԽH}
  #=nxZ=DhaʑĂaXT~]v`KfZ
  $xBtIO#ae&+|+|j`5y+Ir
  %rAƽ[UA?pwlSȕ'i_
  &»@VlVu.~O%EA.ȋbѓ~
6ba;  &   
  !}`_bFs%VXĉG.3HЍ*
  "~WˑZ[jMC&^'Rgu$
  #7%UgWs~F(-"VL̎Ob $IZ\"
  $u<3aNri{!eۍqc܃׷cSC
  %X'ݭK=RHuDtld0y3r 
  &lcvֿʡ6tㄉUf`庶!
6bR  &   
  !%I`&Ւ80Xc= Z51KH|!k
  "~0]@6P}+D s4P珔dY>aXz
  #.͓Wk&D'??ɺ20(ђNM^*S9|
  $t:탸v6("h`wF;{;<\l[(\fob
  %k9[}E2O7v:T[3f
  &iiܠN/D B,T_9RihѴAMwOX\|Z
6b)`%  &   
  !@CzwÑN1/PGpM2.s6zFjz
  "}a뢎7|m^$Z΁̿!<#M9TO6
  #=l5L%݉3$ĈEG˺%*~\b"k}U
  $vH;:V@I2Ow<TP#u/
  %W17n88X,YMWccQ^ Ċ&\c`
  &ް{D)0ĔZMzSw԰3͖
6b3ӝ&DИ  &   
  !3p{Seq݂X62\)GD`ΎO^+P0
  "~v[Vc5j<}DР ᆔ_Ipgúx\
  #0i/gP e_r*邺QZ_ꍢ#c-
  $vI61AaWs7C_ty5zKjԔxoI砎\o
  %..n볋yi{?(m0go3l^اOw,
  &Ip㊟Q5M񟽊Sj/_&o=
6b=˒  &   
  !!`3WɒĿ%騷ΎiǼ_ӉF 
  "m=4ۑ~;윚vO6ǻ)6-8ГA(3T
  #{7a@Chԡ=`FMd@fP
  $vXOxcߟGUV&Le\H*7
  %M-i%vpOEb@x,\L}
  &yR,LAGb|kT0Ȑ0
6bH?j  &   
  !?B61e$' >ы$[a;5|O
  "}|4o|*mkH'~NC(+樐ֿUcЩ
  #p\bڍ`e+Fjᙤfx8Y-T?etn\=
  $uJlSt{kn{ȉŮlo'1ƌl4!\
  %dn}Ig(oژ9N+0Y?6
  &NNQތnfGr%<ʷ]+{8rtՕhkHv
6bReK[  &   
  !'(JSqCPS<1L@oN+
  "z^XrIss.UFCz/(XڎwzUJO
  #G'K41c!}&0఺4J>BdдШ"]7
  $u\D=)r)2@+tI'IL_f#䕬:\LV
  %^{~R_RtkDt=%KBS's|0
  &>S_,dM;2eDٌxD>4{
6b\*  &   
  !m# (9'3÷ L_iZ^k7(:R_
  "|/@YS&>;ai55j'Ƌݶ&w
  #Q?Γʎj,w)z>"f$cp70;+a!߾( 
  $v)f\؞.)s/&)V[F>ZISV/>Ƞ
  %ޞ+CdGWݵM0&un,8
  &uW'br5QŖ@NG`ڰ疼xU
6bfm٘  &   
  !aq댸Ho#r67LwC,p5۷4
  "~(ptf&,e<gBnw"H|!o
  #yw1́zrAJL'foN
  $tedTWA_UC[9뾞 UKP*Ő`
  %5K_.w]4OmC!uZՀ
  &դ}BWjBb]Z~CpUxH}ٻ\`a
6bpא3T  &   
  !ӳ:2/W>J@鸸ӼɳUaݔ%`X
  "qHpPTa!bۉ(2ܛx|kjG),(
  #yshnՄR臝-Pɯ=cӑݭ@@Ut'`
  $u~{%y.#)Ct`3dz4lrxBRH
  %fLZ锟Xp)O=XA4~3&׈䪐C
  &{Cj.n:̨(G-+2p?o2
6bzآv  &   
  !|'ڿ%Z:yfY}֨nK'參4W?]v
  "|l"׎ <nhVN;Ū>CfC>Aݟ.
  #{ԑҍQ`d@/`Nt͑{nV>S`t
  $wUAʑڙYlEػ]]PEzR`4*
  %H%&~6ŤuוFa=R4ڋ`xj.W&<
  &fܝ&mҰŸ<#a؏0+$g=
6bCJg  &   
  !"D6<3KlnM{j]"h~QR×n`g
  "] zk;Cmuw_6PViХBg
  #5)+N!>ufFҳW7&IZ!%T
  $wb%rt&'sxSj?~}v=j6d=6
  %èˠH5`(ӥ({`IeVcT@5
  &VoܒwԪTO85q@*#݂E
6bWKR  &   
  !<'>3~NrS!ag'mܔa<.ZhZ
  "~,/>7gFȬ.q:*x]eNLyMJGk
  #V!DBpp0/;8ﮕ#ѐܐȩbo3i
  $wl"ʘK2?paHܐu$n_6
  %juԓ}}T˱v\`Ꮢ-pٍ7v*
  &BbǑƺ֥$gv\gCSݣ|
6b  &   
  !8Bx{r:x1s˰^|w
  "~ԏ}q4G=WS20υYI?
  #]۟5aKĬ͸'u!s014!q\!
  $tFُ^M3'/'`>FaSv:Q
  %4g_JN^{k~%4唀JLS
  &pJvɻF{|sQU1ޔh[y0@8ݖ
6b贙  &   
  !.ׇsjRrW?Jtk吓uӋ\
  "̐vS-RK2EZ,匼,vv!e
  #MQ`HNhbnhUj/y-oV>iX¼
  $uh&u=^}q0&7{c3k:)
  %4A-9I[܋+b\c\֍0[Xj
  &fLE*hf]uwmWǡc|Rw \koo
6buS  &   
  !A;*;*-V d鷖/JNd:ﶠ
  "}0Z}VI4B>`rw;hILI
  #Vsd:cGf5~Io|օل\
  $u3Ջ&:.f}Ĝ[΍fs9'Lvdg
  %.eNkuh&|m`gRdΥ{i
  &ԠCw:}ȸ19!zZl=QD
6b/L`  &   
  !I&cX?I}cN[öGE˲/(
  "}qG،nWD^CKqq|텓'B!
  #殑$̷웑<劲q;@VaxuDh
  $vqigOؓ^Am<6zQC?pAxSMC
  %.(:ǎ;̿|>^5&Duckf\$+
  &.!"A"`nd>Sw~}Z꡷ʒ.
6b]#;  &   
  !E@穌([%j(X7Doa.FTU
  ">ύ$H}<fǽg}eQ`q~s
  #6g5_#;^`me^Ϙ</˝HN
  $w{Jpߑ9B.H;rsz_+҅k5l'
  %(PT)&ݷgwtгde 4gTwM6
  &[6 ,/Jf[{8+ջX+&x34
6bj  &   
  !p:Ĭ$yJ;jU㵷<~ґLnoqıhh
  "|xAt+z1׬}rZn6L»(
  #.ps4Zַ1kpM`P맵
  $ul^7Q^%A/Nu=YӂUzyv@
  %_a_6jHmVE˾D2;0ss3Қ
  &9Zf=pnLAw@C㴙Z(ún1GӾ
6b򶵴  &   
  !^G/;PmdzG?9U]ٻ}T&;*o}MÆ
  "ڗZ\=|q9Mʏďwmy
  #4DFQb7^!Bq/Sr`)wL+1ܝ/
  $uM}0pF%`A8M0sOt%ruV@
  %ͳߓ^Zѧ~Rny-,ڨt+fR
  &$ӓ56M_pxںjdOEa݈+
6b   &   
  !LOIךbL)kE /.2ӺAu
  "~k"ۑ%)\&vĵGZL("h6vKؙj^v
  #PhokHvViO7[|4kMUC
  $w./UmS9U51?-wUmQ"-^hm8ez
  %8XZ{jrhK>K,t:H H`2fUjHHF
  &f8{(>NG37U1`Jxjk Å箎
6b4_Qk  &   
  !NhĞ!}a_m:m_~vRtR**N
  "}Pr_4nRڣVp8So"YY+
  #//8jۣ32ւaD%_ᱷ?
  $velBC,)FHLŒBvD`0=H
  %2vtiuPPWA3Z~Y9yl8
  &j=xgbgOe{ER\^SbC9#5Q&,u
6bb6  &   
  !]t"+ݍdIfof/̐k%rxA
  "~TO/P5Vӭ8idvI[nЦs
  #M&%e?;"%F{뀂0d,3sq`]RYy
  $wGkPnceXK4`/3$YԳ%lE{L˘q
  %BcF{jeT(fN{(ˈ-C,&Fl_E
  &MvlldQkJsjƏ评Q7B
6b7  &   
  !!HzU8$)*yzGwݖ7bFZ?5m
  "}˿k-+Ƨ7ɳڱ<q-@(G@u-8
  #!*<(ɅHр1F߶`u}
  $ucHŊ|h<k׍̽fɬp,#?2mD0q1
  %{4{5JyxV?Bfz]$vÐ&55BngY
  &ݾp׊m[soqݎH\v.`
6b񧂷  &   
  !b2xE*o3 Fò~`rD5@mhn
  "}5c>U)u:Є6%C4!
  #ߏ":ĈYyE~65EX;U
  $up%QWzȞ\S[uW8Z]7FYq
  %jYSSq_۸z{ѦktÃ⮣~7
  &0E2Eb5A)N5CԳbKBlJPvEȽ:
6btͱ  &   
  !3Il>,A<^jQ*J㵹k%D~cق
  "~GٍӷD-AԷJ/EU}Z5xj3S@,
  # "5&rt9ip$Ca%sƑHYæ@\9q7
  $wM@,~ez1udS05e,V[
  %+qo9C8:p+"uk66<XnӦhW
  &f>(40Igiѣе{En*//~|?
6b9rB8  &   
  !ьɋj&FPEܸ_"ٓx#4PR
  "~9,aXiNŴgMySd>yV
  #I@ȵN*՜q͝ZLzCjSrZ ݷy
  $x$TI1nd,3p*H(X:*r|OgL7b
  %ێ'^J|y´wғ2`1t5&
  &ܘ^5ޕs1L9NY.:g#
6bgI  &   
  !oY0,k{Z֕^-_MqH.b
  ""%<z`Ɍr**isovmR{72fhHђ
  #"L_XKPOV']V[x|<(c[
  $tMvV\9(/g!vU+S$'
  %?y3_±T<ͣV%C'?Uf
  &%c0ܑyKG.5<غAyA7}kϛ
6b 伙  &   
  !ٍHϪ>+~C9HKŐ\ȊMꖺ
  "~D<I,bPRKz0Y6XLئFV
  #O.bu6(Iy+翘uﮓ㽏;u${
  $t*eLG투|hjɹ@7d]C
  %)o!D͏և aE ϠCɎɶ7}k!Jn>A([}/E
  &cJ'*RCV }:_aV=DN
6bO  &   
  !އ(iírMۣxt:FfɐY+^
  "~]t|0,-ņSv' 3؈*"*\KEd
  #ㇵ˕|#JQt<fԝ?BБ
  $vB=,pdf"lazºLӯjCH<?Xe+h4
  %$Ĥ[)懘Nr=yU|'/C
  &nA;I?Lҩc#lFL*f:~/%0K
6be  &   
  !N-=Ć砇PfĎ*?К>x*#
  "bjP5:Yk R^?L_1ENy_
  #xEDjKYm?UWZͫ|(/9\
  $vdT;aj[ȷOPxbpؗm" 
  %,sk@<.\+U {$>O^{RO¦[
  &E(!f*u'IYyaa7
6b>:6ՙ  &   
  !u}YaOzJ&ȦGmmV_k
  "}y憄5TgޯK0v["PPpl"r+̈́
  #%ݚష].Oz7n'
  $wyް睅3F6&}81]BEj74({k
  %_<b7PTλSiYF2.Μj92qf?x
  &q|-LE@IF$|Y}͓5Ih
6bl\י  &   
  !ǺڏLGXG\č,R*Tz.
  "YC"8y65ZGWnIͮl|Q
  #TkR׏+YRW{O'#!ՌpwuwjQ
  $v>@莓̤rg@Ʃߙֈc=uG#D):H6
  %)5Ga>pOd*:<*'q.1[w
  &^¨ҭo4#I(ih+x*t
6b3ﱘ\  &   
  !吴CVGﷳWv7f+zbB۽WK
  "~zF}vuUmq\l#ҵo$QSJ
  #_y\]2wYKST}ȞhV\WH8I
  $wU->֎sլ^LX)t"}gxI+\{iX
  %x*_šl`fE#6YS}3G/^',
  &$bprI#s´3ȅ5R
6b}X  &   
  ![nG4/Q[MUX0nm0}zw&95nerU!
  "cMq"#O7y/[$՗֒>Q8hV=
  #Nwq]=p]uws/9A2U|
  $uӖLة23ɢ["׏n;JV_,D"
  %wnI]4SH6?c7*@&ңNB1uV
  &I\9:*9ƅYM3vׂv{J(WVߎ
6bW/ܙ  &   
  !)!pΥe٩:0!qޑN/T4
  "}괾p}06鹶B݊A/4ov%c8
  #Gdo2Ks'IbsG5.ϬrPB
  $t^w젯`Few(Hc]T 8_5MZk
  %v942a8A}鶄[ŎVR+8L
  &!abR^m%:x)'27'_k*N62*0
6bC"П  &   
  !⢎4fDS`{W(>{B% e{G>im
  "jAٓ"oLto!:T*]xNK~E
  #0R}|J8&bﲿ%غy!/h\E
  $uPLnهzYBq`J9l{$~ә`x<t
  %>&8O$pht-fho0l7NN'io
  &7]x GNx=^u<F|p8xe_8`vb
6bqoΑc  &   
  !uVuwԦ"%ZMw5Wm|7_ïl&
  "}Zs<VTmP,0dSԑjIHݿչ
  #,ErL'~ܛc{FĺMУ6J';a%
  $w,$<1Q.T!-Cd*sF<2Iad
  %mկ7'+H^De*1 ǚi{<
  &C҉bt3s[CڞM><E>ẚ*
6bFh@  &   
  !ȵRTusCaX㕭xzb벼y7y
  "~&kM֍豠t}D&\0!=70!
  #+8"?8I-5U뭝4i{X1e/˓
  $v`8ߏ)/=]b!D +p*8N'
  %Ez;*҂`fכ.k0JQ3Iק> 6io'5P
  &vv%3h`n1)aGa{r>ѯa8
6bt(  &   
  !.P^[9my[ł]9n*9*d?
  "~>h]SB*# \U ,")c\l<2
  # Cڏ|<!jٱT|Ku1rYڐ2`erJ
  $w}:qI,aPx!wiM!mS[c7ɉ"R
  %Ll\>7a_J[>]3+H|
  &9v?U1>s%<vKWPo.
6b?ɨ  &   
  !yTJ6aYljvEׯ^:QyH&>j=&
  "~\w'b_KOCiv)|8`m=\9/R7
  #sW'WPi-1OZ<ߏ)rѸLBR-
  $w8J=_#n23M1{ҠՆ|XKY@
  %¬!䓎|ٝ-gW#\8 WH;}e:>
  &<q:VVnƽQ2#IrBcr!pE-_ti^TK
6bHh  &   
  !0my_Cpdw<?v3SdzAiX*Js(x
  "~)>[Cf>,#e^Ey˅=u3)\.ZifJNC
  #2z=NW'3yjǾ @L͍9H8,l&5
  $vY1灒ٸj"UOk*@0E:Eô
  %4Eq;bir(^xsr!g`B
  &N$TLz֔"t#1aܜ)o1dGvː
6bvaL  &   
  !QtURݲ'KLgЎO:AxF
  ")bf"SlYWz|Ր8Gtu!T
  #Rzc൴ЌgCyת}F_^;wn~D
  $w5|_sU}])+{҈ѠYz
  %"Z"u%z뒪|Wp2+"\[CVfSS
  &ObSdgO9<jƣ|4xWǢRoi|ː
6bY!  &   
  !c,K`i3vyb^{ȻѱHX1ȇB+)
  "~6C|ϥDqZK$i]6"1
  #">=VXlP.,Vw˩IJ
  $w-2,n!F&A3|`|EY\DI5/
  %Hw|tid&W$aha!SŘس
  &HM0!+ڃ+JmNؑ2[9D2,
6b0\±  &   
  !+mHjH/-gѺ✸)x>{^ϖ(e
  "~Ȩ_uB$NяJ9.Tom (UF8ϴ
  #^س!d7GX#'?[~9zsX$\`(+~
  $w*:t12oEEVﾼj+طhUS 3;
  %X0聒T֤0leGI{+30j8D&6cԄ
  & /f5Yu|˯ݙɓҒ!zsҮ%`X
6b6  &   
  !m|TX)jJ+/ğ󳐖C",/b\;
  "}K{jqlAUZږd;YHS.Da2>g
  #l+䊐ӧGq_.㲿!dӇa}.st
  $tk˪ЈzZ#l֬HԒDiޓB
  %D4wliBA ?fXotb%S'=[H
  &:Н"ڍRtrg)h?k>(^5gLuaWi
6bMZR  &   
  !EvEvۊ*|ceK7.~"fI8J)
  "}|oiӞ+m3jh7pZ;81GXz
  #)N*=jxgjô@{~xK] OHֽ
  $v<O(}D\JY%VِUyWWPU?
  %Tw$c'M6ln~=ڹ5c|oYz
  &AFsˇ#-,hէ3ɞhbuN
6b{  &   
  !O=l`Kߩjbl@5첅['72\ai
  "~UaOtzŀcޘq:JɈ
  #zv=<qLk}1pÍo{$23.8F
  $xziڎD2"(}Lphl*&3B\#cd
  %l#4Z\\tF]$e@*0߷m;j
  &*Ypg29&U(Λb>̋ѷA_ecH
6bly  &   
  !a6#닌0دEj6*L+*P=Up\ 
  "}OXLodteEٙ;'KPF}/}?p
  #vT&&va]n4h0tdoe3[2ҡ
  $wK&ǆL$Sxe<Ykdm,pW
  %8%*ߑ5`pG4쵔j󒏏ج޲*
  &u±ʗ^)4[uƵY]8"А9+@ze^
6bCS  &   
  !ҫKǷ!fڸUS\"6ўT
  "'bO*OB 5Ĺ֢E1\DaU$?Gq
  #ӧQ&#<Vklhbl3'Aj$\N
  $u{VHٕ=|c=]xn68xԮbb,0b\
  %WBXnQ.F8G̺T3_GEh~Ůme
  &t(-)@</0%_rŹLư}')GC7O 
6b$S[  &   
  !A@&R3-;WB]=t^a=iy.qr#?
  "Kv'֐kF`-ٟuTvf{WFx*dW4
  #$vf-1Im}ELۺ0"澒:(dĂ
  $u^j<Di;E{]*CsEKSnvR z
  %vsN︌L״]`άpçtQ0[HeZ=:-o
  &>j&D@8w뼴83f.A;>%t
6bR  &   
  !Fȁ\ipGmOݎ3:2+J
  "~❪<\iio6s޸n8pnpOM
  #pV[-!gVA޲/eŋP c
  $w5}ۘ43kegq~]gZENf(~
  %RJr唓ޏgfkا[G2o*73$Ͼ7
  &!VE|v3{)ڵ}Dqf?ϜMU@#
6bۙ  &   
  !{!SLiF}.8Eb֓t/wbYD<.,#
  "~́'$LTL`<Ӡ8pvE[2Ű7U+ 
  #^^\|$Ovw)j5P.Z4İhet
  $w0k*y!vBJѕ7 N*[b
  %4\LR#=VcT?qC?Ռ5FFXO\
  &BmX7JIdc-'<GYŚ*VNI
6bp  &   
  !-SqVy4!Ҷ[P]YOLOZƖ
  "~VvJ`NFUW"~m!|.֐3DO҉
  #j$Y%:7e--SfpJaO
  $ukvkE&:hOOLʞ[8ЀpEQE
  %oc!v4<_%Gx!tTU,d6
  &KA%6ڑOHEemĉ#86w܏L~
6bV<Ld  &   
  !5<>1̊ȏ$(.H"=gJ
  "}n3!x74yDd\%m@u4wHUa~/
  #{`|!6vEUvs-ˎbE|qMㅢ
  $uZXˌI0dm_ihD敕j-,E$k
  %Mq[GV_PLk2
  &"6܍>xw%Aɾ}SX҈v])Fo
6b*-#@  &   
  !M~hi^^-ᢴ[zZB:ܟ@WdoO
  "}mSwѴ4Pez|_xB.&iAE6yO
  #e]y{=#jPO8hwj!)YJZ
  $wl&ZĢ#XnCsrSQ?Y}Ϗ1<`G05i6
  %'7Engr%C;2XNR/ɸ08н
  &Dvɖ[}pwZK[,⑾~@Ν[Bl
6bW  &   
  !(Т"I,KDXNӱʠh,pW//{J-
  "}#or]NBT[^K'%ҢS
  #:ՁdLGGzͼYEg.wyb
  $w8LS~z^ZglU+)ʏ1ÐM.d5ߟ:v
  %*!OOe~S6I硶z-񌜀C/Ek.`
  &FGJV:n-a(Ի##PE:!t:YP!<
6bꍄ  &   
  !:Sߔ:lt:wy)[պgd;YC)"ӊ!/47
  "~x^KrИ4Ma)kVh̝{
  #E/3`S>d-(aVMŸ&.ё`Jgr5
  $w5`d.9_i:DAD%gVJ2*rCWu-)
  %cQ.SM$uSM N}ѐg-\>{@
  &bd.0V͙~ij^y~Bӓh%]iV*
6bYEm  &   
  !OdǍB꭯gDiGu蹉jE0G&
  "NKd壍g)]'Z~ݺayalmwJ
  #)(OqLs6s8R{Um:
  $v)NG$M<[䳎ZvEB(b9!"de
  %CQ̍Ǿ.a٤S(9Z^*
  &HJg LўM2v]峷WyƉqCž3{X
6bi2I  &   
  !]|!AD\FG<uֱqՄIFs<
  "~ˡ8p*kܨ7FΉ~i:l󽵋Q?2b
  #lKPV9Ō~򋌆eryv6I\msy83M?M
  $u;*3ET̒20,B[ۗksJN}
  %S>s1u[ٶRՅ;xYnEF[*[
  &ȉS,U/'|<mKe8RD`\<Yٿ[R
6b/@޼  &   
  !w0,G[ԧ(g#/?P͠F(q
  "}KG?<V';lR4S!ƶ֌}?Ie
  #m]"ŅwU3ԛ0&g,Ffgk~,O
  $vSgrÒ@-YODvIsJ׎Xݕvji>m'к|
  %;ܯ$mϟy?\ݦQCS%afcݪZ
  &@10cIB3ݙ!dպݚ5܊3ih0x4)
6b\}  &   
  !XXl+H9³0~!箘$eQ,B{
  "}ZUW/ڼ1.)~Q헖0l6#-W
  #0>jːXt+wᴷ֏.DVOCTꯎ
  $tbϙiHɧ%NYzuɩnm>Uf.!<]J
  %iq'Ӈ ѭY|0ўO_VT",h
  &L'RdFtmo2o/6pŎ6O:[!Db
6bT  &   
  !.|iApM1e٦pJc5DX3%gnU
  "~mˮYJgd91ĭgF,\RP?`+A
  #tq)~X#7#oM_=,lV>6ыb
  $x>#p4`@'z/MofS;mrr1
  %4%g1x,oZ_]=Ku{/$o
  &!uhYF_[l#'Ϭ<̤<-SqT:]=-
6bOO  &   
  !:\j-˞/?󶳊Kfz&
  "~2L1/-HkԎܪIfvͷ3g
  #"c~L*^c$.Yxq8, R4ٓ
  $uuܹiCtKW"[~覊|*r
  %ۿH_-+"ORtO}-Ib.\
  &h*:*֛N#:xB)2#H^=LG
6b|  &   
  !&ټofd:QFƳ*p11캤3Y$lk
  "}%'є\~m<rnK-t.E!'
  #e rS.Ku@%/'7ŏrp["EhGa
  $t_lА_mQHat1k b-G $Pcܚ
  %2>CN*43Yȴ,Ckd<56FVl
  &\[Y鎶ω~:~$zc3Jo˻Si
6b4Sv  &   
  !mSފYAM^<[]>cNL>+W-;
  "}=(N١ȽQQjÎ?%#Jb
  #)c8;艍lGsг}΄YΏSYxWڜ3
  $uzsHMٿ9=~X)!$K~+Y3@3}.2
  %?UYŐRA=sWRSxA'N7+
  &d(W9 %3N.s5|(0@1?MGۣ5
6bb*M  &   
  !i@D/"G#7Ըi%wP~4
  "~K͙Sߘ}0_K`c U78/gd7T*
  #`]5;jS'ѶtQ.K'a܆
  $tgњ"8`s|ߺPwo)멊J|ฌe,\qv*o
  %U-^/XTl:-&ױվ#gmf+i
  &|clX]1Z~ض1$!\LCѸ Nbf:bZx
6blX  &   
  !t"y֢6]YLx~cꄑqʘRvDRW
  "~"W2m.PE]>!5wSヒM^wPO8
  #6-W9M|M!eѶIP5RwVޕӊ 4/w
  $urላ,PpgJJA2[FH=#
  %!Je[}q~欶3ެڤjLPDX
  &1p2M1tdw7h;}ΕY\1<3B
6b8  &   
  !GB>75toZBYzf&~Db=J OrՒ\su{荒!O
  ".ޤC`령Z#70O IXqvU`]^|$
  #D(H63|Uf46G*P})!n
  $v|aa(uBpos6;j_|ڵשˎڞ~Ao
  %ؐ0r8I$[[$Ny$
  &2[]}NΖ',䔯BX27\7c\E+
6bؙ  &   
  !я?ǈJ͂_^(>v.lp]U
  "f6v9ݖ^Πlrdɒ3p.)kI
  #ތh,=SMQ__ȪdS
  $tUvČ?]R\嫿jK='Ɨ2:)s;L(Kut
  %Jh5Ir(OYjyU2jQS\Ո屋FnX)Y=
  &ܧ<Zv=f%rܕ탲 4ѤVg4+
6b9fF  &   
  !h|c(pjǼ@ְSh0'lP
  "~B9_؋]zRD(ۉa=Z84ن,
  #xDH[<W 5k0~I}zo
  $upXgQq>3ͰǢЯkua@&u׳
  %p*,Z%$3,Q<]Si՗sxc|d["X4*
  &9Em0?:VތmJYlFOͬg3HT8;
6bg=a  &   
  !=tRAL؃RgPYf.hX&2B;q
  "i2g%Ww 7MٍGzp`3
  #C=fX=_m GF!}]qO`JGY
  $u,vp \B-<h}0z-{-9=QO
  %(8$hg.'ϧEnyCN=Bͩ,gQ@d
  &z8%E܇8/χγ6',_M8Ylo9PH
6bU%  &   
  !9iONXd9WeGXsUa
  "}s}ҮTvk.wA|~j3钼*'J
  #QXa*ARLv ɤ.8]ϋ|R{-1hrT0
  $tB'"H;Ǵ%I*\Grᑍᦗ\
  %.XS?ayۀU'L72$S.;5*Y
  &6]0Ո\5:Xynh50ުێ^-V@rKECJ
6b/~  &   
  !AZ-s~#y%x8@@{!K ~VT^.
  "wn~ՏPabOwV9My>)bf
  #:o矍ydv6_|Ȏ,'H)j=
  $w#S^N1,+x(?W֍?/L"
  %^J:P:4gDqyzG6=e<N
  &7*6A^X`zwd(³"n+l-V?<
6b?  &   
  !6ۤ>jgL}T]&"iRA١f 
  "~c且S$knA@^J|-HG̫۩h
  #"I7Ǒ|1L~z^2ՍXgU/}
  $w&!S&D\!7'Rjx6٠;>
  %=MxzN\T!+#Ͳnޗ*-
  &*GY8FևƳǗL7̓h5..*}
6b>yj  &   
  !/DƐxZ{ހ߲:VuJNG7$x
  "|w ZKx3d)c%({iRDn
  #c"H<1mFhY)RS0U
  $ujE;jVYpq<tIx_ו׀CYiY
  %kI׊({wrq-<aY(ZpUw(`^Q
  &odnOn1{ͅ԰1WG퍉 }BcQ_p"
6blP怷F  &   
  !,cOVJ*=.p]KwҒGL+~}
  "~w#/9+7 ]|_6f_;?338v
  #ay8t/1'#%7-QxN߬^oAa
  $t+>fWʇG{va:V|g'<6M_MȔszC2
  %B.|ķ%Yϊ^ފoF[UU͘?
  &^E=[g/.*a0ՔTX䈬m.UA
6b'Lw  &   
  !p(3n>dc+xP2ILN(k呲~
  "~DPCqO6t8%徴*bx`6OR
  #uC~dob_zo3}DaコzM</S
  $uJLPg+48*jgteއͻpGǫ=
  %"z:yھBr<0/ŝ`k+ϥOjaw
  &Q?!x0-&ؾERؔ@}}Q泚
6b8  &   
  !eΕ^ќӿ֩]Xda/L`|!Q1)
  "}\(̒j=|Qc}ZqFo޿rR
  #u]R6j2W.դñyrfyӏ9,#
  $w57["cJ?S^e(]|TW84HAa
  %ʣPVdIŐtDH)D55=
  &)0yJ8PM"||QdԳħUNO9罈皆r
6b  &   
  !S*j͏ctaMko{+9ߌgn-
  "~@@u9އ/ˣ@Ӌ/(%}5z
  #9귕S+ovgJq5^Aߑ3yyC֖|luF
  $wٜQC=nV&!\D{MRl
  %ђu-4DϣxmG6X28B*J}
  &cqXEۙ!d+s2˒D3n:Y\Q
6bC坰L  &   
  !-=쇑X7Bu֟4hl~tJ3N$3
  "yiKhnވox^d0=lፑ%R
  #=w U<`Fؕ@շ&?Mg"8=;l
  $u_^[!<LJ|ܮJtŐǃ>D
  %{+fD4܃a#v`T}ˏ$5ŷ
  &'P.C}~p=Ji˩L0cTbO.3QqG
6bqcip  &   
  !(Jِy1տ訨G٧YH~oʑ2;&1y
  "~{5Z]EÐ{H^ZFj*d={G_o
  #'=1wbFz>WM.6-0dSCCs=b
  $wn擄9KL綴έ|R[X*PD>$!2'
  %@o?OV=ݹ303yg4L
  &0R/.2[ZWXr9T-p6żс!
6b:51  &   
  !W?SslIg7%Nۨ^ڟ`
  "~$!<D8o w#rH"K="<\[w
  # -z␬vA%F94㐧SӟG
  $t8)fzomY@7kͪh0\XRv`ozQ{
  %Ғjݤ6GR59tyz4USڅ(o\U?
  &֩XyKhbGZXT;
6b蔙  &   
  !ylM7n8cI=w+鿬\.A!
  "}m^?zCB>mNx%o'$q
  #ޯ1[>k[I/W'q(HnKIy
  $uv8=ɇ/q-pѼcagIm,Ip
  %ɱf))D-4!}ÄL^4do%O
  &__!_dD6`Eԭ!JJrYI2VWzg
6b亩X  &   
  !qYOviԅD8&\Nč+5n6
  "}:]dݚ}I8<9o27LYLݣWư
  #6\`$TWgZط+Uх~qMBKu
  $vW^;)Х+upE<WEګܤVbvwsŢ
  %ѦVNZ}Ebyγ)5_#ve*#
  &4>G̍ 1GB7Y_s0D{j{Һ)OcŠ
6bHi  &   
  !Oe*zښp4Ǒ J?%J
  "}KSwr"B<dHFs.ODY˞Z
  #;.<UbӾ_(7"4`A.|@thOr
  $x@?TG}铕^f;0`D63
  %II[#JkZjat[4Ńgǻ-zKE
  &BP뙨;}TVNϓ*;`!*{1Z+FJh
6bvv`@ٙ  &   
  !_AYpw\jrdewI-Òj
  "~)E-t39p1lbͰM,~iW
  #a}Zؓk/I,C` 7\afoDɶ
  $wGkc3ʏ(x=$ٸqN=>7y4
  %7آY {}fˆ=n%Ƽ*LL+=pw"]r
  &fzpp(k>8|)ƞTgW<$4l#S
6bM+᝙  &   
  !B}Q%&BO'YѕK[qˢx[u
  "~HR.g8o%F%}v,}մEbMτ
  #3ؔOe痐qqZvcN^[LI
  $u=in"?oIzO=؄J,Ϯ!G'|:yZ&rש4y
  %Ӎxُ#ey 1$?u%67{:֦/3
  &A >l2^UGQp*B7Z5JcK
6b$ע^  &   
  !D1+-dFƷR=rDQ"h𠉡<P=`
  "~%K«9X..GTa=UdJaven?7r#
  #{wv_C:^MJhi.>o9FÎfq
  $uD6΃Ǎ͛%<K`TL;Doi4/
  %aK͆6Tyůo=(m]!)$Ov
  &lI댂Qwh!iʰrӼ;`&^W^
6bc"  &   
  !U7[f_Y%˱l`ےS"ش^
  "~>FVtvFOes8EY{WuCڳ20
  #j~(5>KЉwQX>詣E>dȢZ
  $w֢[>Ͱl@sm`+omT
  %y~`!#GKE8Khؙks'k 
  &ĺUr4&}72WȈ~f\W)MbrL
6bM}9ޙ  &   
  !KpW݋@Qv<_>͕\F)!Qt1|}
  "~Mo[D!1(ui!ʠVc`
  #/덎:3Cmm9L,I'g8h!՘*%
  $vFW״+$!Ad&^o>+(%WnI
  %[QYZgm>d]yZc
  &W6EϑϝKEi:vbǍ:uل25L.
6b{Hڢ  &   
  !h5m|F4FSψ|yL8j}˪
  "~MoߡQ#!@pURKvj5RF+_`HUvp8
  #K-(Fouf3BdkQ:ЈTkR¾,
  $u({^UH3E2RX(nMJrW
  %Z]OɏȭVsL ɴpۃ^xA,[7
  &esB܏-Ӽ⎯xga}@o $;.mN
6b`g  &   
  !D顒©bta5GnF{~߿cGYK
  "}@COQE6_L#q햇zIB]
  #A*'nf-`@8{Oj돾Ō^{
  $xkQjiT0 ~(eÀ.ͧu{?Ҳ02=7
  %kͰ<t4N,?c$aQPhC??1۹
  &A7KO/0-~Rk0"(.\*Z..
6b7rC  &   
  !̠ą$>z')EEn`,Gx
  "~(1:}#DYo\OX?vK
  #մLM3;2++{l^_1"t,
  $v٪hT?(SwޒAIc27ǙUЛT;}aJ>
  %;]Qʹȑ!q&̒I41$tև+#o#ϫ<
  &Ea";4/s˨\y"zrPΫxc?
6b$2  &   
  !\N]r8V4/޲&+{9[Q.!
  "1 TSnλi9T9,y!"~ۋ׾)(G_A
  #[\bq"*G0F֔8)ou
  $u$-i蘚XnPUkWCzV¢$
  %9O=߫8Xݥ,`ŧ/)-
  &Osx8ԍ*20Bɴ=|I#DDID|q
6bReӨ  &   
  !$Q<if]##"gի5!)Rp]0
  "~p9ڈnvQͻLlxios"D%\
  #,;1=kEM,pug.HQkm~=
  $x|fE㐯z_76jrvvuM2vn]nG
  %`Wo'|1^욮_ 3rݵI):
  &}B:Q]ۏJ>x"R޼#һ_~a6zoC
6b1l  &   
  !'x("Dt!3:Jcٖ!m/@Hx
  "x:DvmlFB*C'Y\`p.H((5ҁ`6>Z
  #aՓf}ԩהY<&p^hwMܧ 
  $v:b9]I"̜So!v鈟Ne@
  %{p1#R$Ts4~Ԭv&@. σ]k
  &+*ϝ;vЬxٻ2`A9Q`<_TN+
6bskI  &   
  !q}Վތ.9A|sB;4Ȅ'~"
  "PQ8(pcũ½:z=$fڏԵB(
  #hR%dD%7il:_:+ع)ѓ%|8-a=
  $uk3H/}v&q`Bc7n#2ˮJ@[3
  %s 5o)5fPqpOϱDgӋu[2W
  &תPp@H|Uj:N3.b6S~
6bJ+  &   
  !5HFPxR.-v4V?4֋ҴįV
  "~?4-摡>%3`32c:+18ΔqXgpC
  #n@O_ {#v?e;cٛ{S:WG
  $w!A8싺s8;tٹuO/Z rǲ
  %3_bq!5^9̷UPQc05 g
  &GI'dC2@[yyoZ8Ɖ},0vq[٣
6b*!̱  &   
  !#W(p[$tg\]Rf Ó(\^cG-8c+
  "}v4h *Scs8@k^Fmd.
  #5op8WQޥbcN峭@>6"(ϸ"1\
  $x2*lH=rn4qׯf}$4kl)Br
  %7?o||2+7pp#S(VjBWO
  &py"<GAşhC'^?,Jd;sX
6bW\  &   
  !+>#Bha(.1͎Lv/V
  "}[zjnwtёAbFqVu>&ԃr$
  #jB[FIql潸\-fNłĵ
  $vu߫,X,}.F?cϻpB'eЫ&HL
  %xķuyT_EFMy'ݹj^3O+\F4g
  &E"L.7г!(T GЏ~Md"=z
6b(dU  &   
  !gP{lqfM$n%{Ϙ3xtM3
  "-ӋJW,}ýIr\̑$q8sq
  #x_ٔLOfo5SQv^>M)ƴ
  $uD=-TO[I8c^W2ċ\Q=>sb 
  %p4A&kkWVWزQ4sLq,?
  &AZ]B#>F#EwL氐șVunFe
6b$  &   
  !C>鸢{0+d1EI')]
  "n͓Փ,-2g\:3k=}W_c~153
  #OXc؏n:>!/6]a9K9
  $wүePJN:E!"4ٿDWΙq]W]-tZOD
  %Rb䍑?]lq7J}׍GX#-N|
  &U.nq`%ak@𰯄q&NҠ(
6b]֙  &   
  !<bHx0FE^xFrJ`gLZҝ@[#
  "}mg#9˧۵&Z·˕TϽ2؀
  #6gSO̊MNT!=+su4]̲$u
  $vNoJuBt2^GY`bڅŞb9q}۠
  %۫7#߭OXr=\~Ph$[g>_n*,h
  &7bTL`2I.󤺮)ن9J%?/ s
6b/4y  &   
  !h퓩/@½h~g]|z,/
  "}]ϚJϤ+J6v귊ExC\2Ad
  #l@!̏ugx7)0L$ϐOxz@O
  $uK=gčLk5˫%DhNl_2_kipje@
  %\.ClL$̘?_c_Od}Ecbk|ǰYNћy
  &!򾀧|M@u\~*kVʴ&\Q
6b\E][  &   
  !KWޔ`mq|NPb)I~TdC #1
  "~fJ98]GDHdDiBqHxU-DFL.4Ʀ[
  #=?5*FJܯj.0ȹ`N0־1\'
  $xW|򲅌|g(!ɏ;F6.˶.g
  %N64̖)ȎPy-{ϱcgT|W
  &ZoU=MXM=i/5h3N
6b  &   
  !Sƕd7sRp8.fY7VW;
  "~$mi#E+>YU$D /d.bD$!6
  #9|ڿ)+ɑS!|"!4$Rf>vkL*ݷ
  $tc&F ݇IϬ[{ oု-ȧJ,
  %g&sѐ]V>v۲lgSx̕P<\_7zr_
  &-gn#oM.'?5 xRcF5
6bۙ  &   
  !kw~3F>),żpCpjΌdwuqMQF
  "~-/ѯ0t?z_ŸЛԒal4A2o
  #C݈|>苓!˚11rKy`
  $vf_ٷJI>"9@-]+ H0hn*
  %:`QLYawe}a6@}L_KXO_G
  &$VаAE^󬨼>-sDueALe%F
6bpߖ  &   
  !xD%+30===ǚ0/Ov'ow,=z:
  "}#;LUtׄǰ"ca6c.%璈
  #oKH+T./}sE@˯Eɛ&Hݦ3ML
  $vg6]4}a[ǿI+?X.g-ZH!  
  %YI{D9Aq9nl]/r=պ|A<
  &ZŎ24&#댵<C7eGҾњ\G
6b4GbVd  &   
  !ƴ$ÌWJH9/v1ǿbVzo\ϣ=(_aC
  "~;1dV]L{skLu۹,.,hs,
  #-QV%/Y(*8^Խ%{ҼAVAg
  $vY+Ϸdt~3lUËh(ux^g%
  %Kѧ.Z[I(ec 惮cQ8!uCn
  &=\F4G{#N8*^6R&T\7C
6ba<-@  &   
  !}x1Oa>wa!Eǲ<"QɊUs'b9
  "}S&80FԣX̲R,蓪F-4] /
  #0ReªAıyhRvlg2OP
  $v=uGI)??dE[q,PaΰC"̦
  %A)&V"Ђԁyɗݹ2YH჉ۻ^Dd
  &vy Ȑ<0"0N!kJ(FU>lnXFTb
6b  &   
  !95ӏ0=}gArr=d:ׇg4^
  "~߃SkD64Nx&*쩝AAqӰX-X}
  #~!1S*NUlKqGMNy
  $t_pGm/C?MYrչfq~:,F8
  %RZڤ)x3Q$x7$zF;FGmӃc
  &~djMْoڬofV,jz?A12Du
6b޳  &   
  !VLM,4@A+5I2-YY[[vŊjXz>ی
  "}OS넿vS 岐]`EJDKT
  #Dzˏ,w4Q2q\+ȻH3A1I
  $uĉ灾Y Y_pme9uىAG*ya
  %iAObታmO8qBqY a
  &pc.,MS"W24ytL|_<_HZUKU5
6bOm  &   
  !BH%>ZFa/?3֢ܻ' X掩+g㮭
  "}Iv[Z<?bd?љiBԏ:RC|XDhv:X
  #||GɚTݳrhޔ̆pl(4
  $vzA3D҃ðaSMz;4~$eyaFfx:
  %;:XXok臫\OȵM*{vo.8{^ 2
  &hdĔ28yAPS.YQv@ڳ^b
6b9ZY&M  &   
  !/[ 7jC'+!7ow*ٌ}DZ9zV{
  ""94Ż߂d"B:kI' +B[tO8
  #VIi&iB<߲ŀQ$mV||򹻽
  $w9o:mNIiԺU%)[nH>
  %`({;mA$q )6loplBmoBlZXO:
  &V(G_EyL67`)c-fߧ#xHJS
6bg1$  &   
  !s81eS*ǼME$Pge9$UfG
  "}P@{dPxE|7!h${RN;4늨l
  #,yƐ(Be7~AS@,$zī(ެRJ^
  $v$D`>w/WCfs)Pe)oL-.&`L<k:d
  %gp'VbJ㓒,1RB׋%!N2:
  &&ۑ{gZuS*$O#тXtxy\\}[ʂ'u
6bЇ  &   
  !O^IIac"Q[z*&?$ޗؐ
  "|˧D*:.WX=֞{[xx[EAU,Z(D
  #!ZX`]N\  (BeDS΋
  $wHSAtp?Wt+x|?Ē}5I=W.qJ&
  %E$:74ۣڌnxdV"ujM8L
  &`9~ޠihPZ!6fv96BЊ<ψdH7
6b¿ݪ^  &   
  !yN81%p{`w¼6gKWC%Kf%`
  ",9R.{sV5>7NWzL*zg-I
  #Wkmjn'KEBJ+%U2x2
  $v[s6O-jc~X·äwVr\O<M
  %U(ތ'XE,KP8o`Hm8@e&E
  &{`}V{ӡ$>뿐UrNb.<@
6buR  &   
  !#}-MUs̺(QUU-Tz6҈=om
  "QSJ2l̓a)0OɈ9^}R`
  #Gic,!aPLX͖$jYK۔eH//"]Rq
  $vC;6˒iqV3Wٴ~>u5:
  %s%HT`,Fi3[߼opt[оdm;
  &KD8XIV1qHNM봲59^ȑwVm43TJQ
6b>mA  &   
  !ɐZEeŸ`|Wxn-$7`WU1H<
  "}T)CŐxVrg6{|ɍoʱůä̅:
  #q!ٍ|ouk2vވEQWVd(e9AúJ
  $u:!)LEirϒ`<*cd;\n
  %I럒5i8%C)A^*'*ߔ8-u`s^FV
  &^q!)g!YւBûA<N]*sF
6blD퀷  &   
  !ZU-/1t4q]Z`߻Ɨ_RZ_EcvSrMX
  "~QtO񵥥{n~mQTNF\ZȠ 
  #KFy7Z7g]GR׬+i';:> P0|
  $uv8|~^x֥BH$HØR]g++sڱb
  %<:EՖߡowiS̋,Qi6AcwVKoy
  &bV-j^ƍl{&O`em"'臄[x]aGG'
6bW  &   
  !p<gϔ7+0A{O)~E[X8r(#JF
  "~+_}@J'g?D1V]rU>{VcY/)
  #b\g8#$2A!ϼ<SܾqB/
  $vodT*83e=z]Y=^T^l
  %/Ȋݍ6I>Az>Fl~DNMv`L
  &o!Mha?hR򉑼{r;xC(*
6bܒX  &   
  !]Bw\WElPh7qfԵUtrxkl$[#;
  "}Fd.!"_LH|%u$Z ;4&+
  #LP7)ԭe4gy<1'5윬̃w
  $tp3<8;0YFN*~UfW-#K"
  %I$4ۿ0sVc̷Tk<[wĜx5bS
  &`^U@!5`q⍘MXT)MN
6b^  &   
  !hpD7꘳O#^Od1QꈒD
  "~˹fXǀXn@oFY)q)i>mܥ
  #[A4ו؏/gkٰG$%?ɑ2u<,oݗ*
  $t,@d<n'n#o<lzD'I)=يaiOS:
  %h:/r,2`dDpS\""R\zL4÷3
  &n^诫4?"i6tWܶ@W3nlpI(͖Q
6bC8ؙ  &   
  !!IK7f8lq0$'%R*sԂ
  "}wKJX_־Ա wҙ?Uˆy7
  #u\!w)Bs¼ɕ"(cxi
  $w,qwja1׾}ֿT≚ƍ2@
  %'@Óɚ,% ð@][ϐKu8hDn
  &A8Tz2~-kSHސ!1Ӆ|Kybm
6bqWP  &   
  !_۝9\B(ײC}4[:bd
  "eSE.Ύ45yx\E#MM獯!rظ%4nI
  #¤{?WN.7g`5׻/MO,?;Mc
  $u(6wFVӣvM.證j8tKLF.߀
  %?TQ,iY4'쮥]&^́ȳ1 
  &~X+UӋ6ZHkc81{l.muTBv
6b.ۯa  &   
  !G#-咳c9SMLՃ8ZƮV.ґ
  "}嫹RhnP>̟vƐ1ȍ.>b$6
  #I7jѺ>U'/$#YU2NN,XN+
  $vk6I`mV-G;ۖsb-M_fbM*
  %TGWV0NaI,,.U*j)f<_
  &f8掵0jR?N gf,b@M>ȇ+l
6bۉ=  &   
  !0ܠEj,Ȧ6]ޏ%FJlK=^?
  "7Kf3f @zF;Y쏦_ӆy)0
  #'ak"@")'mQSZqy7{aq
  $vs1 -}-{}+f:
  %H쒱Cn.!TF|]$T-9(.R6
  &BpTp7ߞ^g>7ďCV!םg
6bU  &   
  !YNs"~ΐâ#t~!1QwYtC/
  "~y&pw͌9X'R62t<ז2"(S*e!
  #8ǒD-dδɑ$VB8,OɝC
  $vd"e״@_Q%,etK%،
  %Zv_tBO2 :~!ruX"$(#Y,^G
  &fj+t_OB<ivg.Jh/ׅm_Rc
6bH!I  &   
  !LL`ͭvoo<?nڌ멏!LX{7ܷ
  "|Kn([hrܤsܫTX<G6X4=
  #Lё=:+9,sk=^#}QdOtGv
  $vo^$,F>[OﳷWKᖊe̱BTDt$
  %3 ֐UWSwx*$ƳD1ǚ$QGS
  &NL.M#*~A,_grhL*+
6bvjj  &   
  !WJ?l0tiyf'Kԏt1}@MʈP8
  "~HnkgGfMŚ7**DAcԚ#F
  #RĦ?lL_}uGpJ9Ur*NTDu;bO
  $vtOu,R{+Tǵ2ItT'xKSG
  %doaۮSw4΃ƈ9mV41ڋH
  &Xn&Uŗ0Ar;~fy:%OXVΐܰs}
6bAڦJ  &   
  !~E{*:JC;qzѯpҐBʢ!:x-Qb
  "Nvk5HЧτ􈿭@լ2WgYC
  #غx=2ڎeqP̸/s-jKX9('ej'
  $v폿;08%[H=(&cm*EI*dJu$6.
  %t4\dgph$SGb}`W+%ЙXV0h
  &t;Aш$x({@(u^s-HlJaG)Y
6br  &   
  !LS`[:T<Nާ~)gz#UхUK
  "~pq'{$A|!S&efȬ, )`Y
  #|ُˠs@s5J:2K=T.ڛ
  $vsdWG0^]:X)Ŗ@N!̬ŐNL_3ba
  %ZZ!yִE?9N8g*3Q"'g
  &pLؕI0/\Z'Z9H|9D7QL'
6b>B  &   
  !qA%Zǖ_2ﰥHUtv4mcʲ#҇
  "NK8dtU@`*k*cXAxTxǔym
  #9_ڏ#h+JJ͛'}DyGiV3ڼF<
  $uup-o5Rrv9`ӺYZFϜ&M:
  %e?\Dr?Kgf/܉9l_xsZoh
  &-HeXLb/;i@*uy\6C1
6bM  &   
  !Wٷdʋ}s^6!dg<H-QWH`Ceh
  "}SOВSțB |w뾲씥ڍi[Uu8%:+l
  #X=.wAG:2R#0&k <bFL
  $vtSbt.Pa#-~9$Uʹ>&I5UP
  %ŐxxT&Ouq,W̊yX+f$
  &?wIDP%cSVqw- Ru/ :lgr
6b{}úO  &   
  !Ԡ(\qøNlY _Gdz˅-
  "(ro֎vv1Z\NW־H>YqC,:)
  #l9rNڜT[1(S)\ėy"
  $vxTa_!V"|THX2cBV~%v(
  %]K^!Cf˗}vZ*1[^ѝ?Q@
  &# O/O:͈2q'糗ˊgJS*j9
6bTُz  &   
  !)Bj{ԝ-aƩLo,O]Z;
  "A.^|L^r`'4޸)!fkf^
  #-~7PۙjeO'읱ĎN/!c{1
  $w/_!zdU"/[-:.3OեNQ=
  %G|GvDՃa>ܧЉ4)(jE
  &:&:LI(W17!1pL=F
6b+[;  &   
  !r9}o;qܕvle2%'l8mި
  "~]]1/XNܷ)e_VJ%
  #dTe<6-1%#gvFW좑.'1UŶj(]l
  $vv}͉i`@!bG^̸,$mhҗ<q
  % UJ:؍O#*JMeԈ]{EG[
  &b\`yRZKl58;p뙯DQFrd?Lڿ
6b$4  &   
  !j+?pMoFXT\43rFCz.
  "|)KvWќLfd&<,Va$
  #lVØ.ޢ\`0EV[+/eX",
  $vy`xmI|+>?`k-ߜmt}h330\\
  %bS:p0DU_\Nia/aZ
  &\ghn&jc2zKq,lbٕX!
6bRX  &   
  !2<?Ēb@,KM\$Ng\vgMǚ*
  "}τ*ECKBufgӆ/@uދչʳD
  #SJ7ُ%IĸSmg*$BQ
  $wH;Rԋ?28r&uEdjV.oJ<
  %"]q)WAG6#*jj~Ï7
  &ѽ-pl򤜈q4v[XHw~9AE5lC
6bجs  &   
  !hc~\nQ(y4{Ԍ!/sxr
  "}O-tF@bJ&^x0>VWQR
  #~_HFkH{)?zw[켖oͮ3hTxo.
  $uf:`!0*kEC@!!;:
  %o0`vSLNI믉x3Ȋyo2ZޅZ
  &M鉐ǿY7tjvԋyfQjn5ω
6bg؆Jܙ  &   
  !:g[~ݾFuf&кͭn?y@Sj$
  "~w\җ%3)#7X'r2C atbMg#
  #[=;pBkB.2mlƢ0wnDf&B
  $wEwD_UܐbKtӃ)榺/F}ю*&,o0
  %/U'ՐwfUX^#屼ͦJb-G=dVƾ
  &hdB?'i}ڭ7]p54eys)
6b>Q띙  &   
  !mkYh|{>ֱH<ڶ-q6MLP_l
  "}Nȩe⭉]ypUG8FnB_c:NfCj
  #gb<9'w[ܶ,V#o'*N¾lMRew!
  $v/bW@djXg򴧷㶚zjLz**x
  %hޗ{'NlzaJ/:BφR3
  &&pN5Oa܁]hOn_)Mj
6b)a  &   
  !K"m4J^=RfoUA)<jX
  "~)+ky%Xr)9Z@C^>ݦiʚJdT{
  # TcuwJŊPJ|Fؤt8
  $vǘ`g-'5:ĸ2|理G-Zי
  %۶mLm""uQ۳DPQS/d
  &Z1EBa~͂}2/%[n
6bW׃>  &   
  !/S?JeŖnHBd>KGM(QHbd9
  "9/5D˭b|CtVeqqk<ρ~8y\' 
  #)oX?h!ލG˽^IsUVt %iV
  $t|\Α&Ws=%22'nǒǝxujո0
  %w@B2[i^GB3T/9~X$JX,
  &d6ZI=?'7*вQ~73N;foCd
6bףC  &   
  !Xs_Xļy^֐,Ve7v(=m
  "&N!5}zWWD]VcȦկ׋㛏j|x@+
  #@D{0i>gV5ij$7ķ
  $ug+7wД]$^OjajD"\HD
  %U2#x@Nƥٜb}WmJ(V/+
  &PBM%%Qc8`Bz*rӔȶ=R?Ӥ
6bzn䦙  &   
  !|+s˶'ק!+Y8V.R#D
  "~~pC6C3E}ZDųTߊC2GtSv$#
  #x.η'/ujP%*ef\]͂+\7{⡝
  $t!/p]p:&*h|ebz-0bY٩*W
  %+udNvĢԋ{6ZJfm(
  &9hgvq2eU[vܴJjiA0&􋧁
6bQ:g  &   
  !~z9COi2H>}TbpxF3{|
  "~e$+}vQCH/f%j辒*w+
  #@{v8`t /MN~@U/R(RYg
  $t˄"hnA"77SAh&э0r6P+</e?
  %InƑٖ r2WX F14 TƑ.H;Man
  &b"9$nM#̾,zp^I﯑)ؒ
6b/(|G  &   
  !̯ދ)}/#i9>oҍ2Cm^2OoC
  "~\/ӈ(}[X`#Opӣᾖˊ,靃'
  #۹ql%I8wB2Dr`Y1vQwEY
  $w&AvVߍNT/.mY-/!}aQe
  %+%QNX05d<#e,~0-cZpVslgK
  &FpsKM-v.-Ju?F `$ƌDڜe;iI
6b\<  &   
  !Jsmp#lAҤ:n(GՆvՑԌgַGa
  "}LPf0hzxTq#iP;~֭WI}
  #^+M.U4Q@g|xo$}B0D6^;J
  $u^{S...|2Ɖ0瘥vUYim5
  %d0YhxKZ $U쩔Ƹ5's{e
  &R^;!0vکvFZ[ܭLs/0`aWAU'
6b֋ݬ  &   
  !-rn|1fl^49a~+ЋiPUc?mf吘3
  "~850!orJZŷF%uM[ݰ"|`
  #]Bɐ!sFlmjqϨ!<YC[nf
  $wm]K?YRS$37[D%g':/!LV
  %.8/K33{:jmHkF
  &98'--vZ$0Ӿ2LS\/?ARWozI^
6be  &   
  !.<t>Dj;N 𢢣(J(pO
  "|Jr7Wre?ǫjAFh=G u
  #ã)eƹ\,3r,@ϓ=yHLVmw
  $v'l!ϸ?bT7#w:iPB&u'ȏ
  %ݸeoS)MXq>+j6($sx
  &ෞYjy"εms<rbGD-؜=9E}LZz9
6bd1uL  &   
  !;鴐":I#Ϲ~};ˉɁ@X2$
  "~ϊ^5sO_L6P!;Ƹ8
  #22Ċү|v(5``h)Bd]5RZb
  $x}C0#+X犖$k*rt,Hw?84
  %q=%Q@μb+o,EԵē(T^>
  &Jv*O9)l(øuNd,/8Ẃ5ea
6b4;5  &   
  !P2)iB@4vcMʻSH/-E{N
  "~=ΗϏ&FӳBgg8)5F#
  #`8튣PC_̍{a㻟+ReR|Ǟ:[bIL
  $xI{V.{4ġڡfñj
  %,;Od0aJPoqp( c+@Rq~D
  &wÔ,~,6Bc[jХi!o2 ?{
6baըֵ  &   
  !<~,ϱ9k7WznCmU_
  "~^Yre:$Gwdb-jmqi٘hKu4
  #$6OrjyZqL.X6UԑO?_L,T{
  $xvyge'k$+o L}ΓԔ$=5e]ue
  %+IV/cȅ:A?&μPU9*]
  &rSpΕH暪~ym2Y!!#Z22[YK
6bՂ  &   
  !+|PZ)M^gJ"]ӏ(LTv$
  "u8D"2'E̖"QjGOWr]y=
  #iuqvt>^hζHHo+Y`kC֒
  $uy~a#4zwg*bk.r0[{,
  %DKU\WA(-^^H;޽J"BŇ/~
  &X>Ñ٫~󯭤~4銙SdrZA!C
6bNnU  &   
  !:*E>'L8l:ֶX\{aM3)
  "~dn;vُN͡**IokJN=m 
  #K&Ee弝cdĸI}Cx|k1
  $uƿ2RKXfxw>zL&[d};
  %;ʁn̍u:w*59lnԎPދ9lvaR3O
  &P1dZK_m@E6>[MZ$dجܪC]+p
6bw.  &   
  !5⩑|?I@dӧ4;
  "~$lLumzGRo6iĒFMus |Fѻ2
  #0cm{:\?6%ŷ]-z)!C.z6ft}A'
  $tAizTYq:/$&&l"sԼc#AG:|i<
  %sXAt'оFZ]0c=^tU&f
  &`Lim%op魋O+CksLNLv{$8
